

*******************************************************************************
Tue Jun 27 21:41:42 2017


FIT:    data read from 'CrescenteP30.dat' using 1:2
        format = x:z
        #datapoints = 11
        residuals are weighted equally (unit weight)

function used for fitting: t(x)
fitted parameters initialized with current variable values



 Iteration 0
 WSSR        : 1.19177e+12       delta(WSSR)/WSSR   : 0
 delta(WSSR) : 0                 limit for stopping : 1e-05
 lambda	  : 4033.46

initial set of free parameter values

a               = 1
b               = 1

After 6 iterations the fit converged.
final sum of squares of residuals : 3.04262e+08
rel. change during last iteration : -1.14904e-06

degrees of freedom    (FIT_NDF)                        : 9
rms of residuals      (FIT_STDFIT) = sqrt(WSSR/ndf)    : 5814.36
variance of residuals (reduced chisquare) = WSSR/ndf   : 3.38068e+07

Final set of parameters            Asymptotic Standard Error
=======================            ==========================

a               = 58.7423          +/- 0.3603       (0.6134%)
b               = -496.383         +/- 2055         (414.1%)


correlation matrix of the fit parameters:

               a      b      
a               1.000 
b              -0.522  1.000 


*******************************************************************************
Wed Jun 28 00:38:15 2017


FIT:    data read from 'CrescenteP30.dat' using 1:2
        format = x:z
        #datapoints = 11
        residuals are weighted equally (unit weight)

function used for fitting: t(x)
	t(x) = a*x*log(x) + b
fitted parameters initialized with current variable values

iter      chisq       delta/lim  lambda   a             b            
   0 8.6776526330e+11   0.00e+00  3.83e+04    1.000000e+00   1.000000e+00
   8 3.1790527123e+09  -1.27e-07  3.83e-04    6.074848e+00   1.135315e+04

After 8 iterations the fit converged.
final sum of squares of residuals : 3.17905e+09
rel. change during last iteration : -1.26924e-12

degrees of freedom    (FIT_NDF)                        : 9
rms of residuals      (FIT_STDFIT) = sqrt(WSSR/ndf)    : 18794.4
variance of residuals (reduced chisquare) = WSSR/ndf   : 3.53228e+08

Final set of parameters            Asymptotic Standard Error
=======================            ==========================
a               = 6.07485          +/- 0.1206       (1.986%)
b               = 11353.1          +/- 6527         (57.49%)

correlation matrix of the fit parameters:
                a      b      
a               1.000 
b              -0.496  1.000 


*******************************************************************************
Wed Jun 28 21:41:14 2017


FIT:    data read from 'CrescenteP30.dat' using 1:2
        format = x:z
        #datapoints = 11
        residuals are weighted equally (unit weight)

function used for fitting: t(x)
fitted parameters initialized with current variable values



 Iteration 0
 WSSR        : 8.67765e+11       delta(WSSR)/WSSR   : 0
 delta(WSSR) : 0                 limit for stopping : 1e-05
 lambda	  : 38254.5

initial set of free parameter values

a               = 1
b               = 1

After 8 iterations the fit converged.
final sum of squares of residuals : 3.17905e+09
rel. change during last iteration : -1.26924e-12

degrees of freedom    (FIT_NDF)                        : 9
rms of residuals      (FIT_STDFIT) = sqrt(WSSR/ndf)    : 18794.4
variance of residuals (reduced chisquare) = WSSR/ndf   : 3.53228e+08

Final set of parameters            Asymptotic Standard Error
=======================            ==========================

a               = 6.07485          +/- 0.1206       (1.986%)
b               = 11353.1          +/- 6527         (57.49%)


correlation matrix of the fit parameters:

               a      b      
a               1.000 
b              -0.496  1.000 
