

*******************************************************************************
Wed Jun 28 01:06:18 2017


FIT:    data read from 'vIntAleatorio.dat' using 1:2
        format = x:z
        #datapoints = 11
        residuals are weighted equally (unit weight)

function used for fitting: t(x)
	t(x) = a*x*log(x) + b
fitted parameters initialized with current variable values

iter      chisq       delta/lim  lambda   a             b            
   0 1.5438895597e+12   0.00e+00  3.83e+04    1.000000e+00   1.000000e+00
   3 2.0342838410e+08  -7.72e-01  3.83e+01    7.924461e+00   1.058171e+00

After 3 iterations the fit converged.
final sum of squares of residuals : 2.03428e+08
rel. change during last iteration : -7.7225e-06

degrees of freedom    (FIT_NDF)                        : 9
rms of residuals      (FIT_STDFIT) = sqrt(WSSR/ndf)    : 4754.28
variance of residuals (reduced chisquare) = WSSR/ndf   : 2.26032e+07

Final set of parameters            Asymptotic Standard Error
=======================            ==========================
a               = 7.92446          +/- 0.03052      (0.3851%)
b               = 1.05817          +/- 1651         (1.56e+05%)

correlation matrix of the fit parameters:
                a      b      
a               1.000 
b              -0.496  1.000 
