

*******************************************************************************
Tue Jun 27 21:15:50 2017


FIT:    data read from 'vIntDecrescenteP30.dat' using 1:2
        format = x:z
        #datapoints = 11
        residuals are weighted equally (unit weight)

function used for fitting: t(x)
fitted parameters initialized with current variable values



 Iteration 0
 WSSR        : 4.39886e+16       delta(WSSR)/WSSR   : 0
 delta(WSSR) : 0                 limit for stopping : 1e-05
 lambda	  : 4.82611e+07

initial set of free parameter values

a               = 1
b               = 1
c               = 1

After 11 iterations the fit converged.
final sum of squares of residuals : 1.39915e+09
rel. change during last iteration : -2.3444e-11

degrees of freedom    (FIT_NDF)                        : 8
rms of residuals      (FIT_STDFIT) = sqrt(WSSR/ndf)    : 13224.7
variance of residuals (reduced chisquare) = WSSR/ndf   : 1.74893e+08

Final set of parameters            Asymptotic Standard Error
=======================            ==========================

a               = 0.241288         +/- 0.0001875    (0.07772%)
b               = 35.1387          +/- 2.968        (8.446%)
c               = -7058.62         +/- 5251         (74.39%)


correlation matrix of the fit parameters:

               a      b      c      
a               1.000 
b              -0.961  1.000 
c               0.455 -0.566  1.000 


*******************************************************************************
Tue Jun 27 21:20:28 2017


FIT:    data read from 'vIntDecrescenteP30.dat' using 1:2
        format = x:z
        #datapoints = 11
        residuals are weighted equally (unit weight)

function used for fitting: t(x)
fitted parameters initialized with current variable values



 Iteration 0
 WSSR        : 4.39886e+16       delta(WSSR)/WSSR   : 0
 delta(WSSR) : 0                 limit for stopping : 1e-05
 lambda	  : 4.82611e+07

initial set of free parameter values

a               = 1
b               = 1
c               = 1

After 11 iterations the fit converged.
final sum of squares of residuals : 1.39915e+09
rel. change during last iteration : -2.3444e-11

degrees of freedom    (FIT_NDF)                        : 8
rms of residuals      (FIT_STDFIT) = sqrt(WSSR/ndf)    : 13224.7
variance of residuals (reduced chisquare) = WSSR/ndf   : 1.74893e+08

Final set of parameters            Asymptotic Standard Error
=======================            ==========================

a               = 0.241288         +/- 0.0001875    (0.07772%)
b               = 35.1387          +/- 2.968        (8.446%)
c               = -7058.62         +/- 5251         (74.39%)


correlation matrix of the fit parameters:

               a      b      c      
a               1.000 
b              -0.961  1.000 
c               0.455 -0.566  1.000 


*******************************************************************************
Wed Jun 28 21:37:06 2017


FIT:    data read from 'vIntDecrescenteP30.dat' using 1:2
        format = x:z
        #datapoints = 11
        residuals are weighted equally (unit weight)

function used for fitting: t(x)
fitted parameters initialized with current variable values



 Iteration 0
 WSSR        : 4.39886e+16       delta(WSSR)/WSSR   : 0
 delta(WSSR) : 0                 limit for stopping : 1e-05
 lambda	  : 4.82611e+07

initial set of free parameter values

a               = 1
b               = 1
c               = 1

After 11 iterations the fit converged.
final sum of squares of residuals : 1.39915e+09
rel. change during last iteration : -2.3444e-11

degrees of freedom    (FIT_NDF)                        : 8
rms of residuals      (FIT_STDFIT) = sqrt(WSSR/ndf)    : 13224.7
variance of residuals (reduced chisquare) = WSSR/ndf   : 1.74893e+08

Final set of parameters            Asymptotic Standard Error
=======================            ==========================

a               = 0.241288         +/- 0.0001875    (0.07772%)
b               = 35.1387          +/- 2.968        (8.446%)
c               = -7058.62         +/- 5251         (74.39%)


correlation matrix of the fit parameters:

               a      b      c      
a               1.000 
b              -0.961  1.000 
c               0.455 -0.566  1.000 


*******************************************************************************
Wed Jun 28 21:37:14 2017


FIT:    data read from 'vIntDecrescenteP30.dat' using 1:2
        format = x:z
        #datapoints = 11
        residuals are weighted equally (unit weight)

function used for fitting: t(x)
fitted parameters initialized with current variable values



 Iteration 0
 WSSR        : 4.39886e+16       delta(WSSR)/WSSR   : 0
 delta(WSSR) : 0                 limit for stopping : 1e-05
 lambda	  : 4.82611e+07

initial set of free parameter values

a               = 1
b               = 1
c               = 1

After 11 iterations the fit converged.
final sum of squares of residuals : 1.39915e+09
rel. change during last iteration : -2.3444e-11

degrees of freedom    (FIT_NDF)                        : 8
rms of residuals      (FIT_STDFIT) = sqrt(WSSR/ndf)    : 13224.7
variance of residuals (reduced chisquare) = WSSR/ndf   : 1.74893e+08

Final set of parameters            Asymptotic Standard Error
=======================            ==========================

a               = 0.241288         +/- 0.0001875    (0.07772%)
b               = 35.1387          +/- 2.968        (8.446%)
c               = -7058.62         +/- 5251         (74.39%)


correlation matrix of the fit parameters:

               a      b      c      
a               1.000 
b              -0.961  1.000 
c               0.455 -0.566  1.000 


*******************************************************************************
Wed Jun 28 21:57:24 2017


FIT:    data read from 'vIntDecrescenteP30.dat' using 1:2
        format = x:z
        #datapoints = 11
        residuals are weighted equally (unit weight)

function used for fitting: t(x)
fitted parameters initialized with current variable values



 Iteration 0
 WSSR        : 4.39886e+16       delta(WSSR)/WSSR   : 0
 delta(WSSR) : 0                 limit for stopping : 1e-05
 lambda	  : 4.82611e+07

initial set of free parameter values

a               = 1
b               = 1
c               = 1

After 11 iterations the fit converged.
final sum of squares of residuals : 1.39915e+09
rel. change during last iteration : -2.3444e-11

degrees of freedom    (FIT_NDF)                        : 8
rms of residuals      (FIT_STDFIT) = sqrt(WSSR/ndf)    : 13224.7
variance of residuals (reduced chisquare) = WSSR/ndf   : 1.74893e+08

Final set of parameters            Asymptotic Standard Error
=======================            ==========================

a               = 0.241288         +/- 0.0001875    (0.07772%)
b               = 35.1387          +/- 2.968        (8.446%)
c               = -7058.62         +/- 5251         (74.39%)


correlation matrix of the fit parameters:

               a      b      c      
a               1.000 
b              -0.961  1.000 
c               0.455 -0.566  1.000 
