

*******************************************************************************
Wed Jun 28 01:12:05 2017


FIT:    data read from 'vIntDecrescenteP30.dat' using 1:2
        format = x:z
        #datapoints = 11
        residuals are weighted equally (unit weight)

function used for fitting: t(x)
	t(x) = a*x*log(x) + b
fitted parameters initialized with current variable values

iter      chisq       delta/lim  lambda   a             b            
   0 5.4524194101e+09   0.00e+00  3.83e+04    1.000000e+00   1.000000e+00
   8 1.0013898465e+07  -7.41e-07  3.83e-04    1.396294e+00   1.540170e+03

After 8 iterations the fit converged.
final sum of squares of residuals : 1.00139e+07
rel. change during last iteration : -7.41178e-12

degrees of freedom    (FIT_NDF)                        : 9
rms of residuals      (FIT_STDFIT) = sqrt(WSSR/ndf)    : 1054.82
variance of residuals (reduced chisquare) = WSSR/ndf   : 1.11266e+06

Final set of parameters            Asymptotic Standard Error
=======================            ==========================
a               = 1.39629          +/- 0.006771     (0.4849%)
b               = 1540.17          +/- 366.3        (23.78%)

correlation matrix of the fit parameters:
                a      b      
a               1.000 
b              -0.496  1.000 
