

*******************************************************************************
Wed Jun 28 01:12:13 2017


FIT:    data read from 'vIntDecrescenteP50.dat' using 1:2
        format = x:z
        #datapoints = 11
        residuals are weighted equally (unit weight)

function used for fitting: t(x)
	t(x) = a*x*log(x) + b
fitted parameters initialized with current variable values

iter      chisq       delta/lim  lambda   a             b            
   0 9.3750900859e+09   0.00e+00  3.83e+04    1.000000e+00   1.000000e+00
   8 7.3963397960e+07  -1.41e-07  3.83e-04    1.519924e+00   1.829581e+03

After 8 iterations the fit converged.
final sum of squares of residuals : 7.39634e+07
rel. change during last iteration : -1.4143e-12

degrees of freedom    (FIT_NDF)                        : 9
rms of residuals      (FIT_STDFIT) = sqrt(WSSR/ndf)    : 2866.73
variance of residuals (reduced chisquare) = WSSR/ndf   : 8.21816e+06

Final set of parameters            Asymptotic Standard Error
=======================            ==========================
a               = 1.51992          +/- 0.0184       (1.211%)
b               = 1829.58          +/- 995.5        (54.41%)

correlation matrix of the fit parameters:
                a      b      
a               1.000 
b              -0.496  1.000 
