

*******************************************************************************
Wed Aug  2 06:13:02 2017


FIT:    data read from 'Dados.dat' using 1:2
        format = x:z
        #datapoints = 11
        residuals are weighted equally (unit weight)

function used for fitting: t(x)
	t(x) = a*x + b
fitted parameters initialized with current variable values

iter      chisq       delta/lim  lambda   a             b            
   0 1.8579814537e+10   0.00e+00  4.03e+03    1.000000e+00   1.000000e+00
   7 7.0554129520e+08  -3.37e-07  4.03e-04    7.418137e+00   6.382653e+03

After 7 iterations the fit converged.
final sum of squares of residuals : 7.05541e+08
rel. change during last iteration : -3.36943e-12

degrees of freedom    (FIT_NDF)                        : 9
rms of residuals      (FIT_STDFIT) = sqrt(WSSR/ndf)    : 8854.01
variance of residuals (reduced chisquare) = WSSR/ndf   : 7.83935e+07

Final set of parameters            Asymptotic Standard Error
=======================            ==========================
a               = 7.41814          +/- 0.5487       (7.397%)
b               = 6382.65          +/- 3130         (49.04%)

correlation matrix of the fit parameters:
                a      b      
a               1.000 
b              -0.522  1.000 
