

*******************************************************************************
Wed Aug  2 05:57:03 2017


FIT:    data read from 'Dados.dat' using 1:2
        format = x:z
        #datapoints = 12
        residuals are weighted equally (unit weight)

function used for fitting: t(x)
	t(x) = a*x**2 + b*x + c
fitted parameters initialized with current variable values

iter      chisq       delta/lim  lambda   a             b             c            
   0 1.2298493783e+18   0.00e+00  1.85e+08    1.000000e+00   1.000000e+00   1.000000e+00
  12 2.5560905564e+05  -3.39e-09  1.85e-04    1.856334e-06   9.881336e-02   5.143431e+02

After 12 iterations the fit converged.
final sum of squares of residuals : 255609
rel. change during last iteration : -3.39305e-14

degrees of freedom    (FIT_NDF)                        : 9
rms of residuals      (FIT_STDFIT) = sqrt(WSSR/ndf)    : 168.526
variance of residuals (reduced chisquare) = WSSR/ndf   : 28401

Final set of parameters            Asymptotic Standard Error
=======================            ==========================
a               = 1.85633e-06      +/- 5.891e-07    (31.73%)
b               = 0.0988134        +/- 0.0185       (18.72%)
c               = 514.343          +/- 62.21        (12.1%)

correlation matrix of the fit parameters:
                a      b      c      
a               1.000 
b              -0.961  1.000 
c               0.430 -0.538  1.000 
