

*******************************************************************************
Wed Aug  2 06:24:09 2017


FIT:    data read from 'Dados.dat' using 1:2
        format = x:z
        #datapoints = 11
        residuals are weighted equally (unit weight)

function used for fitting: t(x)
	t(x) = a*x + b
fitted parameters initialized with current variable values

iter      chisq       delta/lim  lambda   a             b            
   0 5.2876679321e+10   0.00e+00  4.03e+03    1.000000e+00   1.000000e+00
   7 2.3889017573e+08  -1.64e-07  4.03e-04    1.335793e+01  -2.588263e+03

After 7 iterations the fit converged.
final sum of squares of residuals : 2.3889e+08
rel. change during last iteration : -1.63826e-12

degrees of freedom    (FIT_NDF)                        : 9
rms of residuals      (FIT_STDFIT) = sqrt(WSSR/ndf)    : 5152.02
variance of residuals (reduced chisquare) = WSSR/ndf   : 2.65434e+07

Final set of parameters            Asymptotic Standard Error
=======================            ==========================
a               = 13.3579          +/- 0.3193       (2.39%)
b               = -2588.26         +/- 1821         (70.36%)

correlation matrix of the fit parameters:
                a      b      
a               1.000 
b              -0.522  1.000 


*******************************************************************************
Wed Aug  2 12:24:46 2017


FIT:    data read from 'Dados.dat' using 1:2
        format = x:z
        #datapoints = 11
        residuals are weighted equally (unit weight)

function used for fitting: t(x)
	t(x) = a*x + b
fitted parameters initialized with current variable values

iter      chisq       delta/lim  lambda   a             b            
   0 5.2876679321e+10   0.00e+00  4.03e+03    1.000000e+00   1.000000e+00
   7 2.3889017573e+08  -1.64e-07  4.03e-04    1.335793e+01  -2.588263e+03

After 7 iterations the fit converged.
final sum of squares of residuals : 2.3889e+08
rel. change during last iteration : -1.63826e-12

degrees of freedom    (FIT_NDF)                        : 9
rms of residuals      (FIT_STDFIT) = sqrt(WSSR/ndf)    : 5152.02
variance of residuals (reduced chisquare) = WSSR/ndf   : 2.65434e+07

Final set of parameters            Asymptotic Standard Error
=======================            ==========================
a               = 13.3579          +/- 0.3193       (2.39%)
b               = -2588.26         +/- 1821         (70.36%)

correlation matrix of the fit parameters:
                a      b      
a               1.000 
b              -0.522  1.000 
