

*******************************************************************************
Tue Jun 27 20:41:33 2017


FIT:    data read from 'vIntDecrescenteP10.dat' using 1:2
        format = x:z
        #datapoints = 11
        residuals are weighted equally (unit weight)

function used for fitting: t(x)
fitted parameters initialized with current variable values



 Iteration 0
 WSSR        : 2.73241e+16       delta(WSSR)/WSSR   : 0
 delta(WSSR) : 0                 limit for stopping : 1e-05
 lambda	  : 4.82611e+07

initial set of free parameter values

a               = 1
b               = 1
c               = 1

After 10 iterations the fit converged.
final sum of squares of residuals : 5.30119e+09
rel. change during last iteration : -6.19352e-06

degrees of freedom    (FIT_NDF)                        : 8
rms of residuals      (FIT_STDFIT) = sqrt(WSSR/ndf)    : 25742
variance of residuals (reduced chisquare) = WSSR/ndf   : 6.62649e+08

Final set of parameters            Asymptotic Standard Error
=======================            ==========================

a               = 0.402336         +/- 0.000365     (0.09072%)
b               = 22.6375          +/- 5.777        (25.52%)
c               = 2592.71          +/- 1.022e+04    (394.2%)


correlation matrix of the fit parameters:

               a      b      c      
a               1.000 
b              -0.961  1.000 
c               0.455 -0.566  1.000 


*******************************************************************************
Tue Jun 27 21:15:33 2017


FIT:    data read from 'vIntDecrescenteP10.dat' using 1:2
        format = x:z
        #datapoints = 11
        residuals are weighted equally (unit weight)

function used for fitting: t(x)
fitted parameters initialized with current variable values



 Iteration 0
 WSSR        : 2.73241e+16       delta(WSSR)/WSSR   : 0
 delta(WSSR) : 0                 limit for stopping : 1e-05
 lambda	  : 4.82611e+07

initial set of free parameter values

a               = 1
b               = 1
c               = 1

After 10 iterations the fit converged.
final sum of squares of residuals : 5.30119e+09
rel. change during last iteration : -6.19352e-06

degrees of freedom    (FIT_NDF)                        : 8
rms of residuals      (FIT_STDFIT) = sqrt(WSSR/ndf)    : 25742
variance of residuals (reduced chisquare) = WSSR/ndf   : 6.62649e+08

Final set of parameters            Asymptotic Standard Error
=======================            ==========================

a               = 0.402336         +/- 0.000365     (0.09072%)
b               = 22.6375          +/- 5.777        (25.52%)
c               = 2592.71          +/- 1.022e+04    (394.2%)


correlation matrix of the fit parameters:

               a      b      c      
a               1.000 
b              -0.961  1.000 
c               0.455 -0.566  1.000 


*******************************************************************************
Tue Jun 27 21:20:03 2017


FIT:    data read from 'vIntDecrescenteP10.dat' using 1:2
        format = x:z
        #datapoints = 11
        residuals are weighted equally (unit weight)

function used for fitting: t(x)
fitted parameters initialized with current variable values



 Iteration 0
 WSSR        : 2.73241e+16       delta(WSSR)/WSSR   : 0
 delta(WSSR) : 0                 limit for stopping : 1e-05
 lambda	  : 4.82611e+07

initial set of free parameter values

a               = 1
b               = 1
c               = 1

After 10 iterations the fit converged.
final sum of squares of residuals : 5.30119e+09
rel. change during last iteration : -6.19352e-06

degrees of freedom    (FIT_NDF)                        : 8
rms of residuals      (FIT_STDFIT) = sqrt(WSSR/ndf)    : 25742
variance of residuals (reduced chisquare) = WSSR/ndf   : 6.62649e+08

Final set of parameters            Asymptotic Standard Error
=======================            ==========================

a               = 0.402336         +/- 0.000365     (0.09072%)
b               = 22.6375          +/- 5.777        (25.52%)
c               = 2592.71          +/- 1.022e+04    (394.2%)


correlation matrix of the fit parameters:

               a      b      c      
a               1.000 
b              -0.961  1.000 
c               0.455 -0.566  1.000 
