

*******************************************************************************
Tue Jun 27 22:15:36 2017


FIT:    data read from 'vIntDecrescenteP20.dat' using 1:2
        format = x:z
        #datapoints = 11
        residuals are weighted equally (unit weight)

function used for fitting: t(x)
fitted parameters initialized with current variable values



 Iteration 0
 WSSR        : 7.63852e+16       delta(WSSR)/WSSR   : 0
 delta(WSSR) : 0                 limit for stopping : 1e-05
 lambda	  : 4.82611e+07

initial set of free parameter values

a               = 1
b               = 1
c               = 1

After 11 iterations the fit converged.
final sum of squares of residuals : 1.95884e+07
rel. change during last iteration : -2.66885e-11

degrees of freedom    (FIT_NDF)                        : 8
rms of residuals      (FIT_STDFIT) = sqrt(WSSR/ndf)    : 1564.78
variance of residuals (reduced chisquare) = WSSR/ndf   : 2.44855e+06

Final set of parameters            Asymptotic Standard Error
=======================            ==========================

a               = 0.000649849      +/- 2.219e-05    (3.414%)
b               = 38.5814          +/- 0.3511       (0.9101%)
c               = -889.974         +/- 621.3        (69.81%)


correlation matrix of the fit parameters:

               a      b      c      
a               1.000 
b              -0.961  1.000 
c               0.455 -0.566  1.000 


*******************************************************************************
Tue Jun 27 22:15:40 2017


FIT:    data read from 'vIntDecrescenteP20.dat' using 1:2
        format = x:z
        #datapoints = 11
        residuals are weighted equally (unit weight)

function used for fitting: t(x)
fitted parameters initialized with current variable values



 Iteration 0
 WSSR        : 7.63852e+16       delta(WSSR)/WSSR   : 0
 delta(WSSR) : 0                 limit for stopping : 1e-05
 lambda	  : 4.82611e+07

initial set of free parameter values

a               = 1
b               = 1
c               = 1

After 11 iterations the fit converged.
final sum of squares of residuals : 1.95884e+07
rel. change during last iteration : -2.66885e-11

degrees of freedom    (FIT_NDF)                        : 8
rms of residuals      (FIT_STDFIT) = sqrt(WSSR/ndf)    : 1564.78
variance of residuals (reduced chisquare) = WSSR/ndf   : 2.44855e+06

Final set of parameters            Asymptotic Standard Error
=======================            ==========================

a               = 0.000649849      +/- 2.219e-05    (3.414%)
b               = 38.5814          +/- 0.3511       (0.9101%)
c               = -889.974         +/- 621.3        (69.81%)


correlation matrix of the fit parameters:

               a      b      c      
a               1.000 
b              -0.961  1.000 
c               0.455 -0.566  1.000 


*******************************************************************************
Tue Jun 27 22:20:48 2017


FIT:    data read from 'vIntDecrescenteP20.dat' using 1:2
        format = x:z
        #datapoints = 11
        residuals are weighted equally (unit weight)

function used for fitting: t(x)
fitted parameters initialized with current variable values



 Iteration 0
 WSSR        : 7.63852e+16       delta(WSSR)/WSSR   : 0
 delta(WSSR) : 0                 limit for stopping : 1e-05
 lambda	  : 4.82611e+07

initial set of free parameter values

a               = 1
b               = 1
c               = 1

After 11 iterations the fit converged.
final sum of squares of residuals : 1.95884e+07
rel. change during last iteration : -2.66885e-11

degrees of freedom    (FIT_NDF)                        : 8
rms of residuals      (FIT_STDFIT) = sqrt(WSSR/ndf)    : 1564.78
variance of residuals (reduced chisquare) = WSSR/ndf   : 2.44855e+06

Final set of parameters            Asymptotic Standard Error
=======================            ==========================

a               = 0.000649849      +/- 2.219e-05    (3.414%)
b               = 38.5814          +/- 0.3511       (0.9101%)
c               = -889.974         +/- 621.3        (69.81%)


correlation matrix of the fit parameters:

               a      b      c      
a               1.000 
b              -0.961  1.000 
c               0.455 -0.566  1.000 


*******************************************************************************
Wed Jun 28 03:30:38 2017


FIT:    data read from 'vIntDecrescenteP20.dat' using 1:2
        format = x:z
        #datapoints = 11
        residuals are weighted equally (unit weight)

function used for fitting: t(x)
	t(x) = a*x + b
fitted parameters initialized with current variable values

iter      chisq       delta/lim  lambda   a             b            
   0 1.8292505613e+12   0.00e+00  4.03e+03    1.000000e+00   1.000000e+00
   7 4.0018671908e+10  -1.21e-07  4.03e-04    7.420572e+01  -2.876924e+04

After 7 iterations the fit converged.
final sum of squares of residuals : 4.00187e+10
rel. change during last iteration : -1.20698e-12

degrees of freedom    (FIT_NDF)                        : 9
rms of residuals      (FIT_STDFIT) = sqrt(WSSR/ndf)    : 66682.2
variance of residuals (reduced chisquare) = WSSR/ndf   : 4.44652e+09

Final set of parameters            Asymptotic Standard Error
=======================            ==========================
a               = 74.2057          +/- 4.132        (5.569%)
b               = -28769.2         +/- 2.357e+04    (81.93%)

correlation matrix of the fit parameters:
                a      b      
a               1.000 
b              -0.522  1.000 
