

*******************************************************************************
Wed Aug  2 06:06:35 2017


FIT:    data read from 'Dados.dat' using 1:2
        format = x:z
        #datapoints = 11
        residuals are weighted equally (unit weight)

function used for fitting: t(x)
	t(x) = a*x + b
fitted parameters initialized with current variable values

iter      chisq       delta/lim  lambda   a             b            
   0 1.0684698700e+08   0.00e+00  4.03e+03    1.000000e+00   1.000000e+00
   7 3.7270326465e+07  -8.33e-08  4.03e-04    5.060592e-01   7.303227e+02

After 7 iterations the fit converged.
final sum of squares of residuals : 3.72703e+07
rel. change during last iteration : -8.3321e-13

degrees of freedom    (FIT_NDF)                        : 9
rms of residuals      (FIT_STDFIT) = sqrt(WSSR/ndf)    : 2034.98
variance of residuals (reduced chisquare) = WSSR/ndf   : 4.14115e+06

Final set of parameters            Asymptotic Standard Error
=======================            ==========================
a               = 0.506059         +/- 0.1261       (24.92%)
b               = 730.323          +/- 719.3        (98.5%)

correlation matrix of the fit parameters:
                a      b      
a               1.000 
b              -0.522  1.000 


*******************************************************************************
Wed Aug  2 06:06:53 2017


FIT:    data read from 'Dados.dat' using 1:2
        format = x:z
        #datapoints = 11
        residuals are weighted equally (unit weight)

function used for fitting: t(x)
	t(x) = a*x + b
fitted parameters initialized with current variable values

iter      chisq       delta/lim  lambda   a             b            
   0 2.6577835000e+08   0.00e+00  4.03e+03    1.000000e+00   1.000000e+00
   7 8.7713123641e+05  -2.15e-06  4.03e-04    9.192607e-02   5.689307e+02

After 7 iterations the fit converged.
final sum of squares of residuals : 877131
rel. change during last iteration : -2.14658e-11

degrees of freedom    (FIT_NDF)                        : 9
rms of residuals      (FIT_STDFIT) = sqrt(WSSR/ndf)    : 312.184
variance of residuals (reduced chisquare) = WSSR/ndf   : 97459

Final set of parameters            Asymptotic Standard Error
=======================            ==========================
a               = 0.0919261        +/- 0.01935      (21.05%)
b               = 568.931          +/- 110.4        (19.4%)

correlation matrix of the fit parameters:
                a      b      
a               1.000 
b              -0.522  1.000 


*******************************************************************************
Wed Aug  2 06:07:52 2017


FIT:    data read from 'Dados.dat' using 1:2
        format = x:z
        #datapoints = 11
        residuals are weighted equally (unit weight)

function used for fitting: t(x)
	t(x) = a*x + b
fitted parameters initialized with current variable values

iter      chisq       delta/lim  lambda   a             b            
   0 2.6626970700e+08   0.00e+00  4.03e+03    1.000000e+00   1.000000e+00
   7 5.9296126817e+05  -4.15e-06  4.03e-04    8.451772e-02   6.501705e+02

After 7 iterations the fit converged.
final sum of squares of residuals : 592961
rel. change during last iteration : -4.14876e-11

degrees of freedom    (FIT_NDF)                        : 9
rms of residuals      (FIT_STDFIT) = sqrt(WSSR/ndf)    : 256.68
variance of residuals (reduced chisquare) = WSSR/ndf   : 65884.6

Final set of parameters            Asymptotic Standard Error
=======================            ==========================
a               = 0.0845177        +/- 0.01591      (18.82%)
b               = 650.171          +/- 90.73        (13.96%)

correlation matrix of the fit parameters:
                a      b      
a               1.000 
b              -0.522  1.000 


*******************************************************************************
Wed Aug  2 06:08:28 2017


FIT:    data read from 'Dados.dat' using 1:2
        format = x:z
        #datapoints = 11
        residuals are weighted equally (unit weight)

function used for fitting: t(x)
	t(x) = a*x + b
fitted parameters initialized with current variable values

iter      chisq       delta/lim  lambda   a             b            
   0 3.0585066500e+08   0.00e+00  4.03e+03    1.000000e+00   1.000000e+00
   7 1.0641949146e+05  -9.77e-06  4.03e-04    3.928745e-02   4.230234e+02

After 7 iterations the fit converged.
final sum of squares of residuals : 106419
rel. change during last iteration : -9.7696e-11

degrees of freedom    (FIT_NDF)                        : 9
rms of residuals      (FIT_STDFIT) = sqrt(WSSR/ndf)    : 108.74
variance of residuals (reduced chisquare) = WSSR/ndf   : 11824.4

Final set of parameters            Asymptotic Standard Error
=======================            ==========================
a               = 0.0392874        +/- 0.006739     (17.15%)
b               = 423.023          +/- 38.44        (9.087%)

correlation matrix of the fit parameters:
                a      b      
a               1.000 
b              -0.522  1.000 


*******************************************************************************
Wed Aug  2 06:08:53 2017


FIT:    data read from 'Dados.dat' using 1:2
        format = x:z
        #datapoints = 11
        residuals are weighted equally (unit weight)

function used for fitting: t(x)
	t(x) = a*x + b
fitted parameters initialized with current variable values

iter      chisq       delta/lim  lambda   a             b            
   0 3.5732435300e+08   0.00e+00  4.03e+03    1.000000e+00   1.000000e+00
   7 4.3911333659e+01  -1.63e-06  4.03e-04    5.037860e-04   4.500000e+00

After 7 iterations the fit converged.
final sum of squares of residuals : 43.9113
rel. change during last iteration : -1.62857e-11

degrees of freedom    (FIT_NDF)                        : 9
rms of residuals      (FIT_STDFIT) = sqrt(WSSR/ndf)    : 2.20885
variance of residuals (reduced chisquare) = WSSR/ndf   : 4.87904

Final set of parameters            Asymptotic Standard Error
=======================            ==========================
a               = 0.000503786      +/- 0.0001369    (27.17%)
b               = 4.5              +/- 0.7808       (17.35%)

correlation matrix of the fit parameters:
                a      b      
a               1.000 
b              -0.522  1.000 


*******************************************************************************
Wed Aug  2 06:09:50 2017


FIT:    data read from 'Dados.dat' using 1:2
        format = x:z
        #datapoints = 11
        residuals are weighted equally (unit weight)

function used for fitting: t(x)
	t(x) = a*x + b
fitted parameters initialized with current variable values

iter      chisq       delta/lim  lambda   a             b            
   0 1.2903233354e+11   0.00e+00  4.03e+03    1.000000e+00   1.000000e+00
   7 1.8701673001e+07  -8.70e-08  4.03e-04    1.993723e+01   5.298042e+02

After 7 iterations the fit converged.
final sum of squares of residuals : 1.87017e+07
rel. change during last iteration : -8.69887e-13

degrees of freedom    (FIT_NDF)                        : 9
rms of residuals      (FIT_STDFIT) = sqrt(WSSR/ndf)    : 1441.51
variance of residuals (reduced chisquare) = WSSR/ndf   : 2.07796e+06

Final set of parameters            Asymptotic Standard Error
=======================            ==========================
a               = 19.9372          +/- 0.08933      (0.4481%)
b               = 529.804          +/- 509.6        (96.18%)

correlation matrix of the fit parameters:
                a      b      
a               1.000 
b              -0.522  1.000 
