

*******************************************************************************
Tue Jun 27 21:54:10 2017


FIT:    data read from 'vIntDecrescenteP30.dat' using 1:2
        format = x:z
        #datapoints = 11
        residuals are weighted equally (unit weight)

function used for fitting: t(x)
fitted parameters initialized with current variable values



 Iteration 0
 WSSR        : 7.68058e+16       delta(WSSR)/WSSR   : 0
 delta(WSSR) : 0                 limit for stopping : 1e-05
 lambda	  : 4.82611e+07

initial set of free parameter values

a               = 1
b               = 1
c               = 1

After 11 iterations the fit converged.
final sum of squares of residuals : 1.56282e+07
rel. change during last iteration : -1.25391e-11

degrees of freedom    (FIT_NDF)                        : 8
rms of residuals      (FIT_STDFIT) = sqrt(WSSR/ndf)    : 1397.69
variance of residuals (reduced chisquare) = WSSR/ndf   : 1.95353e+06

Final set of parameters            Asymptotic Standard Error
=======================            ==========================

a               = -0.00018138      +/- 1.982e-05    (10.93%)
b               = 9.34341          +/- 0.3136       (3.357%)
c               = -544.538         +/- 554.9        (101.9%)


correlation matrix of the fit parameters:

               a      b      c      
a               1.000 
b              -0.961  1.000 
c               0.455 -0.566  1.000 
