

*******************************************************************************
Tue Jun 27 22:27:32 2017


FIT:    data read from 'CrescenteP30.dat' using 1:2
        format = x:z
        #datapoints = 11
        residuals are weighted equally (unit weight)

function used for fitting: t(x)
fitted parameters initialized with current variable values



 Iteration 0
 WSSR        : 6.72987e+16       delta(WSSR)/WSSR   : 0
 delta(WSSR) : 0                 limit for stopping : 1e-05
 lambda	  : 4.82611e+07

initial set of free parameter values

a               = 1
b               = 1
c               = 1

After 11 iterations the fit converged.
final sum of squares of residuals : 1.37173e+11
rel. change during last iteration : -2.49052e-11

degrees of freedom    (FIT_NDF)                        : 8
rms of residuals      (FIT_STDFIT) = sqrt(WSSR/ndf)    : 130945
variance of residuals (reduced chisquare) = WSSR/ndf   : 1.71466e+10

Final set of parameters            Asymptotic Standard Error
=======================            ==========================

a               = 0.069484         +/- 0.001857     (2.672%)
b               = -83.7815         +/- 29.38        (35.07%)
c               = 72028.3          +/- 5.199e+04    (72.18%)


correlation matrix of the fit parameters:

               a      b      c      
a               1.000 
b              -0.961  1.000 
c               0.455 -0.566  1.000 


*******************************************************************************
Wed Jun 28 02:00:29 2017


FIT:    data read from 'CrescenteP30.dat' using 1:2
        format = x:z
        #datapoints = 11
        residuals are weighted equally (unit weight)

function used for fitting: t(x)
	t(x) = a*x*log(x) + b
fitted parameters initialized with current variable values

iter      chisq       delta/lim  lambda   a             b            
   0 3.1231152461e+14   0.00e+00  3.83e+04    1.000000e+00   1.000000e+00
   8 1.8116609746e+13  -7.40e-08  3.83e-04    1.020183e+02  -6.548217e+05

After 8 iterations the fit converged.
final sum of squares of residuals : 1.81166e+13
rel. change during last iteration : -7.40429e-13

degrees of freedom    (FIT_NDF)                        : 9
rms of residuals      (FIT_STDFIT) = sqrt(WSSR/ndf)    : 1.41879e+06
variance of residuals (reduced chisquare) = WSSR/ndf   : 2.01296e+12

Final set of parameters            Asymptotic Standard Error
=======================            ==========================
a               = 102.018          +/- 9.107        (8.927%)
b               = -654822          +/- 4.927e+05    (75.24%)

correlation matrix of the fit parameters:
                a      b      
a               1.000 
b              -0.496  1.000 


*******************************************************************************
Wed Jun 28 23:30:05 2017


FIT:    data read from 'CrescenteP30.dat' using 1:2
        format = x:z
        #datapoints = 11
        residuals are weighted equally (unit weight)

function used for fitting: t(x)
	t(x) = a*x*log(x) + b
fitted parameters initialized with current variable values

iter      chisq       delta/lim  lambda   a             b            
   0 4.5041325637e+11   0.00e+00  3.83e+04    1.000000e+00   1.000000e+00
   8 6.7942974217e+08  -1.08e-07  3.83e-04    4.692522e+00   4.821176e+03

After 8 iterations the fit converged.
final sum of squares of residuals : 6.7943e+08
rel. change during last iteration : -1.07536e-12

degrees of freedom    (FIT_NDF)                        : 9
rms of residuals      (FIT_STDFIT) = sqrt(WSSR/ndf)    : 8688.62
variance of residuals (reduced chisquare) = WSSR/ndf   : 7.54922e+07

Final set of parameters            Asymptotic Standard Error
=======================            ==========================
a               = 4.69252          +/- 0.05577      (1.189%)
b               = 4821.18          +/- 3017         (62.58%)

correlation matrix of the fit parameters:
                a      b      
a               1.000 
b              -0.496  1.000 
