

*******************************************************************************
Tue Jun 27 20:04:15 2017


FIT:    data read from 'vIntCrescente.dat' using 1:2
        format = x:z
        #datapoints = 11
        residuals are weighted equally (unit weight)

function used for fitting: t(x)
fitted parameters initialized with current variable values



 Iteration 0
 WSSR        : 7.6858e+16        delta(WSSR)/WSSR   : 0
 delta(WSSR) : 0                 limit for stopping : 1e-05
 lambda	  : 4.82611e+07

initial set of free parameter values

a               = 1
b               = 1
c               = 1

After 11 iterations the fit converged.
final sum of squares of residuals : 47418
rel. change during last iteration : -1.42669e-09

degrees of freedom    (FIT_NDF)                        : 8
rms of residuals      (FIT_STDFIT) = sqrt(WSSR/ndf)    : 76.9886
variance of residuals (reduced chisquare) = WSSR/ndf   : 5927.25

Final set of parameters            Asymptotic Standard Error
=======================            ==========================

a               = 1.7026e-06       +/- 1.092e-06    (64.12%)
b               = 1.29533          +/- 0.01728      (1.334%)
c               = 321.531          +/- 30.57        (9.507%)


correlation matrix of the fit parameters:

               a      b      c      
a               1.000 
b              -0.961  1.000 
c               0.455 -0.566  1.000 


*******************************************************************************
Wed Jun 28 00:49:53 2017


FIT:    data read from 'vIntCrescente.dat' using 1:2
        format = x:z
        #datapoints = 11
        residuals are weighted equally (unit weight)

function used for fitting: t(x)
	t(x) = a*x + b
fitted parameters initialized with current variable values

iter      chisq       delta/lim  lambda   a             b            
   0 4.4264704000e+07   0.00e+00  4.03e+03    1.000000e+00   1.000000e+00
   7 6.1835156907e+04  -8.43e-06  4.03e-04    1.321231e+00   2.998231e+02

After 7 iterations the fit converged.
final sum of squares of residuals : 61835.2
rel. change during last iteration : -8.42955e-11

degrees of freedom    (FIT_NDF)                        : 9
rms of residuals      (FIT_STDFIT) = sqrt(WSSR/ndf)    : 82.8889
variance of residuals (reduced chisquare) = WSSR/ndf   : 6870.57

Final set of parameters            Asymptotic Standard Error
=======================            ==========================
a               = 1.32123          +/- 0.005137     (0.3888%)
b               = 299.823          +/- 29.3         (9.773%)

correlation matrix of the fit parameters:
                a      b      
a               1.000 
b              -0.522  1.000 


*******************************************************************************
Wed Jun 28 00:50:28 2017


FIT:    data read from 'vIntCrescente.dat' using 1:2
        format = x:z
        #datapoints = 11
        residuals are weighted equally (unit weight)

function used for fitting: t(x)
	t(x) = a*x + b
fitted parameters initialized with current variable values

iter      chisq       delta/lim  lambda   a             b            
   0 4.4264704000e+07   0.00e+00  4.03e+03    1.000000e+00   1.000000e+00
   7 6.1835156907e+04  -8.43e-06  4.03e-04    1.321231e+00   2.998231e+02

After 7 iterations the fit converged.
final sum of squares of residuals : 61835.2
rel. change during last iteration : -8.42955e-11

degrees of freedom    (FIT_NDF)                        : 9
rms of residuals      (FIT_STDFIT) = sqrt(WSSR/ndf)    : 82.8889
variance of residuals (reduced chisquare) = WSSR/ndf   : 6870.57

Final set of parameters            Asymptotic Standard Error
=======================            ==========================
a               = 1.32123          +/- 0.005137     (0.3888%)
b               = 299.823          +/- 29.3         (9.773%)

correlation matrix of the fit parameters:
                a      b      
a               1.000 
b              -0.522  1.000 
