

*******************************************************************************
Tue Jun 27 22:15:05 2017


FIT:    data read from 'vIntCrescenteP50.dat' using 1:2
        format = x:z
        #datapoints = 11
        residuals are weighted equally (unit weight)

function used for fitting: t(x)
fitted parameters initialized with current variable values



 Iteration 0
 WSSR        : 7.63943e+16       delta(WSSR)/WSSR   : 0
 delta(WSSR) : 0                 limit for stopping : 1e-05
 lambda	  : 4.82611e+07

initial set of free parameter values

a               = 1
b               = 1
c               = 1

After 11 iterations the fit converged.
final sum of squares of residuals : 2.53432e+08
rel. change during last iteration : -2.52923e-12

degrees of freedom    (FIT_NDF)                        : 8
rms of residuals      (FIT_STDFIT) = sqrt(WSSR/ndf)    : 5628.41
variance of residuals (reduced chisquare) = WSSR/ndf   : 3.1679e+07

Final set of parameters            Asymptotic Standard Error
=======================            ==========================

a               = 0.000963256      +/- 7.981e-05    (8.285%)
b               = 32.7464          +/- 1.263        (3.857%)
c               = 988.391          +/- 2235         (226.1%)


correlation matrix of the fit parameters:

               a      b      c      
a               1.000 
b              -0.961  1.000 
c               0.455 -0.566  1.000 


*******************************************************************************
Tue Jun 27 22:20:29 2017


FIT:    data read from 'vIntCrescenteP50.dat' using 1:2
        format = x:z
        #datapoints = 11
        residuals are weighted equally (unit weight)

function used for fitting: t(x)
fitted parameters initialized with current variable values



 Iteration 0
 WSSR        : 7.63943e+16       delta(WSSR)/WSSR   : 0
 delta(WSSR) : 0                 limit for stopping : 1e-05
 lambda	  : 4.82611e+07

initial set of free parameter values

a               = 1
b               = 1
c               = 1

After 11 iterations the fit converged.
final sum of squares of residuals : 2.53432e+08
rel. change during last iteration : -2.52923e-12

degrees of freedom    (FIT_NDF)                        : 8
rms of residuals      (FIT_STDFIT) = sqrt(WSSR/ndf)    : 5628.41
variance of residuals (reduced chisquare) = WSSR/ndf   : 3.1679e+07

Final set of parameters            Asymptotic Standard Error
=======================            ==========================

a               = 0.000963256      +/- 7.981e-05    (8.285%)
b               = 32.7464          +/- 1.263        (3.857%)
c               = 988.391          +/- 2235         (226.1%)


correlation matrix of the fit parameters:

               a      b      c      
a               1.000 
b              -0.961  1.000 
c               0.455 -0.566  1.000 


*******************************************************************************
Wed Jun 28 03:30:22 2017


FIT:    data read from 'vIntCrescenteP50.dat' using 1:2
        format = x:z
        #datapoints = 11
        residuals are weighted equally (unit weight)

function used for fitting: t(x)
	t(x) = a*x + b
fitted parameters initialized with current variable values

iter      chisq       delta/lim  lambda   a             b            
   0 1.4359423791e+12   0.00e+00  4.03e+03    1.000000e+00   1.000000e+00
   6 1.3089542200e+10  -8.69e-01  4.03e-03    6.485747e+01  -8.970067e+03

After 6 iterations the fit converged.
final sum of squares of residuals : 1.30895e+10
rel. change during last iteration : -8.68868e-06

degrees of freedom    (FIT_NDF)                        : 9
rms of residuals      (FIT_STDFIT) = sqrt(WSSR/ndf)    : 38136.5
variance of residuals (reduced chisquare) = WSSR/ndf   : 1.45439e+09

Final set of parameters            Asymptotic Standard Error
=======================            ==========================
a               = 64.8575          +/- 2.363        (3.644%)
b               = -8970.07         +/- 1.348e+04    (150.3%)

correlation matrix of the fit parameters:
                a      b      
a               1.000 
b              -0.522  1.000 
