

*******************************************************************************
Wed Aug  2 06:24:52 2017


FIT:    data read from 'Dados.dat' using 1:2
        format = x:z
        #datapoints = 11
        residuals are weighted equally (unit weight)

function used for fitting: t(x)
	t(x) = a*x + b
fitted parameters initialized with current variable values

iter      chisq       delta/lim  lambda   a             b            
   0 2.9893094115e+10   0.00e+00  4.03e+03    1.000000e+00   1.000000e+00
   6 1.4751317957e+09  -3.05e-02  4.03e-03    9.961799e+00  -5.628027e+02

After 6 iterations the fit converged.
final sum of squares of residuals : 1.47513e+09
rel. change during last iteration : -3.04519e-07

degrees of freedom    (FIT_NDF)                        : 9
rms of residuals      (FIT_STDFIT) = sqrt(WSSR/ndf)    : 12802.5
variance of residuals (reduced chisquare) = WSSR/ndf   : 1.63904e+08

Final set of parameters            Asymptotic Standard Error
=======================            ==========================
a               = 9.9618           +/- 0.7934       (7.964%)
b               = -562.803         +/- 4526         (804.1%)

correlation matrix of the fit parameters:
                a      b      
a               1.000 
b              -0.522  1.000 
