

*******************************************************************************
Wed Aug  2 06:22:11 2017


FIT:    data read from 'Dados.dat' using 1:2
        format = x:z
        #datapoints = 6
        residuals are weighted equally (unit weight)

function used for fitting: t(x)
	t(x) = a*x**3 + b*x**2 + c*x + d
fitted parameters initialized with current variable values

iter      chisq       delta/lim  lambda   a             b             c             d            
   0 4.5927689071e+15   0.00e+00  2.76e+07    1.000000e+00   1.000000e+00   1.000000e+00   1.000000e+00
  11 1.3206039378e+10  -1.30e-03  2.76e-04    6.840023e-01  -1.108953e+02   9.691368e+03  -1.784160e+05

After 11 iterations the fit converged.
final sum of squares of residuals : 1.3206e+10
rel. change during last iteration : -1.3001e-08

degrees of freedom    (FIT_NDF)                        : 2
rms of residuals      (FIT_STDFIT) = sqrt(WSSR/ndf)    : 81259
variance of residuals (reduced chisquare) = WSSR/ndf   : 6.60302e+09

Final set of parameters            Asymptotic Standard Error
=======================            ==========================
a               = 0.684002         +/- 0.0173       (2.53%)
b               = -110.895         +/- 13.17        (11.87%)
c               = 9691.37          +/- 2442         (25.2%)
d               = -178416          +/- 9.361e+04    (52.47%)

correlation matrix of the fit parameters:
                a      b      c      d      
a               1.000 
b              -0.994  1.000 
c               0.947 -0.976  1.000 
d              -0.736  0.782 -0.868  1.000 
