

*******************************************************************************
Tue Jun 27 21:15:43 2017


FIT:    data read from 'vIntDecrescenteP20.dat' using 1:2
        format = x:z
        #datapoints = 11
        residuals are weighted equally (unit weight)

function used for fitting: t(x)
fitted parameters initialized with current variable values



 Iteration 0
 WSSR        : 3.54331e+16       delta(WSSR)/WSSR   : 0
 delta(WSSR) : 0                 limit for stopping : 1e-05
 lambda	  : 4.82611e+07

initial set of free parameter values

a               = 1
b               = 1
c               = 1

After 10 iterations the fit converged.
final sum of squares of residuals : 6.95722e+09
rel. change during last iteration : -5.4577e-06

degrees of freedom    (FIT_NDF)                        : 8
rms of residuals      (FIT_STDFIT) = sqrt(WSSR/ndf)    : 29489.9
variance of residuals (reduced chisquare) = WSSR/ndf   : 8.69653e+08

Final set of parameters            Asymptotic Standard Error
=======================            ==========================

a               = 0.319331         +/- 0.0004182    (0.1309%)
b               = 27.1789          +/- 6.618        (24.35%)
c               = -2786.09         +/- 1.171e+04    (420.3%)


correlation matrix of the fit parameters:

               a      b      c      
a               1.000 
b              -0.961  1.000 
c               0.455 -0.566  1.000 


*******************************************************************************
Tue Jun 27 21:20:08 2017


FIT:    data read from 'vIntDecrescenteP20.dat' using 1:2
        format = x:z
        #datapoints = 11
        residuals are weighted equally (unit weight)

function used for fitting: t(x)
fitted parameters initialized with current variable values



 Iteration 0
 WSSR        : 3.54331e+16       delta(WSSR)/WSSR   : 0
 delta(WSSR) : 0                 limit for stopping : 1e-05
 lambda	  : 4.82611e+07

initial set of free parameter values

a               = 1
b               = 1
c               = 1

After 10 iterations the fit converged.
final sum of squares of residuals : 6.95722e+09
rel. change during last iteration : -5.4577e-06

degrees of freedom    (FIT_NDF)                        : 8
rms of residuals      (FIT_STDFIT) = sqrt(WSSR/ndf)    : 29489.9
variance of residuals (reduced chisquare) = WSSR/ndf   : 8.69653e+08

Final set of parameters            Asymptotic Standard Error
=======================            ==========================

a               = 0.319331         +/- 0.0004182    (0.1309%)
b               = 27.1789          +/- 6.618        (24.35%)
c               = -2786.09         +/- 1.171e+04    (420.3%)


correlation matrix of the fit parameters:

               a      b      c      
a               1.000 
b              -0.961  1.000 
c               0.455 -0.566  1.000 


*******************************************************************************
Tue Jun 27 21:20:20 2017


FIT:    data read from 'vIntDecrescenteP20.dat' using 1:2
        format = x:z
        #datapoints = 11
        residuals are weighted equally (unit weight)

function used for fitting: t(x)
fitted parameters initialized with current variable values



 Iteration 0
 WSSR        : 3.54331e+16       delta(WSSR)/WSSR   : 0
 delta(WSSR) : 0                 limit for stopping : 1e-05
 lambda	  : 4.82611e+07

initial set of free parameter values

a               = 1
b               = 1
c               = 1

After 10 iterations the fit converged.
final sum of squares of residuals : 6.95722e+09
rel. change during last iteration : -5.4577e-06

degrees of freedom    (FIT_NDF)                        : 8
rms of residuals      (FIT_STDFIT) = sqrt(WSSR/ndf)    : 29489.9
variance of residuals (reduced chisquare) = WSSR/ndf   : 8.69653e+08

Final set of parameters            Asymptotic Standard Error
=======================            ==========================

a               = 0.319331         +/- 0.0004182    (0.1309%)
b               = 27.1789          +/- 6.618        (24.35%)
c               = -2786.09         +/- 1.171e+04    (420.3%)


correlation matrix of the fit parameters:

               a      b      c      
a               1.000 
b              -0.961  1.000 
c               0.455 -0.566  1.000 


*******************************************************************************
Wed Jun 28 21:37:18 2017


FIT:    data read from 'vIntDecrescenteP20.dat' using 1:2
        format = x:z
        #datapoints = 11
        residuals are weighted equally (unit weight)

function used for fitting: t(x)
fitted parameters initialized with current variable values



 Iteration 0
 WSSR        : 3.54331e+16       delta(WSSR)/WSSR   : 0
 delta(WSSR) : 0                 limit for stopping : 1e-05
 lambda	  : 4.82611e+07

initial set of free parameter values

a               = 1
b               = 1
c               = 1

After 10 iterations the fit converged.
final sum of squares of residuals : 6.95722e+09
rel. change during last iteration : -5.4577e-06

degrees of freedom    (FIT_NDF)                        : 8
rms of residuals      (FIT_STDFIT) = sqrt(WSSR/ndf)    : 29489.9
variance of residuals (reduced chisquare) = WSSR/ndf   : 8.69653e+08

Final set of parameters            Asymptotic Standard Error
=======================            ==========================

a               = 0.319331         +/- 0.0004182    (0.1309%)
b               = 27.1789          +/- 6.618        (24.35%)
c               = -2786.09         +/- 1.171e+04    (420.3%)


correlation matrix of the fit parameters:

               a      b      c      
a               1.000 
b              -0.961  1.000 
c               0.455 -0.566  1.000 


*******************************************************************************
Wed Jun 28 21:57:28 2017


FIT:    data read from 'vIntDecrescenteP20.dat' using 1:2
        format = x:z
        #datapoints = 11
        residuals are weighted equally (unit weight)

function used for fitting: t(x)
fitted parameters initialized with current variable values



 Iteration 0
 WSSR        : 3.54331e+16       delta(WSSR)/WSSR   : 0
 delta(WSSR) : 0                 limit for stopping : 1e-05
 lambda	  : 4.82611e+07

initial set of free parameter values

a               = 1
b               = 1
c               = 1

After 10 iterations the fit converged.
final sum of squares of residuals : 6.95722e+09
rel. change during last iteration : -5.4577e-06

degrees of freedom    (FIT_NDF)                        : 8
rms of residuals      (FIT_STDFIT) = sqrt(WSSR/ndf)    : 29489.9
variance of residuals (reduced chisquare) = WSSR/ndf   : 8.69653e+08

Final set of parameters            Asymptotic Standard Error
=======================            ==========================

a               = 0.319331         +/- 0.0004182    (0.1309%)
b               = 27.1789          +/- 6.618        (24.35%)
c               = -2786.09         +/- 1.171e+04    (420.3%)


correlation matrix of the fit parameters:

               a      b      c      
a               1.000 
b              -0.961  1.000 
c               0.455 -0.566  1.000 
