

*******************************************************************************
Tue Jun 27 21:22:24 2017


FIT:    data read from 'CrescenteP30.dat' using 1:2
        format = x:z
        #datapoints = 11
        residuals are weighted equally (unit weight)

function used for fitting: t(x)
fitted parameters initialized with current variable values



 Iteration 0
 WSSR        : 4.28638e+16       delta(WSSR)/WSSR   : 0
 delta(WSSR) : 0                 limit for stopping : 1e-05
 lambda	  : 4.82611e+07

initial set of free parameter values

a               = 1
b               = 1
c               = 1

After 11 iterations the fit converged.
final sum of squares of residuals : 1.48747e+09
rel. change during last iteration : -1.9117e-11

degrees of freedom    (FIT_NDF)                        : 8
rms of residuals      (FIT_STDFIT) = sqrt(WSSR/ndf)    : 13635.7
variance of residuals (reduced chisquare) = WSSR/ndf   : 1.85934e+08

Final set of parameters            Asymptotic Standard Error
=======================            ==========================

a               = 0.251088         +/- 0.0001934    (0.07701%)
b               = 34.1094          +/- 3.06         (8.971%)
c               = -6575.08         +/- 5414         (82.34%)


correlation matrix of the fit parameters:

               a      b      c      
a               1.000 
b              -0.961  1.000 
c               0.455 -0.566  1.000 


*******************************************************************************
Wed Jun 28 21:36:38 2017


FIT:    data read from 'CrescenteP30.dat' using 1:2
        format = x:z
        #datapoints = 11
        residuals are weighted equally (unit weight)

function used for fitting: t(x)
fitted parameters initialized with current variable values



 Iteration 0
 WSSR        : 4.28638e+16       delta(WSSR)/WSSR   : 0
 delta(WSSR) : 0                 limit for stopping : 1e-05
 lambda	  : 4.82611e+07

initial set of free parameter values

a               = 1
b               = 1
c               = 1

After 11 iterations the fit converged.
final sum of squares of residuals : 1.48747e+09
rel. change during last iteration : -1.9117e-11

degrees of freedom    (FIT_NDF)                        : 8
rms of residuals      (FIT_STDFIT) = sqrt(WSSR/ndf)    : 13635.7
variance of residuals (reduced chisquare) = WSSR/ndf   : 1.85934e+08

Final set of parameters            Asymptotic Standard Error
=======================            ==========================

a               = 0.251088         +/- 0.0001934    (0.07701%)
b               = 34.1094          +/- 3.06         (8.971%)
c               = -6575.08         +/- 5414         (82.34%)


correlation matrix of the fit parameters:

               a      b      c      
a               1.000 
b              -0.961  1.000 
c               0.455 -0.566  1.000 


*******************************************************************************
Wed Jun 28 21:56:57 2017


FIT:    data read from 'CrescenteP30.dat' using 1:2
        format = x:z
        #datapoints = 11
        residuals are weighted equally (unit weight)

function used for fitting: t(x)
fitted parameters initialized with current variable values



 Iteration 0
 WSSR        : 4.28638e+16       delta(WSSR)/WSSR   : 0
 delta(WSSR) : 0                 limit for stopping : 1e-05
 lambda	  : 4.82611e+07

initial set of free parameter values

a               = 1
b               = 1
c               = 1

After 11 iterations the fit converged.
final sum of squares of residuals : 1.48747e+09
rel. change during last iteration : -1.9117e-11

degrees of freedom    (FIT_NDF)                        : 8
rms of residuals      (FIT_STDFIT) = sqrt(WSSR/ndf)    : 13635.7
variance of residuals (reduced chisquare) = WSSR/ndf   : 1.85934e+08

Final set of parameters            Asymptotic Standard Error
=======================            ==========================

a               = 0.251088         +/- 0.0001934    (0.07701%)
b               = 34.1094          +/- 3.06         (8.971%)
c               = -6575.08         +/- 5414         (82.34%)


correlation matrix of the fit parameters:

               a      b      c      
a               1.000 
b              -0.961  1.000 
c               0.455 -0.566  1.000 
