

*******************************************************************************
Wed Aug  2 05:42:16 2017


FIT:    data read from 'Dados.dat' using 1:2
        format = x:z
        #datapoints = 11
        residuals are weighted equally (unit weight)

function used for fitting: t(x)
	t(x) = a*x + b
fitted parameters initialized with current variable values

iter      chisq       delta/lim  lambda   a             b            
   0 1.9822520000e+07   0.00e+00  4.03e+03    1.000000e+00   1.000000e+00
   7 4.4759418050e+04  -5.56e-05  4.03e-04    7.264193e-01   6.537559e+02

After 7 iterations the fit converged.
final sum of squares of residuals : 44759.4
rel. change during last iteration : -5.55701e-10

degrees of freedom    (FIT_NDF)                        : 9
rms of residuals      (FIT_STDFIT) = sqrt(WSSR/ndf)    : 70.5214
variance of residuals (reduced chisquare) = WSSR/ndf   : 4973.27

Final set of parameters            Asymptotic Standard Error
=======================            ==========================
a               = 0.726419         +/- 0.00437      (0.6016%)
b               = 653.756          +/- 24.93        (3.813%)

correlation matrix of the fit parameters:
                a      b      
a               1.000 
b              -0.522  1.000 
