

*******************************************************************************
Tue Jun 27 22:15:52 2017


FIT:    data read from 'vIntDecrescenteP50.dat' using 1:2
        format = x:z
        #datapoints = 11
        residuals are weighted equally (unit weight)

function used for fitting: t(x)
fitted parameters initialized with current variable values



 Iteration 0
 WSSR        : 7.64024e+16       delta(WSSR)/WSSR   : 0
 delta(WSSR) : 0                 limit for stopping : 1e-05
 lambda	  : 4.82611e+07

initial set of free parameter values

a               = 1
b               = 1
c               = 1

After 10 iterations the fit converged.
final sum of squares of residuals : 6.55095e+08
rel. change during last iteration : -9.7905e-06

degrees of freedom    (FIT_NDF)                        : 8
rms of residuals      (FIT_STDFIT) = sqrt(WSSR/ndf)    : 9049.14
variance of residuals (reduced chisquare) = WSSR/ndf   : 8.18869e+07

Final set of parameters            Asymptotic Standard Error
=======================            ==========================

a               = 0.000867722      +/- 0.0001283    (14.79%)
b               = 33.3806          +/- 2.031        (6.083%)
c               = 1146.48          +/- 3593         (313.4%)


correlation matrix of the fit parameters:

               a      b      c      
a               1.000 
b              -0.961  1.000 
c               0.455 -0.566  1.000 


*******************************************************************************
Tue Jun 27 22:21:01 2017


FIT:    data read from 'vIntDecrescenteP50.dat' using 1:2
        format = x:z
        #datapoints = 11
        residuals are weighted equally (unit weight)

function used for fitting: t(x)
fitted parameters initialized with current variable values



 Iteration 0
 WSSR        : 7.64024e+16       delta(WSSR)/WSSR   : 0
 delta(WSSR) : 0                 limit for stopping : 1e-05
 lambda	  : 4.82611e+07

initial set of free parameter values

a               = 1
b               = 1
c               = 1

After 10 iterations the fit converged.
final sum of squares of residuals : 6.55095e+08
rel. change during last iteration : -9.7905e-06

degrees of freedom    (FIT_NDF)                        : 8
rms of residuals      (FIT_STDFIT) = sqrt(WSSR/ndf)    : 9049.14
variance of residuals (reduced chisquare) = WSSR/ndf   : 8.18869e+07

Final set of parameters            Asymptotic Standard Error
=======================            ==========================

a               = 0.000867722      +/- 0.0001283    (14.79%)
b               = 33.3806          +/- 2.031        (6.083%)
c               = 1146.48          +/- 3593         (313.4%)


correlation matrix of the fit parameters:

               a      b      c      
a               1.000 
b              -0.961  1.000 
c               0.455 -0.566  1.000 


*******************************************************************************
Wed Jun 28 03:30:49 2017


FIT:    data read from 'vIntDecrescenteP50.dat' using 1:2
        format = x:z
        #datapoints = 11
        residuals are weighted equally (unit weight)

function used for fitting: t(x)
	t(x) = a*x + b
fitted parameters initialized with current variable values

iter      chisq       delta/lim  lambda   a             b            
   0 1.3103654744e+12   0.00e+00  4.03e+03    1.000000e+00   1.000000e+00
   7 1.0692919399e+10  -1.05e-07  4.03e-04    6.249497e+01  -1.388811e+04

After 7 iterations the fit converged.
final sum of squares of residuals : 1.06929e+10
rel. change during last iteration : -1.05366e-12

degrees of freedom    (FIT_NDF)                        : 9
rms of residuals      (FIT_STDFIT) = sqrt(WSSR/ndf)    : 34468.9
variance of residuals (reduced chisquare) = WSSR/ndf   : 1.1881e+09

Final set of parameters            Asymptotic Standard Error
=======================            ==========================
a               = 62.495           +/- 2.136        (3.418%)
b               = -13888.1         +/- 1.218e+04    (87.73%)

correlation matrix of the fit parameters:
                a      b      
a               1.000 
b              -0.522  1.000 


*******************************************************************************
Wed Jun 28 21:45:57 2017


FIT:    data read from 'vIntDecrescenteP50.dat' using 1:2
        format = x:z
        #datapoints = 11
        residuals are weighted equally (unit weight)

function used for fitting: t(x)
fitted parameters initialized with current variable values



 Iteration 0
 WSSR        : 1.31037e+12       delta(WSSR)/WSSR   : 0
 delta(WSSR) : 0                 limit for stopping : 1e-05
 lambda	  : 4033.46

initial set of free parameter values

a               = 1
b               = 1

After 7 iterations the fit converged.
final sum of squares of residuals : 1.06929e+10
rel. change during last iteration : -1.05366e-12

degrees of freedom    (FIT_NDF)                        : 9
rms of residuals      (FIT_STDFIT) = sqrt(WSSR/ndf)    : 34468.9
variance of residuals (reduced chisquare) = WSSR/ndf   : 1.1881e+09

Final set of parameters            Asymptotic Standard Error
=======================            ==========================

a               = 62.495           +/- 2.136        (3.418%)
b               = -13888.1         +/- 1.218e+04    (87.73%)


correlation matrix of the fit parameters:

               a      b      
a               1.000 
b              -0.522  1.000 
