

*******************************************************************************
Tue Jun 27 21:53:32 2017


FIT:    data read from 'CrescenteP30.dat' using 1:2
        format = x:z
        #datapoints = 11
        residuals are weighted equally (unit weight)

function used for fitting: t(x)
fitted parameters initialized with current variable values



 Iteration 0
 WSSR        : 7.67993e+16       delta(WSSR)/WSSR   : 0
 delta(WSSR) : 0                 limit for stopping : 1e-05
 lambda	  : 4.82611e+07

initial set of free parameter values

a               = 1
b               = 1
c               = 1

After 11 iterations the fit converged.
final sum of squares of residuals : 3.19672e+07
rel. change during last iteration : -9.80583e-12

degrees of freedom    (FIT_NDF)                        : 8
rms of residuals      (FIT_STDFIT) = sqrt(WSSR/ndf)    : 1998.97
variance of residuals (reduced chisquare) = WSSR/ndf   : 3.99589e+06

Final set of parameters            Asymptotic Standard Error
=======================            ==========================

a               = 7.99645e-07      +/- 2.835e-05    (3545%)
b               = 7.12054          +/- 0.4486       (6.3%)
c               = 690.907          +/- 793.7        (114.9%)


correlation matrix of the fit parameters:

               a      b      c      
a               1.000 
b              -0.961  1.000 
c               0.455 -0.566  1.000 


*******************************************************************************
Tue Jun 27 23:20:58 2017


FIT:    data read from 'CrescenteP30.dat' using 1:2
        format = x:z
        #datapoints = 11
        residuals are weighted equally (unit weight)

function used for fitting: t(x)
	t(x) = a*x + b
fitted parameters initialized with current variable values

iter      chisq       delta/lim  lambda   a             b            
   0 1.3771245033e+10   0.00e+00  4.03e+03    1.000000e+00   1.000000e+00
   7 3.1970335459e+07  -8.43e-08  4.03e-04    7.132700e+00   6.807113e+02

After 7 iterations the fit converged.
final sum of squares of residuals : 3.19703e+07
rel. change during last iteration : -8.43279e-13

degrees of freedom    (FIT_NDF)                        : 9
rms of residuals      (FIT_STDFIT) = sqrt(WSSR/ndf)    : 1884.74
variance of residuals (reduced chisquare) = WSSR/ndf   : 3.55226e+06

Final set of parameters            Asymptotic Standard Error
=======================            ==========================
a               = 7.1327           +/- 0.1168       (1.637%)
b               = 680.711          +/- 666.2        (97.87%)

correlation matrix of the fit parameters:
                a      b      
a               1.000 
b              -0.522  1.000 
