

*******************************************************************************
Tue Jun 27 22:14:37 2017


FIT:    data read from 'vIntCrescenteP20.dat' using 1:2
        format = x:z
        #datapoints = 11
        residuals are weighted equally (unit weight)

function used for fitting: t(x)
fitted parameters initialized with current variable values



 Iteration 0
 WSSR        : 7.63633e+16       delta(WSSR)/WSSR   : 0
 delta(WSSR) : 0                 limit for stopping : 1e-05
 lambda	  : 4.82611e+07

initial set of free parameter values

a               = 1
b               = 1
c               = 1

After 11 iterations the fit converged.
final sum of squares of residuals : 7.06402e+08
rel. change during last iteration : -4.38747e-12

degrees of freedom    (FIT_NDF)                        : 8
rms of residuals      (FIT_STDFIT) = sqrt(WSSR/ndf)    : 9396.82
variance of residuals (reduced chisquare) = WSSR/ndf   : 8.83003e+07

Final set of parameters            Asymptotic Standard Error
=======================            ==========================

a               = 0.00129223       +/- 0.0001332    (10.31%)
b               = 30.7202          +/- 2.109        (6.864%)
c               = 2171.1           +/- 3731         (171.8%)


correlation matrix of the fit parameters:

               a      b      c      
a               1.000 
b              -0.961  1.000 
c               0.455 -0.566  1.000 


*******************************************************************************
Tue Jun 27 22:20:04 2017


FIT:    data read from 'vIntCrescenteP20.dat' using 1:2
        format = x:z
        #datapoints = 11
        residuals are weighted equally (unit weight)

function used for fitting: t(x)
fitted parameters initialized with current variable values



 Iteration 0
 WSSR        : 7.63633e+16       delta(WSSR)/WSSR   : 0
 delta(WSSR) : 0                 limit for stopping : 1e-05
 lambda	  : 4.82611e+07

initial set of free parameter values

a               = 1
b               = 1
c               = 1

After 11 iterations the fit converged.
final sum of squares of residuals : 7.06402e+08
rel. change during last iteration : -4.38747e-12

degrees of freedom    (FIT_NDF)                        : 8
rms of residuals      (FIT_STDFIT) = sqrt(WSSR/ndf)    : 9396.82
variance of residuals (reduced chisquare) = WSSR/ndf   : 8.83003e+07

Final set of parameters            Asymptotic Standard Error
=======================            ==========================

a               = 0.00129223       +/- 0.0001332    (10.31%)
b               = 30.7202          +/- 2.109        (6.864%)
c               = 2171.1           +/- 3731         (171.8%)


correlation matrix of the fit parameters:

               a      b      c      
a               1.000 
b              -0.961  1.000 
c               0.455 -0.566  1.000 
