

*******************************************************************************
Tue Jun 27 21:54:30 2017


FIT:    data read from 'vIntDecrescenteP50.dat' using 1:2
        format = x:z
        #datapoints = 11
        residuals are weighted equally (unit weight)

function used for fitting: t(x)
fitted parameters initialized with current variable values



 Iteration 0
 WSSR        : 7.67883e+16       delta(WSSR)/WSSR   : 0
 delta(WSSR) : 0                 limit for stopping : 1e-05
 lambda	  : 4.82611e+07

initial set of free parameter values

a               = 1
b               = 1
c               = 1

After 11 iterations the fit converged.
final sum of squares of residuals : 3.46657e+07
rel. change during last iteration : -1.33459e-11

degrees of freedom    (FIT_NDF)                        : 8
rms of residuals      (FIT_STDFIT) = sqrt(WSSR/ndf)    : 2081.64
variance of residuals (reduced chisquare) = WSSR/ndf   : 4.33322e+06

Final set of parameters            Asymptotic Standard Error
=======================            ==========================

a               = 0.000242921      +/- 2.952e-05    (12.15%)
b               = 4.4982           +/- 0.4671       (10.38%)
c               = 839.177          +/- 826.5        (98.49%)


correlation matrix of the fit parameters:

               a      b      c      
a               1.000 
b              -0.961  1.000 
c               0.455 -0.566  1.000 
