

*******************************************************************************
Tue Jun 27 19:46:49 2017


FIT:    data read from 'vIntAleatorio.dat' using 1:2
        format = x:z
        #datapoints = 11
        residuals are weighted equally (unit weight)

function used for fitting: t(x)
fitted parameters initialized with current variable values



 Iteration 0
 WSSR        : 5.35994e+16       delta(WSSR)/WSSR   : 0
 delta(WSSR) : 0                 limit for stopping : 1e-05
 lambda	  : 4.82611e+07

initial set of free parameter values

a               = 1
b               = 1
c               = 1

After 11 iterations the fit converged.
final sum of squares of residuals : 1.81601e+10
rel. change during last iteration : -1.39188e-11

degrees of freedom    (FIT_NDF)                        : 8
rms of residuals      (FIT_STDFIT) = sqrt(WSSR/ndf)    : 47644.6
variance of residuals (reduced chisquare) = WSSR/ndf   : 2.27001e+09

Final set of parameters            Asymptotic Standard Error
=======================            ==========================

a               = 0.161843         +/- 0.0006756    (0.4174%)
b               = 49.5364          +/- 10.69        (21.58%)
c               = -19585.6         +/- 1.892e+04    (96.58%)


correlation matrix of the fit parameters:

               a      b      c      
a               1.000 
b              -0.961  1.000 
c               0.455 -0.566  1.000 
