

*******************************************************************************
Tue Jun 27 22:22:49 2017


FIT:    data read from 'vIntCrescente.dat' using 1:2
        format = x:z
        #datapoints = 11
        residuals are weighted equally (unit weight)

function used for fitting: t(x)
fitted parameters initialized with current variable values



 Iteration 0
 WSSR        : 7.63737e+16       delta(WSSR)/WSSR   : 0
 delta(WSSR) : 0                 limit for stopping : 1e-05
 lambda	  : 4.82611e+07

initial set of free parameter values

a               = 1
b               = 1
c               = 1

After 11 iterations the fit converged.
final sum of squares of residuals : 1.80044e+08
rel. change during last iteration : -1.13218e-11

degrees of freedom    (FIT_NDF)                        : 8
rms of residuals      (FIT_STDFIT) = sqrt(WSSR/ndf)    : 4744
variance of residuals (reduced chisquare) = WSSR/ndf   : 2.25055e+07

Final set of parameters            Asymptotic Standard Error
=======================            ==========================

a               = 0.000775362      +/- 6.727e-05    (8.676%)
b               = 37.8696          +/- 1.065        (2.811%)
c               = -1758.15         +/- 1884         (107.1%)


correlation matrix of the fit parameters:

               a      b      c      
a               1.000 
b              -0.961  1.000 
c               0.455 -0.566  1.000 


*******************************************************************************
Wed Jun 28 03:29:03 2017


FIT:    data read from 'vIntCrescente.dat' using 1:2
        format = x:z
        #datapoints = 11
        residuals are weighted equally (unit weight)

function used for fitting: t(x)
	t(x) = a*x + b
fitted parameters initialized with current variable values

iter      chisq       delta/lim  lambda   a             b            
   0 1.3495699101e+12   0.00e+00  4.03e+03    1.000000e+00   1.000000e+00
   7 1.3274260319e+10  -1.25e-07  4.03e-04    6.359601e+01  -1.688588e+04

After 7 iterations the fit converged.
final sum of squares of residuals : 1.32743e+10
rel. change during last iteration : -1.25411e-12

degrees of freedom    (FIT_NDF)                        : 9
rms of residuals      (FIT_STDFIT) = sqrt(WSSR/ndf)    : 38404.7
variance of residuals (reduced chisquare) = WSSR/ndf   : 1.47492e+09

Final set of parameters            Asymptotic Standard Error
=======================            ==========================
a               = 63.596           +/- 2.38         (3.742%)
b               = -16885.9         +/- 1.358e+04    (80.4%)

correlation matrix of the fit parameters:
                a      b      
a               1.000 
b              -0.522  1.000 
