

*******************************************************************************
Wed Aug  2 05:49:59 2017


FIT:    data read from 'Dados.dat' using 1:2
        format = x:z
        #datapoints = 12
        residuals are weighted equally (unit weight)

function used for fitting: t(x)
	t(x) = a*x**2 + b*x + c
fitted parameters initialized with current variable values

iter      chisq       delta/lim  lambda   a             b             c            
   0 1.2298249972e+18   0.00e+00  1.85e+08    1.000000e+00   1.000000e+00   1.000000e+00
  11 1.7959966981e+06  -2.08e-01  1.85e-03    3.271577e-07   4.493953e-01   4.959367e+02

After 11 iterations the fit converged.
final sum of squares of residuals : 1.796e+06
rel. change during last iteration : -2.07696e-06

degrees of freedom    (FIT_NDF)                        : 9
rms of residuals      (FIT_STDFIT) = sqrt(WSSR/ndf)    : 446.716
variance of residuals (reduced chisquare) = WSSR/ndf   : 199555

Final set of parameters            Asymptotic Standard Error
=======================            ==========================
a               = 3.27158e-07      +/- 1.561e-06    (477.3%)
b               = 0.449395         +/- 0.04903      (10.91%)
c               = 495.937          +/- 164.9        (33.25%)

correlation matrix of the fit parameters:
                a      b      c      
a               1.000 
b              -0.961  1.000 
c               0.430 -0.538  1.000 
