\BOOKMARK [0][]{chapter*.1}{Lista de Figuras}{}% 1
\BOOKMARK [0][]{chapter*.2}{Lista de Tabelas}{}% 2
\BOOKMARK [0][]{chapter.1}{Introdu\347\343o}{}% 3
\BOOKMARK [1][]{section.1.1}{Codifica\347\343o}{chapter.1}% 4
\BOOKMARK [2][]{subsection.1.1.1}{Comandos}{section.1.1}% 5
\BOOKMARK [1][]{section.1.2}{M\341quina de teste}{chapter.1}% 6
\BOOKMARK [0][]{chapter.2}{Insertion Sort}{}% 7
\BOOKMARK [1][]{section.2.1}{Insertion Sort - Vetor Aleat\363rio}{chapter.2}% 8
\BOOKMARK [2][]{subsection.2.1.1}{Gr\341fico Insertion sort - Vetor Alet\363rio}{section.2.1}% 9
\BOOKMARK [1][]{section.2.2}{Insertion Sort - Vetor Crescente}{chapter.2}% 10
\BOOKMARK [2][]{subsection.2.2.1}{Grafico Insertion Sort - Vetor Crescente}{section.2.2}% 11
\BOOKMARK [1][]{section.2.3}{Insertion Sort - Vetor Crescente P10}{chapter.2}% 12
\BOOKMARK [2][]{subsection.2.3.1}{Grafico Insertion Sort - Vetor Crescente P10}{section.2.3}% 13
\BOOKMARK [1][]{section.2.4}{Insertion Sort - Vetor Crescente P20}{chapter.2}% 14
\BOOKMARK [2][]{subsection.2.4.1}{Grafico Insertion Sort - Vetor Crescente P20}{section.2.4}% 15
\BOOKMARK [1][]{section.2.5}{Insertion Sort - Vetor Crescente P30}{chapter.2}% 16
\BOOKMARK [2][]{subsection.2.5.1}{Grafico Insertion Sort - Vetor Crescente P30}{section.2.5}% 17
\BOOKMARK [1][]{section.2.6}{Insertion Sort - Vetor Crescente P40}{chapter.2}% 18
\BOOKMARK [2][]{subsection.2.6.1}{Grafico Insertion Sort - Vetor Crescente P40}{section.2.6}% 19
\BOOKMARK [1][]{section.2.7}{Insertion Sort - Vetor Crescente P50}{chapter.2}% 20
\BOOKMARK [2][]{subsection.2.7.1}{Grafico Insertion Sort - Vetor Crescente P50}{section.2.7}% 21
\BOOKMARK [1][]{section.2.8}{Insertion Sort - Vetor Decrescente}{chapter.2}% 22
\BOOKMARK [2][]{subsection.2.8.1}{Grafico Insertion Sort - Vetor Decrescente}{section.2.8}% 23
\BOOKMARK [1][]{section.2.9}{Insertion Sort - Vetor Decrescente P10}{chapter.2}% 24
\BOOKMARK [2][]{subsection.2.9.1}{Grafico Insertion Sort - Vetor Decrescente P10}{section.2.9}% 25
\BOOKMARK [1][]{section.2.10}{Insertion Sort - Vetor Decrescente P20}{chapter.2}% 26
\BOOKMARK [2][]{subsection.2.10.1}{Grafico Insertion Sort - Vetor Decrescente P20}{section.2.10}% 27
\BOOKMARK [1][]{section.2.11}{Insertion Sort - Vetor Decrescente P30}{chapter.2}% 28
\BOOKMARK [2][]{subsection.2.11.1}{Grafico Insertion Sort - Vetor Decrescente P30}{section.2.11}% 29
\BOOKMARK [1][]{section.2.12}{Insertion Sort - Vetor Decrescente P40}{chapter.2}% 30
\BOOKMARK [2][]{subsection.2.12.1}{Grafico Insertion Sort - Vetor Decrescente P40}{section.2.12}% 31
\BOOKMARK [1][]{section.2.13}{Insertion Sort - Vetor Decrescente P50}{chapter.2}% 32
\BOOKMARK [2][]{subsection.2.13.1}{Grafico Insertion Sort - Vetor Decrescente P50}{section.2.13}% 33
\BOOKMARK [1][]{section.2.14}{Observa\347\365es Finais}{chapter.2}% 34
\BOOKMARK [0][]{chapter.3}{Merge Sort}{}% 35
\BOOKMARK [1][]{section.3.1}{Merge Sort - Vetor Aleat\363rio}{chapter.3}% 36
\BOOKMARK [2][]{subsection.3.1.1}{Gr\341fico Merge Sort - Vetor Aleat\363rio}{section.3.1}% 37
\BOOKMARK [1][]{section.3.2}{Merge Sort - Vetor Crescente}{chapter.3}% 38
\BOOKMARK [2][]{subsection.3.2.1}{Gr\341fico Merge Sort - Vetor Crescente}{section.3.2}% 39
\BOOKMARK [1][]{section.3.3}{Merge Sort - Vetor Crescente P10}{chapter.3}% 40
\BOOKMARK [2][]{subsection.3.3.1}{Gr\341fico Merge Sort - Vetor Crescente P10}{section.3.3}% 41
\BOOKMARK [1][]{section.3.4}{Merge Sort - Vetor Crescente P20}{chapter.3}% 42
\BOOKMARK [2][]{subsection.3.4.1}{Gr\341fico Merge Sort - Vetor Crescente P20}{section.3.4}% 43
\BOOKMARK [1][]{section.3.5}{Merge Sort - Vetor Crescente P30}{chapter.3}% 44
\BOOKMARK [2][]{subsection.3.5.1}{Gr\341fico Merge Sort - Vetor Crescente P30}{section.3.5}% 45
\BOOKMARK [1][]{section.3.6}{Merge Sort - Vetor Crescente P40}{chapter.3}% 46
\BOOKMARK [2][]{subsection.3.6.1}{Gr\341fico Merge Sort - Vetor Crescente P40}{section.3.6}% 47
\BOOKMARK [1][]{section.3.7}{Merge Sort - Vetor Crescente P50}{chapter.3}% 48
\BOOKMARK [2][]{subsection.3.7.1}{Gr\341fico Merge Sort - Vetor Crescente P50}{section.3.7}% 49
\BOOKMARK [1][]{section.3.8}{Merge Sort - Vetor Decrescente}{chapter.3}% 50
\BOOKMARK [2][]{subsection.3.8.1}{Gr\341fico Merge Sort - Vetor Decrescente}{section.3.8}% 51
\BOOKMARK [1][]{section.3.9}{Merge Sort - Vetor Decrescente P10}{chapter.3}% 52
\BOOKMARK [2][]{subsection.3.9.1}{Gr\341fico Merge Sort - Vetor Decrescente P10}{section.3.9}% 53
\BOOKMARK [1][]{section.3.10}{Merge Sort - Vetor Decrescente P20}{chapter.3}% 54
\BOOKMARK [2][]{subsection.3.10.1}{Gr\341fico Merge Sort - Vetor Decrescente P20}{section.3.10}% 55
\BOOKMARK [1][]{section.3.11}{Merge Sort - Vetor Decrescente P30}{chapter.3}% 56
\BOOKMARK [2][]{subsection.3.11.1}{Gr\341fico Merge Sort - Vetor Decrescente P30}{section.3.11}% 57
\BOOKMARK [1][]{section.3.12}{Merge Sort - Vetor Decrescente P40}{chapter.3}% 58
\BOOKMARK [2][]{subsection.3.12.1}{Gr\341fico Merge Sort - Vetor Decrescente P40}{section.3.12}% 59
\BOOKMARK [1][]{section.3.13}{Merge Sort - Vetor Decrescente P50}{chapter.3}% 60
\BOOKMARK [2][]{subsection.3.13.1}{Gr\341fico Merge Sort - Vetor Decrescente P50}{section.3.13}% 61
\BOOKMARK [1][]{section.3.14}{Observa\347\365es Finais}{chapter.3}% 62
\BOOKMARK [0][]{chapter.4}{Heap Sort}{}% 63
\BOOKMARK [1][]{section.4.1}{Heap Sort - Vetor Aleat\363rio}{chapter.4}% 64
\BOOKMARK [2][]{subsection.4.1.1}{Gr\341fico Heap Sort - Vetor Aleat\363rio}{section.4.1}% 65
\BOOKMARK [1][]{section.4.2}{Heap Sort - Vetor Crescente}{chapter.4}% 66
\BOOKMARK [2][]{subsection.4.2.1}{Gr\341fico Heap Sort - Vetor Crescente}{section.4.2}% 67
\BOOKMARK [1][]{section.4.3}{Heap Sort - Vetor Crescente P10}{chapter.4}% 68
\BOOKMARK [2][]{subsection.4.3.1}{Gr\341fico Heap Sort - Vetor Crescente P10}{section.4.3}% 69
\BOOKMARK [1][]{section.4.4}{Heap Sort - Vetor Crescente P20}{chapter.4}% 70
\BOOKMARK [2][]{subsection.4.4.1}{Gr\341fico Heap Sort - Vetor Crescente P20}{section.4.4}% 71
\BOOKMARK [1][]{section.4.5}{Heap Sort - Vetor Crescente P30}{chapter.4}% 72
\BOOKMARK [2][]{subsection.4.5.1}{Gr\341fico Heap Sort - Vetor Crescente P30}{section.4.5}% 73
\BOOKMARK [1][]{section.4.6}{Heap Sort - Vetor Crescente P40}{chapter.4}% 74
\BOOKMARK [2][]{subsection.4.6.1}{Gr\341fico Heap Sort - Vetor Crescente P40}{section.4.6}% 75
\BOOKMARK [1][]{section.4.7}{Heap Sort - Vetor Crescente P50}{chapter.4}% 76
\BOOKMARK [2][]{subsection.4.7.1}{Gr\341fico Heap Sort - Vetor Crescente P50}{section.4.7}% 77
\BOOKMARK [1][]{section.4.8}{Heap Sort - Vetor Decrescente}{chapter.4}% 78
\BOOKMARK [2][]{subsection.4.8.1}{Gr\341fico Heap Sort - Vetor Decrescente}{section.4.8}% 79
\BOOKMARK [1][]{section.4.9}{Heap Sort - Vetor Decrescente P10}{chapter.4}% 80
\BOOKMARK [2][]{subsection.4.9.1}{Gr\341fico Heap Sort - Vetor Decrescente P10}{section.4.9}% 81
\BOOKMARK [1][]{section.4.10}{Heap Sort - Vetor Decrescente P20}{chapter.4}% 82
\BOOKMARK [2][]{subsection.4.10.1}{Gr\341fico Heap Sort - Vetor Decrescente P20}{section.4.10}% 83
\BOOKMARK [1][]{section.4.11}{Heap Sort - Vetor Decrescente P30}{chapter.4}% 84
\BOOKMARK [2][]{subsection.4.11.1}{Gr\341fico Heap Sort - Vetor Decrescente P30}{section.4.11}% 85
\BOOKMARK [1][]{section.4.12}{Heap Sort - Vetor Decrescente P40}{chapter.4}% 86
\BOOKMARK [2][]{subsection.4.12.1}{Gr\341fico Heap Sort - Vetor Decrescente P40}{section.4.12}% 87
\BOOKMARK [1][]{section.4.13}{Heap Sort - Vetor Decrescente P50}{chapter.4}% 88
\BOOKMARK [2][]{subsection.4.13.1}{Gr\341fico Heap Sort - Vetor Decrescente P50}{section.4.13}% 89
\BOOKMARK [1][]{section.4.14}{Observa\347\365es Finais}{chapter.4}% 90
\BOOKMARK [0][]{chapter.5}{Quick Sort}{}% 91
\BOOKMARK [1][]{section.5.1}{Quick Sort - Vetor Aleat\363rio}{chapter.5}% 92
\BOOKMARK [2][]{subsection.5.1.1}{Gr\341fico Quick Sort - Vetor Aleat\363rio}{section.5.1}% 93
\BOOKMARK [1][]{section.5.2}{Quick Sort - Vetor Crescente}{chapter.5}% 94
\BOOKMARK [2][]{subsection.5.2.1}{Gr\341fico Quick Sort - Vetor Crescente}{section.5.2}% 95
\BOOKMARK [1][]{section.5.3}{Quick Sort - Vetor Crescente P10}{chapter.5}% 96
\BOOKMARK [2][]{subsection.5.3.1}{Gr\341fico Quick Sort - Vetor Crescente P10}{section.5.3}% 97
\BOOKMARK [1][]{section.5.4}{Quick Sort - Vetor Crescente P20}{chapter.5}% 98
\BOOKMARK [2][]{subsection.5.4.1}{Gr\341fico Quick Sort - Vetor Crescente P20}{section.5.4}% 99
\BOOKMARK [1][]{section.5.5}{Quick Sort - Vetor Crescente P30}{chapter.5}% 100
\BOOKMARK [2][]{subsection.5.5.1}{Gr\341fico Quick Sort - Vetor Crescente P30}{section.5.5}% 101
\BOOKMARK [1][]{section.5.6}{Quick Sort - Vetor Crescente P40}{chapter.5}% 102
\BOOKMARK [2][]{subsection.5.6.1}{Gr\341fico Quick Sort - Vetor Crescente P40}{section.5.6}% 103
\BOOKMARK [1][]{section.5.7}{Quick Sort - Vetor Crescente P50}{chapter.5}% 104
\BOOKMARK [2][]{subsection.5.7.1}{Gr\341fico Quick Sort - Vetor Crescente P50}{section.5.7}% 105
\BOOKMARK [1][]{section.5.8}{Quick Sort - Vetor Decrescente}{chapter.5}% 106
\BOOKMARK [2][]{subsection.5.8.1}{Gr\341fico Quick Sort - Vetor Decrescente}{section.5.8}% 107
\BOOKMARK [1][]{section.5.9}{Quick Sort - Vetor Decrescente P10}{chapter.5}% 108
\BOOKMARK [2][]{subsection.5.9.1}{Gr\341fico Quick Sort - Vetor Decrescente P10}{section.5.9}% 109
\BOOKMARK [1][]{section.5.10}{Quick Sort - Vetor Decrescente P20}{chapter.5}% 110
\BOOKMARK [2][]{subsection.5.10.1}{Gr\341fico Quick Sort - Vetor Decrescente P20}{section.5.10}% 111
\BOOKMARK [1][]{section.5.11}{Quick Sort - Vetor Decrescente P30}{chapter.5}% 112
\BOOKMARK [2][]{subsection.5.11.1}{Gr\341fico Quick Sort - Vetor Decrescente P30}{section.5.11}% 113
\BOOKMARK [1][]{section.5.12}{Quick Sort - Vetor Decrescente P40}{chapter.5}% 114
\BOOKMARK [2][]{subsection.5.12.1}{Gr\341fico Quick Sort - Vetor Decrescente P40}{section.5.12}% 115
\BOOKMARK [1][]{section.5.13}{Quick Sort - Vetor Decrescente P50}{chapter.5}% 116
\BOOKMARK [2][]{subsection.5.13.1}{Gr\341fico Quick Sort - Vetor Decrescente P50}{section.5.13}% 117
\BOOKMARK [1][]{section.5.14}{Observa\347\365es Finais}{chapter.5}% 118
\BOOKMARK [0][]{chapter.6}{Counting Sort}{}% 119
\BOOKMARK [1][]{section.6.1}{Counting Sort - Vetor Aleat\363rio}{chapter.6}% 120
\BOOKMARK [2][]{subsection.6.1.1}{Gr\341fico Counting Sort - Vetor Aleat\363rio}{section.6.1}% 121
\BOOKMARK [1][]{section.6.2}{Counting Sort - Vetor Crescente}{chapter.6}% 122
\BOOKMARK [2][]{subsection.6.2.1}{Gr\341fico Counting Sort - Vetor Crescente}{section.6.2}% 123
\BOOKMARK [1][]{section.6.3}{Counting Sort - Vetor Crescente P10}{chapter.6}% 124
\BOOKMARK [2][]{subsection.6.3.1}{Gr\341fico Counting Sort - Vetor Crescente P10}{section.6.3}% 125
\BOOKMARK [1][]{section.6.4}{Counting Sort - Vetor Crescente P20}{chapter.6}% 126
\BOOKMARK [2][]{subsection.6.4.1}{Gr\341fico Counting Sort - Vetor Crescente P20}{section.6.4}% 127
\BOOKMARK [1][]{section.6.5}{Counting Sort - Vetor Crescente P30}{chapter.6}% 128
\BOOKMARK [2][]{subsection.6.5.1}{Gr\341fico Counting Sort - Vetor Crescente P30}{section.6.5}% 129
\BOOKMARK [1][]{section.6.6}{Counting Sort - Vetor Crescente P40}{chapter.6}% 130
\BOOKMARK [2][]{subsection.6.6.1}{Gr\341fico Counting Sort - Vetor Crescente P40}{section.6.6}% 131
\BOOKMARK [1][]{section.6.7}{Counting Sort - Vetor Crescente P50}{chapter.6}% 132
\BOOKMARK [2][]{subsection.6.7.1}{Gr\341fico Counting Sort - Vetor Crescente P50}{section.6.7}% 133
\BOOKMARK [1][]{section.6.8}{Counting Sort - Vetor Decrescente}{chapter.6}% 134
\BOOKMARK [2][]{subsection.6.8.1}{Gr\341fico Counting Sort - Vetor Decrescente}{section.6.8}% 135
\BOOKMARK [1][]{section.6.9}{Counting Sort - Vetor Decrescente P10}{chapter.6}% 136
\BOOKMARK [2][]{subsection.6.9.1}{Gr\341fico Counting Sort - Vetor Decrescente P10}{section.6.9}% 137
\BOOKMARK [1][]{section.6.10}{Counting Sort - Vetor Decrescente P20}{chapter.6}% 138
\BOOKMARK [2][]{subsection.6.10.1}{Gr\341fico Counting Sort - Vetor Decrescente P20}{section.6.10}% 139
\BOOKMARK [1][]{section.6.11}{Counting Sort - Vetor Decrescente P30}{chapter.6}% 140
\BOOKMARK [2][]{subsection.6.11.1}{Gr\341fico Counting Sort - Vetor Decrescente P30}{section.6.11}% 141
\BOOKMARK [1][]{section.6.12}{Counting Sort - Vetor Decrescente P40}{chapter.6}% 142
\BOOKMARK [2][]{subsection.6.12.1}{Gr\341fico Counting Sort - Vetor Decrescente P40}{section.6.12}% 143
\BOOKMARK [1][]{section.6.13}{Counting Sort - Vetor Decrescente P50}{chapter.6}% 144
\BOOKMARK [2][]{subsection.6.13.1}{Gr\341fico Counting Sort - Vetor Decrescente P50}{section.6.13}% 145
\BOOKMARK [1][]{section.6.14}{Observa\347\365es Finais}{chapter.6}% 146
\BOOKMARK [0][]{chapter.7}{Radix Sort}{}% 147
\BOOKMARK [1][]{section.7.1}{Radix Sort - Vetor Aleat\363rio}{chapter.7}% 148
\BOOKMARK [2][]{subsection.7.1.1}{Gr\341fico Radix Sort - Vetor Aleat\363rio}{section.7.1}% 149
\BOOKMARK [1][]{section.7.2}{Radix Sort - Vetor Crescente}{chapter.7}% 150
\BOOKMARK [2][]{subsection.7.2.1}{Gr\341fico Radix Sort - Vetor Crescente}{section.7.2}% 151
\BOOKMARK [1][]{section.7.3}{Radix Sort - Vetor Crescente P10}{chapter.7}% 152
\BOOKMARK [2][]{subsection.7.3.1}{Gr\341fico Radix Sort - Vetor Crescente P10}{section.7.3}% 153
\BOOKMARK [1][]{section.7.4}{Radix Sort - Vetor Crescente P20}{chapter.7}% 154
\BOOKMARK [2][]{subsection.7.4.1}{Gr\341fico Radix Sort - Vetor Crescente P20}{section.7.4}% 155
\BOOKMARK [1][]{section.7.5}{Radix Sort - Vetor Crescente P30}{chapter.7}% 156
\BOOKMARK [2][]{subsection.7.5.1}{Gr\341fico Radix Sort - Vetor Crescente P30}{section.7.5}% 157
\BOOKMARK [1][]{section.7.6}{Radix Sort - Vetor Crescente P40}{chapter.7}% 158
\BOOKMARK [2][]{subsection.7.6.1}{Gr\341fico Radix Sort - Vetor Crescente P40}{section.7.6}% 159
\BOOKMARK [1][]{section.7.7}{Radix Sort - Vetor Crescente P50}{chapter.7}% 160
\BOOKMARK [2][]{subsection.7.7.1}{Gr\341fico Radix Sort - Vetor Crescente P50}{section.7.7}% 161
\BOOKMARK [1][]{section.7.8}{Radix Sort - Vetor Decrescente}{chapter.7}% 162
\BOOKMARK [2][]{subsection.7.8.1}{Gr\341fico Radix Sort - Vetor Decrescente}{section.7.8}% 163
\BOOKMARK [1][]{section.7.9}{Radix Sort - Vetor Decrescente P10}{chapter.7}% 164
\BOOKMARK [2][]{subsection.7.9.1}{Gr\341fico Radix Sort - Vetor Decrescente P10}{section.7.9}% 165
\BOOKMARK [1][]{section.7.10}{Radix Sort - Vetor Decrescente P20}{chapter.7}% 166
\BOOKMARK [2][]{subsection.7.10.1}{Gr\341fico Radix Sort - Vetor Decrescente P20}{section.7.10}% 167
\BOOKMARK [1][]{section.7.11}{Radix Sort - Vetor Decrescente P30}{chapter.7}% 168
\BOOKMARK [2][]{subsection.7.11.1}{Gr\341fico Radix Sort - Vetor Decrescente P30}{section.7.11}% 169
\BOOKMARK [1][]{section.7.12}{Radix Sort - Vetor Decrescente P40}{chapter.7}% 170
\BOOKMARK [2][]{subsection.7.12.1}{Gr\341fico Radix Sort - Vetor Decrescente P40}{section.7.12}% 171
\BOOKMARK [1][]{section.7.13}{Radix Sort - Vetor Decrescente P50}{chapter.7}% 172
\BOOKMARK [2][]{subsection.7.13.1}{Gr\341fico Radix Sort - Vetor Decrescente P50}{section.7.13}% 173
\BOOKMARK [1][]{section.7.14}{Observa\347\365es Finais}{chapter.7}% 174
\BOOKMARK [0][]{chapter.8}{Bucket sort}{}% 175
\BOOKMARK [1][]{section.8.1}{Bucket sort - Vetor Aleat\363rio}{chapter.8}% 176
\BOOKMARK [2][]{subsection.8.1.1}{Gr\341fico Bucket sort - Vetor Alet\363rio}{section.8.1}% 177
\BOOKMARK [1][]{section.8.2}{Bucket sort - Vetor Crescente}{chapter.8}% 178
\BOOKMARK [2][]{subsection.8.2.1}{Grafico Bucket sort - Vetor Crescente}{section.8.2}% 179
\BOOKMARK [1][]{section.8.3}{Bucket sort - Vetor Crescente P10}{chapter.8}% 180
\BOOKMARK [2][]{subsection.8.3.1}{Grafico Bucket sort - Vetor Crescente P10}{section.8.3}% 181
\BOOKMARK [1][]{section.8.4}{Bucket sort - Vetor Crescente P20}{chapter.8}% 182
\BOOKMARK [2][]{subsection.8.4.1}{Grafico Bucket sort - Vetor Crescente P20}{section.8.4}% 183
\BOOKMARK [1][]{section.8.5}{Bucket sort - Vetor Crescente P30}{chapter.8}% 184
\BOOKMARK [2][]{subsection.8.5.1}{Grafico Bucket sort - Vetor Crescente P30}{section.8.5}% 185
\BOOKMARK [1][]{section.8.6}{Bucket sort - Vetor Crescente P40}{chapter.8}% 186
\BOOKMARK [2][]{subsection.8.6.1}{Grafico Bucket sort - Vetor Crescente P40}{section.8.6}% 187
\BOOKMARK [1][]{section.8.7}{Bucket sort - Vetor Crescente P50}{chapter.8}% 188
\BOOKMARK [2][]{subsection.8.7.1}{Grafico Bucket sort - Vetor Crescente P50}{section.8.7}% 189
\BOOKMARK [1][]{section.8.8}{Bucket sort - Vetor Decrescente}{chapter.8}% 190
\BOOKMARK [2][]{subsection.8.8.1}{Grafico Bucket sort - Vetor Decrescente}{section.8.8}% 191
\BOOKMARK [1][]{section.8.9}{Bucket sort - Vetor Decrescente P10}{chapter.8}% 192
\BOOKMARK [2][]{subsection.8.9.1}{Grafico Bucket sort - Vetor Decrescente P10}{section.8.9}% 193
\BOOKMARK [1][]{section.8.10}{Bucket sort - Vetor Decrescente P20}{chapter.8}% 194
\BOOKMARK [2][]{subsection.8.10.1}{Grafico Bucket sort - Vetor Decrescente P20}{section.8.10}% 195
\BOOKMARK [1][]{section.8.11}{Bucket sort - Vetor Decrescente P30}{chapter.8}% 196
\BOOKMARK [2][]{subsection.8.11.1}{Grafico Bucket sort - Vetor Decrescente P30}{section.8.11}% 197
\BOOKMARK [1][]{section.8.12}{Bucket sort - Vetor Decrescente P40}{chapter.8}% 198
\BOOKMARK [2][]{subsection.8.12.1}{Grafico Bucket sort - Vetor Decrescente P40}{section.8.12}% 199
\BOOKMARK [1][]{section.8.13}{Bucket sort - Vetor Decrescente P50}{chapter.8}% 200
\BOOKMARK [2][]{subsection.8.13.1}{Grafico Bucket sort - Vetor Decrescente P50}{section.8.13}% 201
\BOOKMARK [1][]{section.8.14}{Observa\347\365es Finais}{chapter.8}% 202
\BOOKMARK [0][]{chapter.9}{Refer\352ncias}{}% 203
