

*******************************************************************************
Wed Jun 28 01:11:51 2017


FIT:    data read from 'vIntDecrescente.dat' using 1:2
        format = x:z
        #datapoints = 11
        residuals are weighted equally (unit weight)

function used for fitting: t(x)
	t(x) = a*x*log(x) + b
fitted parameters initialized with current variable values

iter      chisq       delta/lim  lambda   a             b            
   0 2.4746542739e+09   0.00e+00  3.83e+04    1.000000e+00   1.000000e+00
   8 4.1276777367e+07  -1.30e-07  3.83e-04    1.262096e+00   1.311868e+03

After 8 iterations the fit converged.
final sum of squares of residuals : 4.12768e+07
rel. change during last iteration : -1.30197e-12

degrees of freedom    (FIT_NDF)                        : 9
rms of residuals      (FIT_STDFIT) = sqrt(WSSR/ndf)    : 2141.57
variance of residuals (reduced chisquare) = WSSR/ndf   : 4.58631e+06

Final set of parameters            Asymptotic Standard Error
=======================            ==========================
a               = 1.2621           +/- 0.01375      (1.089%)
b               = 1311.87          +/- 743.7        (56.69%)

correlation matrix of the fit parameters:
                a      b      
a               1.000 
b              -0.496  1.000 
