

*******************************************************************************
Tue Aug  1 20:15:25 2017


FIT:    data read from 'Esparso.dat' using 1:2
        format = x:z
        #datapoints = 4
        residuals are weighted equally (unit weight)

function used for fitting: t(x)
fitted parameters initialized with current variable values



 Iteration 0
 WSSR        : 1.72224e+09       delta(WSSR)/WSSR   : 0
 delta(WSSR) : 0                 limit for stopping : 1e-05
 lambda	  : 466.476

initial set of free parameter values

a               = 1
b               = 1

After 3 iterations the fit converged.
final sum of squares of residuals : 1.36343e+07
rel. change during last iteration : -2.41135e-06

degrees of freedom    (FIT_NDF)                        : 2
rms of residuals      (FIT_STDFIT) = sqrt(WSSR/ndf)    : 2610.97
variance of residuals (reduced chisquare) = WSSR/ndf   : 6.81715e+06

Final set of parameters            Asymptotic Standard Error
=======================            ==========================

a               = 29.0215          +/- 4.108e+16    (1.416e+17%)
b               = 15.0108          +/- 8.217e+16    (5.474e+17%)


correlation matrix of the fit parameters:

               a      b      
a               1.000 
b              -1.000  1.000 


*******************************************************************************
Wed Aug  2 10:05:17 2017


FIT:    data read from 'Esparso.dat' using 1:2
        format = x:z
        #datapoints = 4
        residuals are weighted equally (unit weight)

function used for fitting: t(x)
fitted parameters initialized with current variable values



 Iteration 0
 WSSR        : 1.72224e+09       delta(WSSR)/WSSR   : 0
 delta(WSSR) : 0                 limit for stopping : 1e-05
 lambda	  : 466.476

initial set of free parameter values

a               = 1
b               = 1

After 3 iterations the fit converged.
final sum of squares of residuals : 1.36343e+07
rel. change during last iteration : -2.41135e-06

degrees of freedom    (FIT_NDF)                        : 2
rms of residuals      (FIT_STDFIT) = sqrt(WSSR/ndf)    : 2610.97
variance of residuals (reduced chisquare) = WSSR/ndf   : 6.81715e+06

Final set of parameters            Asymptotic Standard Error
=======================            ==========================

a               = 29.0215          +/- 4.108e+16    (1.416e+17%)
b               = 15.0108          +/- 8.217e+16    (5.474e+17%)


correlation matrix of the fit parameters:

               a      b      
a               1.000 
b              -1.000  1.000 
