

*******************************************************************************
Wed Aug  2 06:14:03 2017


FIT:    data read from 'Dados.dat' using 1:2
        format = x:z
        #datapoints = 11
        residuals are weighted equally (unit weight)

function used for fitting: t(x)
	t(x) = a*x + b
fitted parameters initialized with current variable values

iter      chisq       delta/lim  lambda   a             b            
   0 9.1646684000e+07   0.00e+00  4.03e+03    1.000000e+00   1.000000e+00
   7 1.7673022832e+05  -7.95e-06  4.03e-04    4.549259e-01   4.915697e+02

After 7 iterations the fit converged.
final sum of squares of residuals : 176730
rel. change during last iteration : -7.94909e-11

degrees of freedom    (FIT_NDF)                        : 9
rms of residuals      (FIT_STDFIT) = sqrt(WSSR/ndf)    : 140.131
variance of residuals (reduced chisquare) = WSSR/ndf   : 19636.7

Final set of parameters            Asymptotic Standard Error
=======================            ==========================
a               = 0.454926         +/- 0.008684     (1.909%)
b               = 491.57           +/- 49.53        (10.08%)

correlation matrix of the fit parameters:
                a      b      
a               1.000 
b              -0.522  1.000 
