

*******************************************************************************
Wed Aug  2 06:24:47 2017


FIT:    data read from 'Dados.dat' using 1:2
        format = x:z
        #datapoints = 11
        residuals are weighted equally (unit weight)

function used for fitting: t(x)
	t(x) = a*x + b
fitted parameters initialized with current variable values

iter      chisq       delta/lim  lambda   a             b            
   0 2.9893094115e+10   0.00e+00  4.03e+03    1.000000e+00   1.000000e+00
   6 1.4751317957e+09  -3.05e-02  4.03e-03    9.961799e+00  -5.628027e+02

After 6 iterations the fit converged.
final sum of squares of residuals : 1.47513e+09
rel. change during last iteration : -3.04519e-07

degrees of freedom    (FIT_NDF)                        : 9
rms of residuals      (FIT_STDFIT) = sqrt(WSSR/ndf)    : 12802.5
variance of residuals (reduced chisquare) = WSSR/ndf   : 1.63904e+08

Final set of parameters            Asymptotic Standard Error
=======================            ==========================
a               = 9.9618           +/- 0.7934       (7.964%)
b               = -562.803         +/- 4526         (804.1%)

correlation matrix of the fit parameters:
                a      b      
a               1.000 
b              -0.522  1.000 


*******************************************************************************
Wed Aug  2 12:25:07 2017


FIT:    data read from 'Dados.dat' using 1:2
        format = x:z
        #datapoints = 11
        residuals are weighted equally (unit weight)

function used for fitting: t(x)
	t(x) = a*x + b
fitted parameters initialized with current variable values

iter      chisq       delta/lim  lambda   a             b            
   0 2.9893094115e+10   0.00e+00  4.03e+03    1.000000e+00   1.000000e+00
   6 1.4751317957e+09  -3.05e-02  4.03e-03    9.961799e+00  -5.628027e+02

After 6 iterations the fit converged.
final sum of squares of residuals : 1.47513e+09
rel. change during last iteration : -3.04519e-07

degrees of freedom    (FIT_NDF)                        : 9
rms of residuals      (FIT_STDFIT) = sqrt(WSSR/ndf)    : 12802.5
variance of residuals (reduced chisquare) = WSSR/ndf   : 1.63904e+08

Final set of parameters            Asymptotic Standard Error
=======================            ==========================
a               = 9.9618           +/- 0.7934       (7.964%)
b               = -562.803         +/- 4526         (804.1%)

correlation matrix of the fit parameters:
                a      b      
a               1.000 
b              -0.522  1.000 


*******************************************************************************
Wed Aug  2 12:25:38 2017


FIT:    data read from 'Dados.dat' using 1:2
        format = x:z
        #datapoints = 11
        residuals are weighted equally (unit weight)

function used for fitting: t(x)
	t(x) = a*x + b
fitted parameters initialized with current variable values

iter      chisq       delta/lim  lambda   a             b            
   0 6.9678861150e+09   0.00e+00  4.03e+03    1.000000e+00   1.000000e+00
   7 2.4693325415e+08  -4.25e-07  4.03e-04    4.899009e+00   4.238696e+03

After 7 iterations the fit converged.
final sum of squares of residuals : 2.46933e+08
rel. change during last iteration : -4.2455e-12

degrees of freedom    (FIT_NDF)                        : 9
rms of residuals      (FIT_STDFIT) = sqrt(WSSR/ndf)    : 5238.04
variance of residuals (reduced chisquare) = WSSR/ndf   : 2.7437e+07

Final set of parameters            Asymptotic Standard Error
=======================            ==========================
a               = 4.89901          +/- 0.3246       (6.626%)
b               = 4238.7           +/- 1852         (43.68%)

correlation matrix of the fit parameters:
                a      b      
a               1.000 
b              -0.522  1.000 


*******************************************************************************
Wed Aug  2 12:26:16 2017


FIT:    data read from 'Dados.dat' using 1:2
        format = x:z
        #datapoints = 11
        residuals are weighted equally (unit weight)

function used for fitting: t(x)
	t(x) = a*x + b
fitted parameters initialized with current variable values

iter      chisq       delta/lim  lambda   a             b            
   0 7.2087401150e+09   0.00e+00  4.03e+03    1.000000e+00   1.000000e+00
   7 6.6475231272e+07  -7.04e-07  4.03e-04    5.187833e+00   2.833281e+03

After 7 iterations the fit converged.
final sum of squares of residuals : 6.64752e+07
rel. change during last iteration : -7.0437e-12

degrees of freedom    (FIT_NDF)                        : 9
rms of residuals      (FIT_STDFIT) = sqrt(WSSR/ndf)    : 2717.74
variance of residuals (reduced chisquare) = WSSR/ndf   : 7.38614e+06

Final set of parameters            Asymptotic Standard Error
=======================            ==========================
a               = 5.18783          +/- 0.1684       (3.246%)
b               = 2833.28          +/- 960.7        (33.91%)

correlation matrix of the fit parameters:
                a      b      
a               1.000 
b              -0.522  1.000 
