

*******************************************************************************
Tue Jun 27 22:28:04 2017


FIT:    data read from 'vIntDecrescenteP10.dat' using 1:2
        format = x:z
        #datapoints = 11
        residuals are weighted equally (unit weight)

function used for fitting: t(x)
fitted parameters initialized with current variable values



 Iteration 0
 WSSR        : 6.72757e+16       delta(WSSR)/WSSR   : 0
 delta(WSSR) : 0                 limit for stopping : 1e-05
 lambda	  : 4.82611e+07

initial set of free parameter values

a               = 1
b               = 1
c               = 1

After 11 iterations the fit converged.
final sum of squares of residuals : 9.15331e+10
rel. change during last iteration : -2.93228e-11

degrees of freedom    (FIT_NDF)                        : 8
rms of residuals      (FIT_STDFIT) = sqrt(WSSR/ndf)    : 106966
variance of residuals (reduced chisquare) = WSSR/ndf   : 1.14416e+10

Final set of parameters            Asymptotic Standard Error
=======================            ==========================

a               = 0.0685297        +/- 0.001517     (2.213%)
b               = -66.1759         +/- 24           (36.27%)
c               = 63847.8          +/- 4.247e+04    (66.52%)


correlation matrix of the fit parameters:

               a      b      c      
a               1.000 
b              -0.961  1.000 
c               0.455 -0.566  1.000 


*******************************************************************************
Wed Jun 28 02:02:10 2017


FIT:    data read from 'vIntDecrescenteP10.dat' using 1:2
        format = x:z
        #datapoints = 11
        residuals are weighted equally (unit weight)

function used for fitting: t(x)
	t(x) = a*x*log(x) + b
fitted parameters initialized with current variable values

iter      chisq       delta/lim  lambda   a             b            
   0 3.1376328482e+14   0.00e+00  3.83e+04    1.000000e+00   1.000000e+00
   8 1.7470185403e+13  -7.56e-08  3.83e-04    1.023236e+02  -6.498292e+05

After 8 iterations the fit converged.
final sum of squares of residuals : 1.74702e+13
rel. change during last iteration : -7.55528e-13

degrees of freedom    (FIT_NDF)                        : 9
rms of residuals      (FIT_STDFIT) = sqrt(WSSR/ndf)    : 1.39325e+06
variance of residuals (reduced chisquare) = WSSR/ndf   : 1.94113e+12

Final set of parameters            Asymptotic Standard Error
=======================            ==========================
a               = 102.324          +/- 8.943        (8.74%)
b               = -649829          +/- 4.838e+05    (74.45%)

correlation matrix of the fit parameters:
                a      b      
a               1.000 
b              -0.496  1.000 


*******************************************************************************
Wed Jun 28 23:30:37 2017


FIT:    data read from 'vIntDecrescenteP10.dat' using 1:2
        format = x:z
        #datapoints = 11
        residuals are weighted equally (unit weight)

function used for fitting: t(x)
	t(x) = a*x*log(x) + b
fitted parameters initialized with current variable values

iter      chisq       delta/lim  lambda   a             b            
   0 4.7629943762e+11   0.00e+00  3.83e+04    1.000000e+00   1.000000e+00
   8 7.1587423144e+07  -3.53e-07  3.83e-04    4.819710e+00   2.842717e+03

After 8 iterations the fit converged.
final sum of squares of residuals : 7.15874e+07
rel. change during last iteration : -3.53111e-12

degrees of freedom    (FIT_NDF)                        : 9
rms of residuals      (FIT_STDFIT) = sqrt(WSSR/ndf)    : 2820.31
variance of residuals (reduced chisquare) = WSSR/ndf   : 7.95416e+06

Final set of parameters            Asymptotic Standard Error
=======================            ==========================
a               = 4.81971          +/- 0.0181       (0.3756%)
b               = 2842.72          +/- 979.4        (34.45%)

correlation matrix of the fit parameters:
                a      b      
a               1.000 
b              -0.496  1.000 
