

*******************************************************************************
Wed Aug  2 06:25:03 2017


FIT:    data read from 'Dados.dat' using 1:2
        format = x:z
        #datapoints = 11
        residuals are weighted equally (unit weight)

function used for fitting: t(x)
	t(x) = a*x + b
fitted parameters initialized with current variable values

iter      chisq       delta/lim  lambda   a             b            
   0 2.0127989058e+10   0.00e+00  4.03e+03    1.000000e+00   1.000000e+00
   3 4.4966159083e+08  -5.78e-01  4.03e+00    8.414809e+00   1.901161e+00

After 3 iterations the fit converged.
final sum of squares of residuals : 4.49662e+08
rel. change during last iteration : -5.78137e-06

degrees of freedom    (FIT_NDF)                        : 9
rms of residuals      (FIT_STDFIT) = sqrt(WSSR/ndf)    : 7068.41
variance of residuals (reduced chisquare) = WSSR/ndf   : 4.99624e+07

Final set of parameters            Asymptotic Standard Error
=======================            ==========================
a               = 8.41481          +/- 0.438        (5.205%)
b               = 1.90116          +/- 2499         (1.314e+05%)

correlation matrix of the fit parameters:
                a      b      
a               1.000 
b              -0.522  1.000 


*******************************************************************************
Wed Aug  2 12:27:13 2017


FIT:    data read from 'Dados.dat' using 1:2
        format = x:z
        #datapoints = 11
        residuals are weighted equally (unit weight)

function used for fitting: t(x)
	t(x) = a*x + b
fitted parameters initialized with current variable values

iter      chisq       delta/lim  lambda   a             b            
   0 2.0127989058e+10   0.00e+00  4.03e+03    1.000000e+00   1.000000e+00
   3 4.4966159083e+08  -5.78e-01  4.03e+00    8.414809e+00   1.901161e+00

After 3 iterations the fit converged.
final sum of squares of residuals : 4.49662e+08
rel. change during last iteration : -5.78137e-06

degrees of freedom    (FIT_NDF)                        : 9
rms of residuals      (FIT_STDFIT) = sqrt(WSSR/ndf)    : 7068.41
variance of residuals (reduced chisquare) = WSSR/ndf   : 4.99624e+07

Final set of parameters            Asymptotic Standard Error
=======================            ==========================
a               = 8.41481          +/- 0.438        (5.205%)
b               = 1.90116          +/- 2499         (1.314e+05%)

correlation matrix of the fit parameters:
                a      b      
a               1.000 
b              -0.522  1.000 
