

*******************************************************************************
Tue Jun 27 21:39:11 2017


FIT:    data read from 'vIntCrescente.dat' using 1:2
        format = x:z
        #datapoints = 11
        residuals are weighted equally (unit weight)

function used for fitting: t(x)
fitted parameters initialized with current variable values



 Iteration 0
 WSSR        : 1.19503e+12       delta(WSSR)/WSSR   : 0
 delta(WSSR) : 0                 limit for stopping : 1e-05
 lambda	  : 4033.46

initial set of free parameter values

a               = 1
b               = 1

After 6 iterations the fit converged.
final sum of squares of residuals : 8.7369e+08
rel. change during last iteration : -6.59556e-06

degrees of freedom    (FIT_NDF)                        : 9
rms of residuals      (FIT_STDFIT) = sqrt(WSSR/ndf)    : 9852.75
variance of residuals (reduced chisquare) = WSSR/ndf   : 9.70767e+07

Final set of parameters            Asymptotic Standard Error
=======================            ==========================

a               = 58.9459          +/- 0.6106       (1.036%)
b               = -2018.34         +/- 3483         (172.6%)


correlation matrix of the fit parameters:

               a      b      
a               1.000 
b              -0.522  1.000 
