

*******************************************************************************
Wed Aug  2 05:50:36 2017


FIT:    data read from 'Dados.dat' using 1:2
        format = x:z
        #datapoints = 12
        residuals are weighted equally (unit weight)

function used for fitting: t(x)
	t(x) = a*x**2 + b*x + c
fitted parameters initialized with current variable values

iter      chisq       delta/lim  lambda   a             b             c            
   0 1.2298473225e+18   0.00e+00  1.85e+08    1.000000e+00   1.000000e+00   1.000000e+00
  11 5.1796009261e+05  -8.45e-01  1.85e-03    1.773551e-06   1.261013e-01   5.369771e+02

After 11 iterations the fit converged.
final sum of squares of residuals : 517960
rel. change during last iteration : -8.44559e-06

degrees of freedom    (FIT_NDF)                        : 9
rms of residuals      (FIT_STDFIT) = sqrt(WSSR/ndf)    : 239.898
variance of residuals (reduced chisquare) = WSSR/ndf   : 57551.1

Final set of parameters            Asymptotic Standard Error
=======================            ==========================
a               = 1.77355e-06      +/- 8.386e-07    (47.28%)
b               = 0.126101         +/- 0.02633      (20.88%)
c               = 536.977          +/- 88.56        (16.49%)

correlation matrix of the fit parameters:
                a      b      c      
a               1.000 
b              -0.961  1.000 
c               0.430 -0.538  1.000 
