

*******************************************************************************
Wed Aug  2 06:13:34 2017


FIT:    data read from 'Dados.dat' using 1:2
        format = x:z
        #datapoints = 11
        residuals are weighted equally (unit weight)

function used for fitting: t(x)
	t(x) = a*x + b
fitted parameters initialized with current variable values

iter      chisq       delta/lim  lambda   a             b            
   0 1.3474383500e+08   0.00e+00  4.03e+03    1.000000e+00   1.000000e+00
   7 1.2917639368e+05  -3.33e-06  4.03e-04    3.632410e-01   2.722845e+02

After 7 iterations the fit converged.
final sum of squares of residuals : 129176
rel. change during last iteration : -3.32601e-11

degrees of freedom    (FIT_NDF)                        : 9
rms of residuals      (FIT_STDFIT) = sqrt(WSSR/ndf)    : 119.804
variance of residuals (reduced chisquare) = WSSR/ndf   : 14352.9

Final set of parameters            Asymptotic Standard Error
=======================            ==========================
a               = 0.363241         +/- 0.007424     (2.044%)
b               = 272.284          +/- 42.35        (15.55%)

correlation matrix of the fit parameters:
                a      b      
a               1.000 
b              -0.522  1.000 
