

*******************************************************************************
Wed Aug  2 05:50:46 2017


FIT:    data read from 'Dados.dat' using 1:2
        format = x:z
        #datapoints = 12
        residuals are weighted equally (unit weight)

function used for fitting: t(x)
	t(x) = a*x**2 + b*x + c
fitted parameters initialized with current variable values

iter      chisq       delta/lim  lambda   a             b             c            
   0 1.2298471443e+18   0.00e+00  1.85e+08    1.000000e+00   1.000000e+00   1.000000e+00
  12 3.0761138794e+05  -3.52e-09  1.85e-04    1.965289e-06   1.212540e-01   5.706519e+02

After 12 iterations the fit converged.
final sum of squares of residuals : 307611
rel. change during last iteration : -3.51958e-14

degrees of freedom    (FIT_NDF)                        : 9
rms of residuals      (FIT_STDFIT) = sqrt(WSSR/ndf)    : 184.876
variance of residuals (reduced chisquare) = WSSR/ndf   : 34179

Final set of parameters            Asymptotic Standard Error
=======================            ==========================
a               = 1.96529e-06      +/- 6.462e-07    (32.88%)
b               = 0.121254         +/- 0.02029      (16.74%)
c               = 570.652          +/- 68.25        (11.96%)

correlation matrix of the fit parameters:
                a      b      c      
a               1.000 
b              -0.961  1.000 
c               0.430 -0.538  1.000 
