

*******************************************************************************
Wed Aug  2 06:12:00 2017


FIT:    data read from 'Dados.dat' using 1:2
        format = x:z
        #datapoints = 11
        residuals are weighted equally (unit weight)

function used for fitting: t(x)
	t(x) = a*x + b
fitted parameters initialized with current variable values

iter      chisq       delta/lim  lambda   a             b            
   0 1.0770261800e+08   0.00e+00  4.03e+03    1.000000e+00   1.000000e+00
   7 3.9436290842e+05  -5.12e-07  4.03e-04    4.361338e-01   1.869768e+02

After 7 iterations the fit converged.
final sum of squares of residuals : 394363
rel. change during last iteration : -5.11933e-12

degrees of freedom    (FIT_NDF)                        : 9
rms of residuals      (FIT_STDFIT) = sqrt(WSSR/ndf)    : 209.328
variance of residuals (reduced chisquare) = WSSR/ndf   : 43818.1

Final set of parameters            Asymptotic Standard Error
=======================            ==========================
a               = 0.436134         +/- 0.01297      (2.974%)
b               = 186.977          +/- 73.99        (39.57%)

correlation matrix of the fit parameters:
                a      b      
a               1.000 
b              -0.522  1.000 
