

*******************************************************************************
Wed Aug  2 06:23:13 2017


FIT:    data read from 'Dados.dat' using 1:2
        format = x:z
        #datapoints = 6
        residuals are weighted equally (unit weight)

function used for fitting: t(x)
	t(x) = a*x**3 + b*x**2 + c*x + d
fitted parameters initialized with current variable values

iter      chisq       delta/lim  lambda   a             b             c             d            
   0 4.6147117620e+15   0.00e+00  2.76e+07    1.000000e+00   1.000000e+00   1.000000e+00   1.000000e+00
  11 9.3016795298e+09  -1.54e-03  2.76e-04    6.700826e-01  -1.032384e+02   9.034850e+03  -1.631620e+05

After 11 iterations the fit converged.
final sum of squares of residuals : 9.30168e+09
rel. change during last iteration : -1.54376e-08

degrees of freedom    (FIT_NDF)                        : 2
rms of residuals      (FIT_STDFIT) = sqrt(WSSR/ndf)    : 68197.1
variance of residuals (reduced chisquare) = WSSR/ndf   : 4.65084e+09

Final set of parameters            Asymptotic Standard Error
=======================            ==========================
a               = 0.670083         +/- 0.01452      (2.167%)
b               = -103.238         +/- 11.05        (10.7%)
c               = 9034.85          +/- 2050         (22.68%)
d               = -163162          +/- 7.856e+04    (48.15%)

correlation matrix of the fit parameters:
                a      b      c      d      
a               1.000 
b              -0.994  1.000 
c               0.947 -0.976  1.000 
d              -0.736  0.782 -0.868  1.000 
