

*******************************************************************************
Tue Jun 27 21:54:01 2017


FIT:    data read from 'vIntDecrescenteP10.dat' using 1:2
        format = x:z
        #datapoints = 11
        residuals are weighted equally (unit weight)

function used for fitting: t(x)
fitted parameters initialized with current variable values



 Iteration 0
 WSSR        : 7.68144e+16       delta(WSSR)/WSSR   : 0
 delta(WSSR) : 0                 limit for stopping : 1e-05
 lambda	  : 4.82611e+07

initial set of free parameter values

a               = 1
b               = 1
c               = 1

After 11 iterations the fit converged.
final sum of squares of residuals : 6.31937e+06
rel. change during last iteration : -4.28598e-12

degrees of freedom    (FIT_NDF)                        : 8
rms of residuals      (FIT_STDFIT) = sqrt(WSSR/ndf)    : 888.775
variance of residuals (reduced chisquare) = WSSR/ndf   : 789921

Final set of parameters            Asymptotic Standard Error
=======================            ==========================

a               = -8.83235e-06     +/- 1.26e-05     (142.7%)
b               = 5.80332          +/- 0.1994       (3.437%)
c               = 203.81           +/- 352.9        (173.1%)


correlation matrix of the fit parameters:

               a      b      c      
a               1.000 
b              -0.961  1.000 
c               0.455 -0.566  1.000 


*******************************************************************************
Tue Jun 27 23:21:36 2017


FIT:    data read from 'vIntDecrescenteP10.dat' using 1:2
        format = x:z
        #datapoints = 11
        residuals are weighted equally (unit weight)

function used for fitting: t(x)
	t(x) = a*x + b
fitted parameters initialized with current variable values

iter      chisq       delta/lim  lambda   a             b            
   0 7.9065602200e+09   0.00e+00  4.03e+03    1.000000e+00   1.000000e+00
   7 6.7073502585e+06  -8.68e-08  4.03e-04    5.668978e+00   3.164215e+02

After 7 iterations the fit converged.
final sum of squares of residuals : 6.70735e+06
rel. change during last iteration : -8.67541e-13

degrees of freedom    (FIT_NDF)                        : 9
rms of residuals      (FIT_STDFIT) = sqrt(WSSR/ndf)    : 863.285
variance of residuals (reduced chisquare) = WSSR/ndf   : 745261

Final set of parameters            Asymptotic Standard Error
=======================            ==========================
a               = 5.66898          +/- 0.0535       (0.9437%)
b               = 316.422          +/- 305.2        (96.44%)

correlation matrix of the fit parameters:
                a      b      
a               1.000 
b              -0.522  1.000 
