

*******************************************************************************
Tue Jun 27 22:14:23 2017


FIT:    data read from 'vIntCrescenteP10.dat' using 1:2
        format = x:z
        #datapoints = 11
        residuals are weighted equally (unit weight)

function used for fitting: t(x)
fitted parameters initialized with current variable values



 Iteration 0
 WSSR        : 7.6392e+16        delta(WSSR)/WSSR   : 0
 delta(WSSR) : 0                 limit for stopping : 1e-05
 lambda	  : 4.82611e+07

initial set of free parameter values

a               = 1
b               = 1
c               = 1

After 11 iterations the fit converged.
final sum of squares of residuals : 1.97932e+08
rel. change during last iteration : -2.97187e-11

degrees of freedom    (FIT_NDF)                        : 8
rms of residuals      (FIT_STDFIT) = sqrt(WSSR/ndf)    : 4974.08
variance of residuals (reduced chisquare) = WSSR/ndf   : 2.47415e+07

Final set of parameters            Asymptotic Standard Error
=======================            ==========================

a               = 0.000489385      +/- 7.053e-05    (14.41%)
b               = 40.4986          +/- 1.116        (2.756%)
c               = -2987.69         +/- 1975         (66.1%)


correlation matrix of the fit parameters:

               a      b      c      
a               1.000 
b              -0.961  1.000 
c               0.455 -0.566  1.000 


*******************************************************************************
Tue Jun 27 22:19:29 2017


FIT:    data read from 'vIntCrescenteP10.dat' using 1:2
        format = x:z
        #datapoints = 11
        residuals are weighted equally (unit weight)

function used for fitting: t(x)
fitted parameters initialized with current variable values



 Iteration 0
 WSSR        : 7.6392e+16        delta(WSSR)/WSSR   : 0
 delta(WSSR) : 0                 limit for stopping : 1e-05
 lambda	  : 4.82611e+07

initial set of free parameter values

a               = 1
b               = 1
c               = 1

After 11 iterations the fit converged.
final sum of squares of residuals : 1.97932e+08
rel. change during last iteration : -2.97187e-11

degrees of freedom    (FIT_NDF)                        : 8
rms of residuals      (FIT_STDFIT) = sqrt(WSSR/ndf)    : 4974.08
variance of residuals (reduced chisquare) = WSSR/ndf   : 2.47415e+07

Final set of parameters            Asymptotic Standard Error
=======================            ==========================

a               = 0.000489385      +/- 7.053e-05    (14.41%)
b               = 40.4986          +/- 1.116        (2.756%)
c               = -2987.69         +/- 1975         (66.1%)


correlation matrix of the fit parameters:

               a      b      c      
a               1.000 
b              -0.961  1.000 
c               0.455 -0.566  1.000 
