

*******************************************************************************
Tue Aug  1 20:52:11 2017


FIT:    data read from 'Dados.dat' using 1:2
        format = x:z
        #datapoints = 11
        residuals are weighted equally (unit weight)

function used for fitting: t(x)
fitted parameters initialized with current variable values



 Iteration 0
 WSSR        : 1.43033e+14       delta(WSSR)/WSSR   : 0
 delta(WSSR) : 0                 limit for stopping : 1e-05
 lambda	  : 38254.5

initial set of free parameter values

a               = 1
b               = 1

After 3 iterations the fit converged.
final sum of squares of residuals : 2.99506e+11
rel. change during last iteration : -5.46517e-06

degrees of freedom    (FIT_NDF)                        : 9
rms of residuals      (FIT_STDFIT) = sqrt(WSSR/ndf)    : 182424
variance of residuals (reduced chisquare) = WSSR/ndf   : 3.32784e+10

Final set of parameters            Asymptotic Standard Error
=======================            ==========================

a               = 67.5839          +/- 1.171        (1.733%)
b               = 3.34834          +/- 6.335e+04    (1.892e+06%)


correlation matrix of the fit parameters:

               a      b      
a               1.000 
b              -0.496  1.000 
