

*******************************************************************************
Tue Jun 27 22:27:42 2017


FIT:    data read from 'vIntCrescenteP50.dat' using 1:2
        format = x:z
        #datapoints = 11
        residuals are weighted equally (unit weight)

function used for fitting: t(x)
fitted parameters initialized with current variable values



 Iteration 0
 WSSR        : 6.73034e+16       delta(WSSR)/WSSR   : 0
 delta(WSSR) : 0                 limit for stopping : 1e-05
 lambda	  : 4.82611e+07

initial set of free parameter values

a               = 1
b               = 1
c               = 1

After 11 iterations the fit converged.
final sum of squares of residuals : 8.49759e+10
rel. change during last iteration : -2.80784e-11

degrees of freedom    (FIT_NDF)                        : 8
rms of residuals      (FIT_STDFIT) = sqrt(WSSR/ndf)    : 103063
variance of residuals (reduced chisquare) = WSSR/ndf   : 1.0622e+10

Final set of parameters            Asymptotic Standard Error
=======================            ==========================

a               = 0.0680194        +/- 0.001461     (2.149%)
b               = -61.0509         +/- 23.13        (37.88%)
c               = 60192            +/- 4.092e+04    (67.98%)


correlation matrix of the fit parameters:

               a      b      c      
a               1.000 
b              -0.961  1.000 
c               0.455 -0.566  1.000 


*******************************************************************************
Tue Jun 27 22:27:47 2017


FIT:    data read from 'vIntCrescenteP50.dat' using 1:2
        format = x:z
        #datapoints = 11
        residuals are weighted equally (unit weight)

function used for fitting: t(x)
fitted parameters initialized with current variable values



 Iteration 0
 WSSR        : 6.73034e+16       delta(WSSR)/WSSR   : 0
 delta(WSSR) : 0                 limit for stopping : 1e-05
 lambda	  : 4.82611e+07

initial set of free parameter values

a               = 1
b               = 1
c               = 1

After 11 iterations the fit converged.
final sum of squares of residuals : 8.49759e+10
rel. change during last iteration : -2.80784e-11

degrees of freedom    (FIT_NDF)                        : 8
rms of residuals      (FIT_STDFIT) = sqrt(WSSR/ndf)    : 103063
variance of residuals (reduced chisquare) = WSSR/ndf   : 1.0622e+10

Final set of parameters            Asymptotic Standard Error
=======================            ==========================

a               = 0.0680194        +/- 0.001461     (2.149%)
b               = -61.0509         +/- 23.13        (37.88%)
c               = 60192            +/- 4.092e+04    (67.98%)


correlation matrix of the fit parameters:

               a      b      c      
a               1.000 
b              -0.961  1.000 
c               0.455 -0.566  1.000 
