

*******************************************************************************
Tue Jun 27 21:00:42 2017


FIT:    data read from 'vIntAleatorio.dat' using 1:2
        format = x:z
        #datapoints = 11
        residuals are weighted equally (unit weight)

function used for fitting: t(x)
fitted parameters initialized with current variable values



 Iteration 0
 WSSR        : 4.34882e+16       delta(WSSR)/WSSR   : 0
 delta(WSSR) : 0                 limit for stopping : 1e-05
 lambda	  : 4.82611e+07

initial set of free parameter values

a               = 1
b               = 1
c               = 1

After 11 iterations the fit converged.
final sum of squares of residuals : 2.12549e+09
rel. change during last iteration : -1.76429e-11

degrees of freedom    (FIT_NDF)                        : 8
rms of residuals      (FIT_STDFIT) = sqrt(WSSR/ndf)    : 16299.9
variance of residuals (reduced chisquare) = WSSR/ndf   : 2.65687e+08

Final set of parameters            Asymptotic Standard Error
=======================            ==========================

a               = 0.244643         +/- 0.0002311    (0.09448%)
b               = 49.8734          +/- 3.658        (7.334%)
c               = -7541.97         +/- 6472         (85.81%)


correlation matrix of the fit parameters:

               a      b      c      
a               1.000 
b              -0.961  1.000 
c               0.455 -0.566  1.000 
