

*******************************************************************************
Wed Aug  2 06:25:41 2017


FIT:    data read from 'Dados.dat' using 1:2
        format = x:z
        #datapoints = 11
        residuals are weighted equally (unit weight)

function used for fitting: t(x)
	t(x) = a*x + b
fitted parameters initialized with current variable values

iter      chisq       delta/lim  lambda   a             b            
   0 7.2312824588e+10   0.00e+00  4.03e+03    1.000000e+00   1.000000e+00
   7 7.8047034418e+08  -1.15e-07  4.03e-04    1.548355e+01  -3.917102e+03

After 7 iterations the fit converged.
final sum of squares of residuals : 7.8047e+08
rel. change during last iteration : -1.14845e-12

degrees of freedom    (FIT_NDF)                        : 9
rms of residuals      (FIT_STDFIT) = sqrt(WSSR/ndf)    : 9312.3
variance of residuals (reduced chisquare) = WSSR/ndf   : 8.67189e+07

Final set of parameters            Asymptotic Standard Error
=======================            ==========================
a               = 15.4835          +/- 0.5771       (3.727%)
b               = -3917.1          +/- 3292         (84.04%)

correlation matrix of the fit parameters:
                a      b      
a               1.000 
b              -0.522  1.000 


*******************************************************************************
Wed Aug  2 12:27:53 2017


FIT:    data read from 'Dados.dat' using 1:2
        format = x:z
        #datapoints = 11
        residuals are weighted equally (unit weight)

function used for fitting: t(x)
	t(x) = a*x + b
fitted parameters initialized with current variable values

iter      chisq       delta/lim  lambda   a             b            
   0 7.2312824588e+10   0.00e+00  4.03e+03    1.000000e+00   1.000000e+00
   7 7.8047034418e+08  -1.15e-07  4.03e-04    1.548355e+01  -3.917102e+03

After 7 iterations the fit converged.
final sum of squares of residuals : 7.8047e+08
rel. change during last iteration : -1.14845e-12

degrees of freedom    (FIT_NDF)                        : 9
rms of residuals      (FIT_STDFIT) = sqrt(WSSR/ndf)    : 9312.3
variance of residuals (reduced chisquare) = WSSR/ndf   : 8.67189e+07

Final set of parameters            Asymptotic Standard Error
=======================            ==========================
a               = 15.4835          +/- 0.5771       (3.727%)
b               = -3917.1          +/- 3292         (84.04%)

correlation matrix of the fit parameters:
                a      b      
a               1.000 
b              -0.522  1.000 
