

*******************************************************************************
Tue Jun 27 22:13:11 2017


FIT:    data read from 'vIntAleatorio.dat' using 1:2
        format = x:z
        #datapoints = 11
        residuals are weighted equally (unit weight)

function used for fitting: t(x)
fitted parameters initialized with current variable values



 Iteration 0
 WSSR        : 7.63823e+16       delta(WSSR)/WSSR   : 0
 delta(WSSR) : 0                 limit for stopping : 1e-05
 lambda	  : 4.82611e+07

initial set of free parameter values

a               = 1
b               = 1
c               = 1

After 10 iterations the fit converged.
final sum of squares of residuals : 4.84212e+07
rel. change during last iteration : -1.86986e-06

degrees of freedom    (FIT_NDF)                        : 8
rms of residuals      (FIT_STDFIT) = sqrt(WSSR/ndf)    : 2460.21
variance of residuals (reduced chisquare) = WSSR/ndf   : 6.05265e+06

Final set of parameters            Asymptotic Standard Error
=======================            ==========================

a               = 0.000850708      +/- 3.489e-05    (4.101%)
b               = 35.7408          +/- 0.5521       (1.545%)
c               = -135.087         +/- 976.8        (723.1%)


correlation matrix of the fit parameters:

               a      b      c      
a               1.000 
b              -0.961  1.000 
c               0.455 -0.566  1.000 


*******************************************************************************
Tue Jun 27 22:18:36 2017


FIT:    data read from 'vIntAleatorio.dat' using 1:2
        format = x:z
        #datapoints = 11
        residuals are weighted equally (unit weight)

function used for fitting: t(x)
fitted parameters initialized with current variable values



 Iteration 0
 WSSR        : 7.63823e+16       delta(WSSR)/WSSR   : 0
 delta(WSSR) : 0                 limit for stopping : 1e-05
 lambda	  : 4.82611e+07

initial set of free parameter values

a               = 1
b               = 1
c               = 1

After 10 iterations the fit converged.
final sum of squares of residuals : 4.84212e+07
rel. change during last iteration : -1.86986e-06

degrees of freedom    (FIT_NDF)                        : 8
rms of residuals      (FIT_STDFIT) = sqrt(WSSR/ndf)    : 2460.21
variance of residuals (reduced chisquare) = WSSR/ndf   : 6.05265e+06

Final set of parameters            Asymptotic Standard Error
=======================            ==========================

a               = 0.000850708      +/- 3.489e-05    (4.101%)
b               = 35.7408          +/- 0.5521       (1.545%)
c               = -135.087         +/- 976.8        (723.1%)


correlation matrix of the fit parameters:

               a      b      c      
a               1.000 
b              -0.961  1.000 
c               0.455 -0.566  1.000 


*******************************************************************************
Wed Jun 28 03:12:51 2017


FIT:    data read from 'vIntAleatorio.dat' using 1:2
        format = x:z
        #datapoints = 11
        residuals are weighted equally (unit weight)

function used for fitting: t(x)
	t(x) = a*x + b
fitted parameters initialized with current variable values

iter      chisq       delta/lim  lambda   a             b            
   0 1.8138775844e+12   0.00e+00  4.03e+03    1.000000e+00   1.000000e+00
   7 2.0975367739e+10  -1.73e-07  4.03e-04    7.396156e+01  -2.495310e+04

After 7 iterations the fit converged.
final sum of squares of residuals : 2.09754e+10
rel. change during last iteration : -1.73391e-12

degrees of freedom    (FIT_NDF)                        : 9
rms of residuals      (FIT_STDFIT) = sqrt(WSSR/ndf)    : 48276.3
variance of residuals (reduced chisquare) = WSSR/ndf   : 2.3306e+09

Final set of parameters            Asymptotic Standard Error
=======================            ==========================
a               = 73.9616          +/- 2.992        (4.045%)
b               = -24953.1         +/- 1.707e+04    (68.39%)

correlation matrix of the fit parameters:
                a      b      
a               1.000 
b              -0.522  1.000 
