

*******************************************************************************
Wed Aug  2 06:19:08 2017


FIT:    data read from 'Dados.dat' using 1:2
        format = x:z
        #datapoints = 11
        residuals are weighted equally (unit weight)

function used for fitting: t(x)
	t(x) = a*x + b
fitted parameters initialized with current variable values

iter      chisq       delta/lim  lambda   a             b            
   0 8.6735858000e+07   0.00e+00  4.03e+03    1.000000e+00   1.000000e+00
   7 1.7186692597e+05  -9.13e-06  4.03e-04    4.669124e-01   5.195168e+02

After 7 iterations the fit converged.
final sum of squares of residuals : 171867
rel. change during last iteration : -9.13196e-11

degrees of freedom    (FIT_NDF)                        : 9
rms of residuals      (FIT_STDFIT) = sqrt(WSSR/ndf)    : 138.189
variance of residuals (reduced chisquare) = WSSR/ndf   : 19096.3

Final set of parameters            Asymptotic Standard Error
=======================            ==========================
a               = 0.466912         +/- 0.008564     (1.834%)
b               = 519.517          +/- 48.85        (9.403%)

correlation matrix of the fit parameters:
                a      b      
a               1.000 
b              -0.522  1.000 
