

*******************************************************************************
Tue Aug  1 20:18:29 2017


FIT:    data read from 'Denso.dat' using 1:2
        format = x:z
        #datapoints = 4
        residuals are weighted equally (unit weight)

function used for fitting: t(x)
fitted parameters initialized with current variable values



 Iteration 0
 WSSR        : 1.58155e+13       delta(WSSR)/WSSR   : 0
 delta(WSSR) : 0                 limit for stopping : 1e-05
 lambda	  : 312623

initial set of free parameter values

a               = 1
b               = 1
c               = 1

After 9 iterations the fit converged.
final sum of squares of residuals : 5.46167e+08
rel. change during last iteration : -8.07815e-07

degrees of freedom    (FIT_NDF)                        : 1
rms of residuals      (FIT_STDFIT) = sqrt(WSSR/ndf)    : 23370.2
variance of residuals (reduced chisquare) = WSSR/ndf   : 5.46167e+08

Final set of parameters            Asymptotic Standard Error
=======================            ==========================

a               = 4.05805          +/- 0.1448       (3.568%)
b               = 663.57           +/- 175          (26.37%)
c               = -68178.8         +/- 3.776e+04    (55.39%)


correlation matrix of the fit parameters:

               a      b      c      
a               1.000 
b              -0.981  1.000 
c               0.847 -0.915  1.000 
