

*******************************************************************************
Wed Aug  2 06:19:13 2017


FIT:    data read from 'Dados.dat' using 1:2
        format = x:z
        #datapoints = 11
        residuals are weighted equally (unit weight)

function used for fitting: t(x)
	t(x) = a*x + b
fitted parameters initialized with current variable values

iter      chisq       delta/lim  lambda   a             b            
   0 3.3302397500e+08   0.00e+00  4.03e+03    1.000000e+00   1.000000e+00
   7 5.8864980244e+07  -8.42e-08  4.03e-04    1.948632e+00  -9.206894e+02

After 7 iterations the fit converged.
final sum of squares of residuals : 5.8865e+07
rel. change during last iteration : -8.42328e-13

degrees of freedom    (FIT_NDF)                        : 9
rms of residuals      (FIT_STDFIT) = sqrt(WSSR/ndf)    : 2557.45
variance of residuals (reduced chisquare) = WSSR/ndf   : 6.54055e+06

Final set of parameters            Asymptotic Standard Error
=======================            ==========================
a               = 1.94863          +/- 0.1585       (8.133%)
b               = -920.689         +/- 904          (98.19%)

correlation matrix of the fit parameters:
                a      b      
a               1.000 
b              -0.522  1.000 


*******************************************************************************
Wed Aug  2 06:20:07 2017


FIT:    data read from 'Dados.dat' using 1:2
        format = x:z
        #datapoints = 11
        residuals are weighted equally (unit weight)

function used for fitting: t(x)
	t(x) = a*x + b
fitted parameters initialized with current variable values

iter      chisq       delta/lim  lambda   a             b            
   0 2.6532179778e+11   0.00e+00  4.03e+03    1.000000e+00   1.000000e+00
   6 1.5642487120e+08  -3.07e-01  4.03e-03    2.816533e+01   5.839194e+02

After 6 iterations the fit converged.
final sum of squares of residuals : 1.56425e+08
rel. change during last iteration : -3.06971e-06

degrees of freedom    (FIT_NDF)                        : 9
rms of residuals      (FIT_STDFIT) = sqrt(WSSR/ndf)    : 4169
variance of residuals (reduced chisquare) = WSSR/ndf   : 1.73805e+07

Final set of parameters            Asymptotic Standard Error
=======================            ==========================
a               = 28.1653          +/- 0.2584       (0.9173%)
b               = 583.919          +/- 1474         (252.4%)

correlation matrix of the fit parameters:
                a      b      
a               1.000 
b              -0.522  1.000 
