

*******************************************************************************
Wed Aug  2 06:22:59 2017


FIT:    data read from 'Dados.dat' using 1:2
        format = x:z
        #datapoints = 6
        residuals are weighted equally (unit weight)

function used for fitting: t(x)
	t(x) = a*x**3 + b*x**2 + c*x + d
fitted parameters initialized with current variable values

iter      chisq       delta/lim  lambda   a             b             c             d            
   0 4.6488734956e+15   0.00e+00  2.76e+07    1.000000e+00   1.000000e+00   1.000000e+00   1.000000e+00
  11 1.1011651520e+10  -1.42e-03  2.76e-04    6.769547e-01  -1.082512e+02   9.360487e+03  -1.704226e+05

After 11 iterations the fit converged.
final sum of squares of residuals : 1.10117e+10
rel. change during last iteration : -1.42265e-08

degrees of freedom    (FIT_NDF)                        : 2
rms of residuals      (FIT_STDFIT) = sqrt(WSSR/ndf)    : 74201.3
variance of residuals (reduced chisquare) = WSSR/ndf   : 5.50583e+09

Final set of parameters            Asymptotic Standard Error
=======================            ==========================
a               = 0.676955         +/- 0.0158       (2.334%)
b               = -108.251         +/- 12.02        (11.11%)
c               = 9360.49          +/- 2230         (23.82%)
d               = -170423          +/- 8.548e+04    (50.16%)

correlation matrix of the fit parameters:
                a      b      c      d      
a               1.000 
b              -0.994  1.000 
c               0.947 -0.976  1.000 
d              -0.736  0.782 -0.868  1.000 
