

*******************************************************************************
Tue Jun 27 20:19:28 2017


FIT:    data read from 'vIntCrescenteP50.dat' using 1:2
        format = x:z
        #datapoints = 11
        residuals are weighted equally (unit weight)

function used for fitting: t(x)
fitted parameters initialized with current variable values



 Iteration 0
 WSSR        : 4.28283e+16       delta(WSSR)/WSSR   : 0
 delta(WSSR) : 0                 limit for stopping : 1e-05
 lambda	  : 4.82611e+07

initial set of free parameter values

a               = 1
b               = 1
c               = 1

After 11 iterations the fit converged.
final sum of squares of residuals : 3.98977e+10
rel. change during last iteration : -1.73545e-11

degrees of freedom    (FIT_NDF)                        : 8
rms of residuals      (FIT_STDFIT) = sqrt(WSSR/ndf)    : 70620.2
variance of residuals (reduced chisquare) = WSSR/ndf   : 4.98721e+09

Final set of parameters            Asymptotic Standard Error
=======================            ==========================

a               = 0.248432         +/- 0.001001     (0.4031%)
b               = 81.3216          +/- 15.85        (19.49%)
c               = -32399.3         +/- 2.804e+04    (86.54%)


correlation matrix of the fit parameters:

               a      b      c      
a               1.000 
b              -0.961  1.000 
c               0.455 -0.566  1.000 


*******************************************************************************
Wed Jun 28 21:42:56 2017


FIT:    data read from 'vIntCrescenteP50.dat' using 1:2
        format = x:z
        #datapoints = 11
        residuals are weighted equally (unit weight)

function used for fitting: t(x)
fitted parameters initialized with current variable values



 Iteration 0
 WSSR        : 4.28283e+16       delta(WSSR)/WSSR   : 0
 delta(WSSR) : 0                 limit for stopping : 1e-05
 lambda	  : 4.82611e+07

initial set of free parameter values

a               = 1
b               = 1
c               = 1

After 11 iterations the fit converged.
final sum of squares of residuals : 3.98977e+10
rel. change during last iteration : -1.73545e-11

degrees of freedom    (FIT_NDF)                        : 8
rms of residuals      (FIT_STDFIT) = sqrt(WSSR/ndf)    : 70620.2
variance of residuals (reduced chisquare) = WSSR/ndf   : 4.98721e+09

Final set of parameters            Asymptotic Standard Error
=======================            ==========================

a               = 0.248432         +/- 0.001001     (0.4031%)
b               = 81.3216          +/- 15.85        (19.49%)
c               = -32399.3         +/- 2.804e+04    (86.54%)


correlation matrix of the fit parameters:

               a      b      c      
a               1.000 
b              -0.961  1.000 
c               0.455 -0.566  1.000 
