

*******************************************************************************
Wed Aug  2 06:13:13 2017


FIT:    data read from 'Dados.dat' using 1:2
        format = x:z
        #datapoints = 11
        residuals are weighted equally (unit weight)

function used for fitting: t(x)
	t(x) = a*x + b
fitted parameters initialized with current variable values

iter      chisq       delta/lim  lambda   a             b            
   0 1.4357506700e+08   0.00e+00  4.03e+03    1.000000e+00   1.000000e+00
   7 7.5491714965e+04  -5.54e-06  4.03e-04    3.435822e-01   2.686359e+02

After 7 iterations the fit converged.
final sum of squares of residuals : 75491.7
rel. change during last iteration : -5.53864e-11

degrees of freedom    (FIT_NDF)                        : 9
rms of residuals      (FIT_STDFIT) = sqrt(WSSR/ndf)    : 91.5859
variance of residuals (reduced chisquare) = WSSR/ndf   : 8387.97

Final set of parameters            Asymptotic Standard Error
=======================            ==========================
a               = 0.343582         +/- 0.005676     (1.652%)
b               = 268.636          +/- 32.37        (12.05%)

correlation matrix of the fit parameters:
                a      b      
a               1.000 
b              -0.522  1.000 
