

*******************************************************************************
Wed Aug  2 06:25:08 2017


FIT:    data read from 'Dados.dat' using 1:2
        format = x:z
        #datapoints = 11
        residuals are weighted equally (unit weight)

function used for fitting: t(x)
	t(x) = a*x + b
fitted parameters initialized with current variable values

iter      chisq       delta/lim  lambda   a             b            
   0 3.0895168683e+10   0.00e+00  4.03e+03    1.000000e+00   1.000000e+00
   7 9.0753326898e+08  -8.30e-08  4.03e-04    9.809135e+00   3.590838e+03

After 7 iterations the fit converged.
final sum of squares of residuals : 9.07533e+08
rel. change during last iteration : -8.29903e-13

degrees of freedom    (FIT_NDF)                        : 9
rms of residuals      (FIT_STDFIT) = sqrt(WSSR/ndf)    : 10041.8
variance of residuals (reduced chisquare) = WSSR/ndf   : 1.00837e+08

Final set of parameters            Asymptotic Standard Error
=======================            ==========================
a               = 9.80913          +/- 0.6223       (6.344%)
b               = 3590.84          +/- 3550         (98.85%)

correlation matrix of the fit parameters:
                a      b      
a               1.000 
b              -0.522  1.000 
