

*******************************************************************************
Tue Jun 27 20:41:14 2017


FIT:    data read from 'vIntDecrescente.dat' using 1:2
        format = x:z
        #datapoints = 11
        residuals are weighted equally (unit weight)

function used for fitting: t(x)
fitted parameters initialized with current variable values



 Iteration 0
 WSSR        : 1.96673e+16       delta(WSSR)/WSSR   : 0
 delta(WSSR) : 0                 limit for stopping : 1e-05
 lambda	  : 4.82611e+07

initial set of free parameter values

a               = 1
b               = 1
c               = 1

After 11 iterations the fit converged.
final sum of squares of residuals : 4.87895e+09
rel. change during last iteration : -7.77197e-12

degrees of freedom    (FIT_NDF)                        : 8
rms of residuals      (FIT_STDFIT) = sqrt(WSSR/ndf)    : 24695.5
variance of residuals (reduced chisquare) = WSSR/ndf   : 6.09868e+08

Final set of parameters            Asymptotic Standard Error
=======================            ==========================

a               = 0.491426         +/- 0.0003502    (0.07126%)
b               = 43.2757          +/- 5.542        (12.81%)
c               = -7589.5          +/- 9805         (129.2%)


correlation matrix of the fit parameters:

               a      b      c      
a               1.000 
b              -0.961  1.000 
c               0.455 -0.566  1.000 


*******************************************************************************
Tue Jun 27 21:15:23 2017


FIT:    data read from 'vIntDecrescente.dat' using 1:2
        format = x:z
        #datapoints = 11
        residuals are weighted equally (unit weight)

function used for fitting: t(x)
fitted parameters initialized with current variable values



 Iteration 0
 WSSR        : 1.96673e+16       delta(WSSR)/WSSR   : 0
 delta(WSSR) : 0                 limit for stopping : 1e-05
 lambda	  : 4.82611e+07

initial set of free parameter values

a               = 1
b               = 1
c               = 1

After 11 iterations the fit converged.
final sum of squares of residuals : 4.87895e+09
rel. change during last iteration : -7.77197e-12

degrees of freedom    (FIT_NDF)                        : 8
rms of residuals      (FIT_STDFIT) = sqrt(WSSR/ndf)    : 24695.5
variance of residuals (reduced chisquare) = WSSR/ndf   : 6.09868e+08

Final set of parameters            Asymptotic Standard Error
=======================            ==========================

a               = 0.491426         +/- 0.0003502    (0.07126%)
b               = 43.2757          +/- 5.542        (12.81%)
c               = -7589.5          +/- 9805         (129.2%)


correlation matrix of the fit parameters:

               a      b      c      
a               1.000 
b              -0.961  1.000 
c               0.455 -0.566  1.000 


*******************************************************************************
Tue Jun 27 21:19:58 2017


FIT:    data read from 'vIntDecrescente.dat' using 1:2
        format = x:z
        #datapoints = 11
        residuals are weighted equally (unit weight)

function used for fitting: t(x)
fitted parameters initialized with current variable values



 Iteration 0
 WSSR        : 1.96673e+16       delta(WSSR)/WSSR   : 0
 delta(WSSR) : 0                 limit for stopping : 1e-05
 lambda	  : 4.82611e+07

initial set of free parameter values

a               = 1
b               = 1
c               = 1

After 11 iterations the fit converged.
final sum of squares of residuals : 4.87895e+09
rel. change during last iteration : -7.77197e-12

degrees of freedom    (FIT_NDF)                        : 8
rms of residuals      (FIT_STDFIT) = sqrt(WSSR/ndf)    : 24695.5
variance of residuals (reduced chisquare) = WSSR/ndf   : 6.09868e+08

Final set of parameters            Asymptotic Standard Error
=======================            ==========================

a               = 0.491426         +/- 0.0003502    (0.07126%)
b               = 43.2757          +/- 5.542        (12.81%)
c               = -7589.5          +/- 9805         (129.2%)


correlation matrix of the fit parameters:

               a      b      c      
a               1.000 
b              -0.961  1.000 
c               0.455 -0.566  1.000 
