

*******************************************************************************
Tue Jun 27 20:43:21 2017


FIT:    data read from 'vIntCrescenteP10.dat' using 1:2
        format = x:z
        #datapoints = 11
        residuals are weighted equally (unit weight)

function used for fitting: t(x)
fitted parameters initialized with current variable values



 Iteration 0
 WSSR        : 6.28939e+16       delta(WSSR)/WSSR   : 0
 delta(WSSR) : 0                 limit for stopping : 1e-05
 lambda	  : 4.82611e+07

initial set of free parameter values

a               = 1
b               = 1
c               = 1

After 11 iterations the fit converged.
final sum of squares of residuals : 2.53438e+09
rel. change during last iteration : -4.10933e-12

degrees of freedom    (FIT_NDF)                        : 8
rms of residuals      (FIT_STDFIT) = sqrt(WSSR/ndf)    : 17798.8
variance of residuals (reduced chisquare) = WSSR/ndf   : 3.16797e+08

Final set of parameters            Asymptotic Standard Error
=======================            ==========================

a               = 0.0936026        +/- 0.0002524    (0.2696%)
b               = 28.9819          +/- 3.994        (13.78%)
c               = -3978.31         +/- 7067         (177.6%)


correlation matrix of the fit parameters:

               a      b      c      
a               1.000 
b              -0.961  1.000 
c               0.455 -0.566  1.000 


*******************************************************************************
Tue Jun 27 20:44:07 2017


FIT:    data read from 'vIntCrescenteP10.dat' using 1:2
        format = x:z
        #datapoints = 11
        residuals are weighted equally (unit weight)

function used for fitting: t(x)
fitted parameters initialized with current variable values



 Iteration 0
 WSSR        : 6.28939e+16       delta(WSSR)/WSSR   : 0
 delta(WSSR) : 0                 limit for stopping : 1e-05
 lambda	  : 4.82611e+07

initial set of free parameter values

a               = 1
b               = 1
c               = 1

After 11 iterations the fit converged.
final sum of squares of residuals : 2.53438e+09
rel. change during last iteration : -4.10933e-12

degrees of freedom    (FIT_NDF)                        : 8
rms of residuals      (FIT_STDFIT) = sqrt(WSSR/ndf)    : 17798.8
variance of residuals (reduced chisquare) = WSSR/ndf   : 3.16797e+08

Final set of parameters            Asymptotic Standard Error
=======================            ==========================

a               = 0.0936026        +/- 0.0002524    (0.2696%)
b               = 28.9819          +/- 3.994        (13.78%)
c               = -3978.31         +/- 7067         (177.6%)


correlation matrix of the fit parameters:

               a      b      c      
a               1.000 
b              -0.961  1.000 
c               0.455 -0.566  1.000 


*******************************************************************************
Tue Jun 27 21:14:33 2017


FIT:    data read from 'vIntCrescenteP10.dat' using 1:2
        format = x:z
        #datapoints = 11
        residuals are weighted equally (unit weight)

function used for fitting: t(x)
fitted parameters initialized with current variable values



 Iteration 0
 WSSR        : 6.28939e+16       delta(WSSR)/WSSR   : 0
 delta(WSSR) : 0                 limit for stopping : 1e-05
 lambda	  : 4.82611e+07

initial set of free parameter values

a               = 1
b               = 1
c               = 1

After 11 iterations the fit converged.
final sum of squares of residuals : 2.53438e+09
rel. change during last iteration : -4.10933e-12

degrees of freedom    (FIT_NDF)                        : 8
rms of residuals      (FIT_STDFIT) = sqrt(WSSR/ndf)    : 17798.8
variance of residuals (reduced chisquare) = WSSR/ndf   : 3.16797e+08

Final set of parameters            Asymptotic Standard Error
=======================            ==========================

a               = 0.0936026        +/- 0.0002524    (0.2696%)
b               = 28.9819          +/- 3.994        (13.78%)
c               = -3978.31         +/- 7067         (177.6%)


correlation matrix of the fit parameters:

               a      b      c      
a               1.000 
b              -0.961  1.000 
c               0.455 -0.566  1.000 


*******************************************************************************
Tue Jun 27 21:14:42 2017


FIT:    data read from 'vIntCrescenteP10.dat' using 1:2
        format = x:z
        #datapoints = 11
        residuals are weighted equally (unit weight)

function used for fitting: t(x)
fitted parameters initialized with current variable values



 Iteration 0
 WSSR        : 6.28939e+16       delta(WSSR)/WSSR   : 0
 delta(WSSR) : 0                 limit for stopping : 1e-05
 lambda	  : 4.82611e+07

initial set of free parameter values

a               = 1
b               = 1
c               = 1

After 11 iterations the fit converged.
final sum of squares of residuals : 2.53438e+09
rel. change during last iteration : -4.10933e-12

degrees of freedom    (FIT_NDF)                        : 8
rms of residuals      (FIT_STDFIT) = sqrt(WSSR/ndf)    : 17798.8
variance of residuals (reduced chisquare) = WSSR/ndf   : 3.16797e+08

Final set of parameters            Asymptotic Standard Error
=======================            ==========================

a               = 0.0936026        +/- 0.0002524    (0.2696%)
b               = 28.9819          +/- 3.994        (13.78%)
c               = -3978.31         +/- 7067         (177.6%)


correlation matrix of the fit parameters:

               a      b      c      
a               1.000 
b              -0.961  1.000 
c               0.455 -0.566  1.000 


*******************************************************************************
Tue Jun 27 21:18:55 2017


FIT:    data read from 'vIntCrescenteP10.dat' using 1:2
        format = x:z
        #datapoints = 11
        residuals are weighted equally (unit weight)

function used for fitting: t(x)
fitted parameters initialized with current variable values



 Iteration 0
 WSSR        : 6.28939e+16       delta(WSSR)/WSSR   : 0
 delta(WSSR) : 0                 limit for stopping : 1e-05
 lambda	  : 4.82611e+07

initial set of free parameter values

a               = 1
b               = 1
c               = 1

After 11 iterations the fit converged.
final sum of squares of residuals : 2.53438e+09
rel. change during last iteration : -4.10933e-12

degrees of freedom    (FIT_NDF)                        : 8
rms of residuals      (FIT_STDFIT) = sqrt(WSSR/ndf)    : 17798.8
variance of residuals (reduced chisquare) = WSSR/ndf   : 3.16797e+08

Final set of parameters            Asymptotic Standard Error
=======================            ==========================

a               = 0.0936026        +/- 0.0002524    (0.2696%)
b               = 28.9819          +/- 3.994        (13.78%)
c               = -3978.31         +/- 7067         (177.6%)


correlation matrix of the fit parameters:

               a      b      c      
a               1.000 
b              -0.961  1.000 
c               0.455 -0.566  1.000 


*******************************************************************************
Wed Jun 28 21:35:49 2017


FIT:    data read from 'vIntCrescenteP10.dat' using 1:2
        format = x:z
        #datapoints = 11
        residuals are weighted equally (unit weight)

function used for fitting: t(x)
fitted parameters initialized with current variable values



 Iteration 0
 WSSR        : 6.28939e+16       delta(WSSR)/WSSR   : 0
 delta(WSSR) : 0                 limit for stopping : 1e-05
 lambda	  : 4.82611e+07

initial set of free parameter values

a               = 1
b               = 1
c               = 1

After 11 iterations the fit converged.
final sum of squares of residuals : 2.53438e+09
rel. change during last iteration : -4.10933e-12

degrees of freedom    (FIT_NDF)                        : 8
rms of residuals      (FIT_STDFIT) = sqrt(WSSR/ndf)    : 17798.8
variance of residuals (reduced chisquare) = WSSR/ndf   : 3.16797e+08

Final set of parameters            Asymptotic Standard Error
=======================            ==========================

a               = 0.0936026        +/- 0.0002524    (0.2696%)
b               = 28.9819          +/- 3.994        (13.78%)
c               = -3978.31         +/- 7067         (177.6%)


correlation matrix of the fit parameters:

               a      b      c      
a               1.000 
b              -0.961  1.000 
c               0.455 -0.566  1.000 


*******************************************************************************
Wed Jun 28 21:53:59 2017


FIT:    data read from 'vIntCrescenteP10.dat' using 1:2
        format = x:z
        #datapoints = 11
        residuals are weighted equally (unit weight)

function used for fitting: t(x)
fitted parameters initialized with current variable values



 Iteration 0
 WSSR        : 6.28939e+16       delta(WSSR)/WSSR   : 0
 delta(WSSR) : 0                 limit for stopping : 1e-05
 lambda	  : 4.82611e+07

initial set of free parameter values

a               = 1
b               = 1
c               = 1

After 11 iterations the fit converged.
final sum of squares of residuals : 2.53438e+09
rel. change during last iteration : -4.10933e-12

degrees of freedom    (FIT_NDF)                        : 8
rms of residuals      (FIT_STDFIT) = sqrt(WSSR/ndf)    : 17798.8
variance of residuals (reduced chisquare) = WSSR/ndf   : 3.16797e+08

Final set of parameters            Asymptotic Standard Error
=======================            ==========================

a               = 0.0936026        +/- 0.0002524    (0.2696%)
b               = 28.9819          +/- 3.994        (13.78%)
c               = -3978.31         +/- 7067         (177.6%)


correlation matrix of the fit parameters:

               a      b      c      
a               1.000 
b              -0.961  1.000 
c               0.455 -0.566  1.000 


*******************************************************************************
Wed Jun 28 21:54:18 2017


FIT:    data read from 'vIntCrescenteP10.dat' using 1:2
        format = x:z
        #datapoints = 11
        residuals are weighted equally (unit weight)

function used for fitting: t(x)
fitted parameters initialized with current variable values



 Iteration 0
 WSSR        : 6.28939e+16       delta(WSSR)/WSSR   : 0
 delta(WSSR) : 0                 limit for stopping : 1e-05
 lambda	  : 4.82611e+07

initial set of free parameter values

a               = 1
b               = 1
c               = 1

After 11 iterations the fit converged.
final sum of squares of residuals : 2.53438e+09
rel. change during last iteration : -4.10933e-12

degrees of freedom    (FIT_NDF)                        : 8
rms of residuals      (FIT_STDFIT) = sqrt(WSSR/ndf)    : 17798.8
variance of residuals (reduced chisquare) = WSSR/ndf   : 3.16797e+08

Final set of parameters            Asymptotic Standard Error
=======================            ==========================

a               = 0.0936026        +/- 0.0002524    (0.2696%)
b               = 28.9819          +/- 3.994        (13.78%)
c               = -3978.31         +/- 7067         (177.6%)


correlation matrix of the fit parameters:

               a      b      c      
a               1.000 
b              -0.961  1.000 
c               0.455 -0.566  1.000 


*******************************************************************************
Wed Jun 28 21:54:45 2017


FIT:    data read from 'vIntCrescenteP10.dat' using 1:2
        format = x:z
        #datapoints = 11
        residuals are weighted equally (unit weight)

function used for fitting: t(x)
fitted parameters initialized with current variable values



 Iteration 0
 WSSR        : 6.28939e+16       delta(WSSR)/WSSR   : 0
 delta(WSSR) : 0                 limit for stopping : 1e-05
 lambda	  : 4.82611e+07

initial set of free parameter values

a               = 1
b               = 1
c               = 1

After 11 iterations the fit converged.
final sum of squares of residuals : 2.53438e+09
rel. change during last iteration : -4.10933e-12

degrees of freedom    (FIT_NDF)                        : 8
rms of residuals      (FIT_STDFIT) = sqrt(WSSR/ndf)    : 17798.8
variance of residuals (reduced chisquare) = WSSR/ndf   : 3.16797e+08

Final set of parameters            Asymptotic Standard Error
=======================            ==========================

a               = 0.0936026        +/- 0.0002524    (0.2696%)
b               = 28.9819          +/- 3.994        (13.78%)
c               = -3978.31         +/- 7067         (177.6%)


correlation matrix of the fit parameters:

               a      b      c      
a               1.000 
b              -0.961  1.000 
c               0.455 -0.566  1.000 
