

*******************************************************************************
Tue Jun 27 22:27:59 2017


FIT:    data read from 'vIntDecrescente.dat' using 1:2
        format = x:z
        #datapoints = 11
        residuals are weighted equally (unit weight)

function used for fitting: t(x)
fitted parameters initialized with current variable values



 Iteration 0
 WSSR        : 6.73463e+16       delta(WSSR)/WSSR   : 0
 delta(WSSR) : 0                 limit for stopping : 1e-05
 lambda	  : 4.82611e+07

initial set of free parameter values

a               = 1
b               = 1
c               = 1

After 11 iterations the fit converged.
final sum of squares of residuals : 7.33703e+10
rel. change during last iteration : -3.18277e-11

degrees of freedom    (FIT_NDF)                        : 8
rms of residuals      (FIT_STDFIT) = sqrt(WSSR/ndf)    : 95766.9
variance of residuals (reduced chisquare) = WSSR/ndf   : 9.17129e+09

Final set of parameters            Asymptotic Standard Error
=======================            ==========================

a               = 0.0673633        +/- 0.001358     (2.016%)
b               = -55.5431         +/- 21.49        (38.69%)
c               = 59554.5          +/- 3.802e+04    (63.85%)


correlation matrix of the fit parameters:

               a      b      c      
a               1.000 
b              -0.961  1.000 
c               0.455 -0.566  1.000 
