

*******************************************************************************
Tue Jun 27 22:15:00 2017


FIT:    data read from 'CrescenteP40.dat' using 1:2
        format = x:z
        #datapoints = 11
        residuals are weighted equally (unit weight)

function used for fitting: t(x)
fitted parameters initialized with current variable values



 Iteration 0
 WSSR        : 7.6376e+16        delta(WSSR)/WSSR   : 0
 delta(WSSR) : 0                 limit for stopping : 1e-05
 lambda	  : 4.82611e+07

initial set of free parameter values

a               = 1
b               = 1
c               = 1

After 11 iterations the fit converged.
final sum of squares of residuals : 2.6489e+08
rel. change during last iteration : -5.207e-12

degrees of freedom    (FIT_NDF)                        : 8
rms of residuals      (FIT_STDFIT) = sqrt(WSSR/ndf)    : 5754.24
variance of residuals (reduced chisquare) = WSSR/ndf   : 3.31112e+07

Final set of parameters            Asymptotic Standard Error
=======================            ==========================

a               = 0.00119185       +/- 8.159e-05    (6.846%)
b               = 31.0405          +/- 1.291        (4.16%)
c               = 1448.61          +/- 2285         (157.7%)


correlation matrix of the fit parameters:

               a      b      c      
a               1.000 
b              -0.961  1.000 
c               0.455 -0.566  1.000 


*******************************************************************************
Tue Jun 27 22:20:24 2017


FIT:    data read from 'CrescenteP40.dat' using 1:2
        format = x:z
        #datapoints = 11
        residuals are weighted equally (unit weight)

function used for fitting: t(x)
fitted parameters initialized with current variable values



 Iteration 0
 WSSR        : 7.6376e+16        delta(WSSR)/WSSR   : 0
 delta(WSSR) : 0                 limit for stopping : 1e-05
 lambda	  : 4.82611e+07

initial set of free parameter values

a               = 1
b               = 1
c               = 1

After 11 iterations the fit converged.
final sum of squares of residuals : 2.6489e+08
rel. change during last iteration : -5.207e-12

degrees of freedom    (FIT_NDF)                        : 8
rms of residuals      (FIT_STDFIT) = sqrt(WSSR/ndf)    : 5754.24
variance of residuals (reduced chisquare) = WSSR/ndf   : 3.31112e+07

Final set of parameters            Asymptotic Standard Error
=======================            ==========================

a               = 0.00119185       +/- 8.159e-05    (6.846%)
b               = 31.0405          +/- 1.291        (4.16%)
c               = 1448.61          +/- 2285         (157.7%)


correlation matrix of the fit parameters:

               a      b      c      
a               1.000 
b              -0.961  1.000 
c               0.455 -0.566  1.000 


*******************************************************************************
Wed Jun 28 03:30:09 2017


FIT:    data read from 'CrescenteP40.dat' using 1:2
        format = x:z
        #datapoints = 11
        residuals are weighted equally (unit weight)

function used for fitting: t(x)
	t(x) = a*x + b
fitted parameters initialized with current variable values

iter      chisq       delta/lim  lambda   a             b            
   0 1.6599377645e+12   0.00e+00  4.03e+03    1.000000e+00   1.000000e+00
   7 3.0332886316e+10  -1.07e-07  4.03e-04    7.053785e+01  -2.352980e+04

After 7 iterations the fit converged.
final sum of squares of residuals : 3.03329e+10
rel. change during last iteration : -1.06658e-12

degrees of freedom    (FIT_NDF)                        : 9
rms of residuals      (FIT_STDFIT) = sqrt(WSSR/ndf)    : 58054.5
variance of residuals (reduced chisquare) = WSSR/ndf   : 3.37032e+09

Final set of parameters            Asymptotic Standard Error
=======================            ==========================
a               = 70.5379          +/- 3.598        (5.1%)
b               = -23529.8         +/- 2.052e+04    (87.22%)

correlation matrix of the fit parameters:
                a      b      
a               1.000 
b              -0.522  1.000 
