

*******************************************************************************
Tue Jun 27 22:27:37 2017


FIT:    data read from 'CrescenteP40.dat' using 1:2
        format = x:z
        #datapoints = 11
        residuals are weighted equally (unit weight)

function used for fitting: t(x)
fitted parameters initialized with current variable values



 Iteration 0
 WSSR        : 6.72484e+16       delta(WSSR)/WSSR   : 0
 delta(WSSR) : 0                 limit for stopping : 1e-05
 lambda	  : 4.82611e+07

initial set of free parameter values

a               = 1
b               = 1
c               = 1

After 11 iterations the fit converged.
final sum of squares of residuals : 9.41373e+10
rel. change during last iteration : -2.80848e-11

degrees of freedom    (FIT_NDF)                        : 8
rms of residuals      (FIT_STDFIT) = sqrt(WSSR/ndf)    : 108477
variance of residuals (reduced chisquare) = WSSR/ndf   : 1.17672e+10

Final set of parameters            Asymptotic Standard Error
=======================            ==========================

a               = 0.0687202        +/- 0.001538     (2.238%)
b               = -66.1489         +/- 24.34        (36.8%)
c               = 63369.8          +/- 4.307e+04    (67.97%)


correlation matrix of the fit parameters:

               a      b      c      
a               1.000 
b              -0.961  1.000 
c               0.455 -0.566  1.000 


*******************************************************************************
Wed Jun 28 02:01:19 2017


FIT:    data read from 'CrescenteP40.dat' using 1:2
        format = x:z
        #datapoints = 11
        residuals are weighted equally (unit weight)

function used for fitting: t(x)
	t(x) = a*x*log(x) + b
fitted parameters initialized with current variable values

iter      chisq       delta/lim  lambda   a             b            
   0 3.1563438504e+14   0.00e+00  3.83e+04    1.000000e+00   1.000000e+00
   8 1.7569002172e+13  -7.58e-08  3.83e-04    1.026297e+02  -6.522452e+05

After 8 iterations the fit converged.
final sum of squares of residuals : 1.7569e+13
rel. change during last iteration : -7.57727e-13

degrees of freedom    (FIT_NDF)                        : 9
rms of residuals      (FIT_STDFIT) = sqrt(WSSR/ndf)    : 1.39718e+06
variance of residuals (reduced chisquare) = WSSR/ndf   : 1.95211e+12

Final set of parameters            Asymptotic Standard Error
=======================            ==========================
a               = 102.63           +/- 8.968        (8.739%)
b               = -652245          +/- 4.852e+05    (74.39%)

correlation matrix of the fit parameters:
                a      b      
a               1.000 
b              -0.496  1.000 


*******************************************************************************
Wed Jun 28 02:01:32 2017


FIT:    data read from 'CrescenteP40.dat' using 1:2
        format = x:z
        #datapoints = 11
        residuals are weighted equally (unit weight)

function used for fitting: t(x)
	t(x) = a*x*log(x) + b
fitted parameters initialized with current variable values

iter      chisq       delta/lim  lambda   a             b            
   0 3.1563438504e+14   0.00e+00  3.83e+04    1.000000e+00   1.000000e+00
   8 1.7569002172e+13  -7.58e-08  3.83e-04    1.026297e+02  -6.522452e+05

After 8 iterations the fit converged.
final sum of squares of residuals : 1.7569e+13
rel. change during last iteration : -7.57727e-13

degrees of freedom    (FIT_NDF)                        : 9
rms of residuals      (FIT_STDFIT) = sqrt(WSSR/ndf)    : 1.39718e+06
variance of residuals (reduced chisquare) = WSSR/ndf   : 1.95211e+12

Final set of parameters            Asymptotic Standard Error
=======================            ==========================
a               = 102.63           +/- 8.968        (8.739%)
b               = -652245          +/- 4.852e+05    (74.39%)

correlation matrix of the fit parameters:
                a      b      
a               1.000 
b              -0.496  1.000 


*******************************************************************************
Wed Jun 28 23:30:13 2017


FIT:    data read from 'CrescenteP40.dat' using 1:2
        format = x:z
        #datapoints = 11
        residuals are weighted equally (unit weight)

function used for fitting: t(x)
	t(x) = a*x*log(x) + b
fitted parameters initialized with current variable values

iter      chisq       delta/lim  lambda   a             b            
   0 4.6747514459e+11   0.00e+00  3.83e+04    1.000000e+00   1.000000e+00
   8 2.9108091972e+09  -6.34e-08  3.83e-04    4.726105e+00   7.692968e+03

After 8 iterations the fit converged.
final sum of squares of residuals : 2.91081e+09
rel. change during last iteration : -6.34459e-13

degrees of freedom    (FIT_NDF)                        : 9
rms of residuals      (FIT_STDFIT) = sqrt(WSSR/ndf)    : 17984
variance of residuals (reduced chisquare) = WSSR/ndf   : 3.23423e+08

Final set of parameters            Asymptotic Standard Error
=======================            ==========================
a               = 4.72611          +/- 0.1154       (2.443%)
b               = 7692.97          +/- 6245         (81.18%)

correlation matrix of the fit parameters:
                a      b      
a               1.000 
b              -0.496  1.000 
