

*******************************************************************************
Wed Aug  2 06:18:51 2017


FIT:    data read from 'Dados.dat' using 1:2
        format = x:z
        #datapoints = 11
        residuals are weighted equally (unit weight)

function used for fitting: t(x)
	t(x) = a*x + b
fitted parameters initialized with current variable values

iter      chisq       delta/lim  lambda   a             b            
   0 1.0076020900e+08   0.00e+00  4.03e+03    1.000000e+00   1.000000e+00
   7 1.1829799965e+05  -1.23e-05  4.03e-04    4.293860e-01   4.993408e+02

After 7 iterations the fit converged.
final sum of squares of residuals : 118298
rel. change during last iteration : -1.22546e-10

degrees of freedom    (FIT_NDF)                        : 9
rms of residuals      (FIT_STDFIT) = sqrt(WSSR/ndf)    : 114.648
variance of residuals (reduced chisquare) = WSSR/ndf   : 13144.2

Final set of parameters            Asymptotic Standard Error
=======================            ==========================
a               = 0.429386         +/- 0.007105     (1.655%)
b               = 499.341          +/- 40.53        (8.116%)

correlation matrix of the fit parameters:
                a      b      
a               1.000 
b              -0.522  1.000 
