

*******************************************************************************
Wed Aug  2 06:11:53 2017


FIT:    data read from 'Dados.dat' using 1:2
        format = x:z
        #datapoints = 11
        residuals are weighted equally (unit weight)

function used for fitting: t(x)
	t(x) = a*x + b
fitted parameters initialized with current variable values

iter      chisq       delta/lim  lambda   a             b            
   0 1.4819263700e+08   0.00e+00  4.03e+03    1.000000e+00   1.000000e+00
   7 1.9189353544e+06  -1.21e-06  4.03e-04    3.099309e-01   6.326493e+02

After 7 iterations the fit converged.
final sum of squares of residuals : 1.91894e+06
rel. change during last iteration : -1.21368e-11

degrees of freedom    (FIT_NDF)                        : 9
rms of residuals      (FIT_STDFIT) = sqrt(WSSR/ndf)    : 461.752
variance of residuals (reduced chisquare) = WSSR/ndf   : 213215

Final set of parameters            Asymptotic Standard Error
=======================            ==========================
a               = 0.309931         +/- 0.02861      (9.233%)
b               = 632.649          +/- 163.2        (25.8%)

correlation matrix of the fit parameters:
                a      b      
a               1.000 
b              -0.522  1.000 


*******************************************************************************
Wed Aug  2 06:12:46 2017


FIT:    data read from 'Dados.dat' using 1:2
        format = x:z
        #datapoints = 11
        residuals are weighted equally (unit weight)

function used for fitting: t(x)
	t(x) = a*x + b
fitted parameters initialized with current variable values

iter      chisq       delta/lim  lambda   a             b            
   0 1.4819263700e+08   0.00e+00  4.03e+03    1.000000e+00   1.000000e+00
   7 1.9189353544e+06  -1.21e-06  4.03e-04    3.099309e-01   6.326493e+02

After 7 iterations the fit converged.
final sum of squares of residuals : 1.91894e+06
rel. change during last iteration : -1.21368e-11

degrees of freedom    (FIT_NDF)                        : 9
rms of residuals      (FIT_STDFIT) = sqrt(WSSR/ndf)    : 461.752
variance of residuals (reduced chisquare) = WSSR/ndf   : 213215

Final set of parameters            Asymptotic Standard Error
=======================            ==========================
a               = 0.309931         +/- 0.02861      (9.233%)
b               = 632.649          +/- 163.2        (25.8%)

correlation matrix of the fit parameters:
                a      b      
a               1.000 
b              -0.522  1.000 


*******************************************************************************
Wed Aug  2 06:12:50 2017


FIT:    data read from 'Dados.dat' using 1:2
        format = x:z
        #datapoints = 11
        residuals are weighted equally (unit weight)

function used for fitting: t(x)
	t(x) = a*x + b
fitted parameters initialized with current variable values

iter      chisq       delta/lim  lambda   a             b            
   0 1.4819263700e+08   0.00e+00  4.03e+03    1.000000e+00   1.000000e+00
   7 1.9189353544e+06  -1.21e-06  4.03e-04    3.099309e-01   6.326493e+02

After 7 iterations the fit converged.
final sum of squares of residuals : 1.91894e+06
rel. change during last iteration : -1.21368e-11

degrees of freedom    (FIT_NDF)                        : 9
rms of residuals      (FIT_STDFIT) = sqrt(WSSR/ndf)    : 461.752
variance of residuals (reduced chisquare) = WSSR/ndf   : 213215

Final set of parameters            Asymptotic Standard Error
=======================            ==========================
a               = 0.309931         +/- 0.02861      (9.233%)
b               = 632.649          +/- 163.2        (25.8%)

correlation matrix of the fit parameters:
                a      b      
a               1.000 
b              -0.522  1.000 
