

*******************************************************************************
Tue Jun 27 21:15:55 2017


FIT:    data read from 'vIntDecrescenteP40.dat' using 1:2
        format = x:z
        #datapoints = 11
        residuals are weighted equally (unit weight)

function used for fitting: t(x)
fitted parameters initialized with current variable values



 Iteration 0
 WSSR        : 5.17379e+16       delta(WSSR)/WSSR   : 0
 delta(WSSR) : 0                 limit for stopping : 1e-05
 lambda	  : 4.82611e+07

initial set of free parameter values

a               = 1
b               = 1
c               = 1

After 11 iterations the fit converged.
final sum of squares of residuals : 3.31876e+09
rel. change during last iteration : -3.01779e-11

degrees of freedom    (FIT_NDF)                        : 8
rms of residuals      (FIT_STDFIT) = sqrt(WSSR/ndf)    : 20367.8
variance of residuals (reduced chisquare) = WSSR/ndf   : 4.14845e+08

Final set of parameters            Asymptotic Standard Error
=======================            ==========================

a               = 0.176646         +/- 0.0002888    (0.1635%)
b               = 46.3507          +/- 4.571        (9.861%)
c               = -12340.6         +/- 8087         (65.53%)


correlation matrix of the fit parameters:

               a      b      c      
a               1.000 
b              -0.961  1.000 
c               0.455 -0.566  1.000 


*******************************************************************************
Tue Jun 27 21:20:33 2017


FIT:    data read from 'vIntDecrescenteP40.dat' using 1:2
        format = x:z
        #datapoints = 11
        residuals are weighted equally (unit weight)

function used for fitting: t(x)
fitted parameters initialized with current variable values



 Iteration 0
 WSSR        : 5.17379e+16       delta(WSSR)/WSSR   : 0
 delta(WSSR) : 0                 limit for stopping : 1e-05
 lambda	  : 4.82611e+07

initial set of free parameter values

a               = 1
b               = 1
c               = 1

After 11 iterations the fit converged.
final sum of squares of residuals : 3.31876e+09
rel. change during last iteration : -3.01779e-11

degrees of freedom    (FIT_NDF)                        : 8
rms of residuals      (FIT_STDFIT) = sqrt(WSSR/ndf)    : 20367.8
variance of residuals (reduced chisquare) = WSSR/ndf   : 4.14845e+08

Final set of parameters            Asymptotic Standard Error
=======================            ==========================

a               = 0.176646         +/- 0.0002888    (0.1635%)
b               = 46.3507          +/- 4.571        (9.861%)
c               = -12340.6         +/- 8087         (65.53%)


correlation matrix of the fit parameters:

               a      b      c      
a               1.000 
b              -0.961  1.000 
c               0.455 -0.566  1.000 


*******************************************************************************
Tue Jun 27 21:20:54 2017


FIT:    data read from 'vIntDecrescenteP40.dat' using 1:2
        format = x:z
        #datapoints = 11
        residuals are weighted equally (unit weight)

function used for fitting: t(x)
fitted parameters initialized with current variable values



 Iteration 0
 WSSR        : 5.17379e+16       delta(WSSR)/WSSR   : 0
 delta(WSSR) : 0                 limit for stopping : 1e-05
 lambda	  : 4.82611e+07

initial set of free parameter values

a               = 1
b               = 1
c               = 1

After 11 iterations the fit converged.
final sum of squares of residuals : 3.31876e+09
rel. change during last iteration : -3.01779e-11

degrees of freedom    (FIT_NDF)                        : 8
rms of residuals      (FIT_STDFIT) = sqrt(WSSR/ndf)    : 20367.8
variance of residuals (reduced chisquare) = WSSR/ndf   : 4.14845e+08

Final set of parameters            Asymptotic Standard Error
=======================            ==========================

a               = 0.176646         +/- 0.0002888    (0.1635%)
b               = 46.3507          +/- 4.571        (9.861%)
c               = -12340.6         +/- 8087         (65.53%)


correlation matrix of the fit parameters:

               a      b      c      
a               1.000 
b              -0.961  1.000 
c               0.455 -0.566  1.000 


*******************************************************************************
Wed Jun 28 21:37:01 2017


FIT:    data read from 'vIntDecrescenteP40.dat' using 1:2
        format = x:z
        #datapoints = 11
        residuals are weighted equally (unit weight)

function used for fitting: t(x)
fitted parameters initialized with current variable values



 Iteration 0
 WSSR        : 5.17379e+16       delta(WSSR)/WSSR   : 0
 delta(WSSR) : 0                 limit for stopping : 1e-05
 lambda	  : 4.82611e+07

initial set of free parameter values

a               = 1
b               = 1
c               = 1

After 11 iterations the fit converged.
final sum of squares of residuals : 3.31876e+09
rel. change during last iteration : -3.01779e-11

degrees of freedom    (FIT_NDF)                        : 8
rms of residuals      (FIT_STDFIT) = sqrt(WSSR/ndf)    : 20367.8
variance of residuals (reduced chisquare) = WSSR/ndf   : 4.14845e+08

Final set of parameters            Asymptotic Standard Error
=======================            ==========================

a               = 0.176646         +/- 0.0002888    (0.1635%)
b               = 46.3507          +/- 4.571        (9.861%)
c               = -12340.6         +/- 8087         (65.53%)


correlation matrix of the fit parameters:

               a      b      c      
a               1.000 
b              -0.961  1.000 
c               0.455 -0.566  1.000 


*******************************************************************************
Wed Jun 28 21:57:21 2017


FIT:    data read from 'vIntDecrescenteP40.dat' using 1:2
        format = x:z
        #datapoints = 11
        residuals are weighted equally (unit weight)

function used for fitting: t(x)
fitted parameters initialized with current variable values



 Iteration 0
 WSSR        : 5.17379e+16       delta(WSSR)/WSSR   : 0
 delta(WSSR) : 0                 limit for stopping : 1e-05
 lambda	  : 4.82611e+07

initial set of free parameter values

a               = 1
b               = 1
c               = 1

After 11 iterations the fit converged.
final sum of squares of residuals : 3.31876e+09
rel. change during last iteration : -3.01779e-11

degrees of freedom    (FIT_NDF)                        : 8
rms of residuals      (FIT_STDFIT) = sqrt(WSSR/ndf)    : 20367.8
variance of residuals (reduced chisquare) = WSSR/ndf   : 4.14845e+08

Final set of parameters            Asymptotic Standard Error
=======================            ==========================

a               = 0.176646         +/- 0.0002888    (0.1635%)
b               = 46.3507          +/- 4.571        (9.861%)
c               = -12340.6         +/- 8087         (65.53%)


correlation matrix of the fit parameters:

               a      b      c      
a               1.000 
b              -0.961  1.000 
c               0.455 -0.566  1.000 
