

*******************************************************************************
Tue Jun 27 22:15:18 2017


FIT:    data read from 'vIntDecrescente.dat' using 1:2
        format = x:z
        #datapoints = 11
        residuals are weighted equally (unit weight)

function used for fitting: t(x)
fitted parameters initialized with current variable values



 Iteration 0
 WSSR        : 7.63758e+16       delta(WSSR)/WSSR   : 0
 delta(WSSR) : 0                 limit for stopping : 1e-05
 lambda	  : 4.82611e+07

initial set of free parameter values

a               = 1
b               = 1
c               = 1

After 11 iterations the fit converged.
final sum of squares of residuals : 3.62394e+08
rel. change during last iteration : -3.50381e-12

degrees of freedom    (FIT_NDF)                        : 8
rms of residuals      (FIT_STDFIT) = sqrt(WSSR/ndf)    : 6730.47
variance of residuals (reduced chisquare) = WSSR/ndf   : 4.52992e+07

Final set of parameters            Asymptotic Standard Error
=======================            ==========================

a               = 0.00109478       +/- 9.544e-05    (8.717%)
b               = 32.5516          +/- 1.51         (4.64%)
c               = 1389.68          +/- 2672         (192.3%)


correlation matrix of the fit parameters:

               a      b      c      
a               1.000 
b              -0.961  1.000 
c               0.455 -0.566  1.000 


*******************************************************************************
Tue Jun 27 22:20:39 2017


FIT:    data read from 'vIntDecrescente.dat' using 1:2
        format = x:z
        #datapoints = 11
        residuals are weighted equally (unit weight)

function used for fitting: t(x)
fitted parameters initialized with current variable values



 Iteration 0
 WSSR        : 7.63758e+16       delta(WSSR)/WSSR   : 0
 delta(WSSR) : 0                 limit for stopping : 1e-05
 lambda	  : 4.82611e+07

initial set of free parameter values

a               = 1
b               = 1
c               = 1

After 11 iterations the fit converged.
final sum of squares of residuals : 3.62394e+08
rel. change during last iteration : -3.50381e-12

degrees of freedom    (FIT_NDF)                        : 8
rms of residuals      (FIT_STDFIT) = sqrt(WSSR/ndf)    : 6730.47
variance of residuals (reduced chisquare) = WSSR/ndf   : 4.52992e+07

Final set of parameters            Asymptotic Standard Error
=======================            ==========================

a               = 0.00109478       +/- 9.544e-05    (8.717%)
b               = 32.5516          +/- 1.51         (4.64%)
c               = 1389.68          +/- 2672         (192.3%)


correlation matrix of the fit parameters:

               a      b      c      
a               1.000 
b              -0.961  1.000 
c               0.455 -0.566  1.000 


*******************************************************************************
Wed Jun 28 03:30:28 2017


FIT:    data read from 'vIntDecrescente.dat' using 1:2
        format = x:z
        #datapoints = 11
        residuals are weighted equally (unit weight)

function used for fitting: t(x)
	t(x) = a*x + b
fitted parameters initialized with current variable values

iter      chisq       delta/lim  lambda   a             b            
   0 1.8747891939e+12   0.00e+00  4.03e+03    1.000000e+00   1.000000e+00
   7 4.6310557606e+10  -1.18e-07  4.03e-04    7.513137e+01  -3.063061e+04

After 7 iterations the fit converged.
final sum of squares of residuals : 4.63106e+10
rel. change during last iteration : -1.18319e-12

degrees of freedom    (FIT_NDF)                        : 9
rms of residuals      (FIT_STDFIT) = sqrt(WSSR/ndf)    : 71733
variance of residuals (reduced chisquare) = WSSR/ndf   : 5.14562e+09

Final set of parameters            Asymptotic Standard Error
=======================            ==========================
a               = 75.1314          +/- 4.445        (5.917%)
b               = -30630.6         +/- 2.536e+04    (82.78%)

correlation matrix of the fit parameters:
                a      b      
a               1.000 
b              -0.522  1.000 
