

*******************************************************************************
Wed Aug  2 06:23:07 2017


FIT:    data read from 'Dados.dat' using 1:2
        format = x:z
        #datapoints = 6
        residuals are weighted equally (unit weight)

function used for fitting: t(x)
	t(x) = a*x**3 + b*x**2 + c*x + d
fitted parameters initialized with current variable values

iter      chisq       delta/lim  lambda   a             b             c             d            
   0 4.6075191994e+15   0.00e+00  2.76e+07    1.000000e+00   1.000000e+00   1.000000e+00   1.000000e+00
  11 1.5111965163e+10  -1.27e-03  2.76e-04    6.843580e-01  -1.123174e+02   1.012538e+04  -1.882978e+05

After 11 iterations the fit converged.
final sum of squares of residuals : 1.5112e+10
rel. change during last iteration : -1.26544e-08

degrees of freedom    (FIT_NDF)                        : 2
rms of residuals      (FIT_STDFIT) = sqrt(WSSR/ndf)    : 86925.2
variance of residuals (reduced chisquare) = WSSR/ndf   : 7.55598e+09

Final set of parameters            Asymptotic Standard Error
=======================            ==========================
a               = 0.684358         +/- 0.01851      (2.705%)
b               = -112.317         +/- 14.08        (12.54%)
c               = 10125.4          +/- 2612         (25.8%)
d               = -188298          +/- 1.001e+05    (53.18%)

correlation matrix of the fit parameters:
                a      b      c      d      
a               1.000 
b              -0.994  1.000 
c               0.947 -0.976  1.000 
d              -0.736  0.782 -0.868  1.000 
