

*******************************************************************************
Wed Jun 28 01:12:02 2017


FIT:    data read from 'vIntDecrescenteP20.dat' using 1:2
        format = x:z
        #datapoints = 11
        residuals are weighted equally (unit weight)

function used for fitting: t(x)
	t(x) = a*x*log(x) + b
fitted parameters initialized with current variable values

iter      chisq       delta/lim  lambda   a             b            
   0 5.1833529974e+09   0.00e+00  3.83e+04    1.000000e+00   1.000000e+00
   8 5.5545490470e+07  -1.59e-07  3.83e-04    1.382732e+00   1.684995e+03

After 8 iterations the fit converged.
final sum of squares of residuals : 5.55455e+07
rel. change during last iteration : -1.59473e-12

degrees of freedom    (FIT_NDF)                        : 9
rms of residuals      (FIT_STDFIT) = sqrt(WSSR/ndf)    : 2484.29
variance of residuals (reduced chisquare) = WSSR/ndf   : 6.17172e+06

Final set of parameters            Asymptotic Standard Error
=======================            ==========================
a               = 1.38273          +/- 0.01595      (1.153%)
b               = 1684.99          +/- 862.7        (51.2%)

correlation matrix of the fit parameters:
                a      b      
a               1.000 
b              -0.496  1.000 
