

*******************************************************************************
Wed Aug  2 06:19:26 2017


FIT:    data read from 'Dados.dat' using 1:2
        format = x:z
        #datapoints = 11
        residuals are weighted equally (unit weight)

function used for fitting: t(x)
	t(x) = a*x + b
fitted parameters initialized with current variable values

iter      chisq       delta/lim  lambda   a             b            
   0 5.9947506000e+07   0.00e+00  4.03e+03    1.000000e+00   1.000000e+00
   7 1.3411545181e+06  -4.88e-07  4.03e-04    5.678186e-01   3.358004e+02

After 7 iterations the fit converged.
final sum of squares of residuals : 1.34115e+06
rel. change during last iteration : -4.87881e-12

degrees of freedom    (FIT_NDF)                        : 9
rms of residuals      (FIT_STDFIT) = sqrt(WSSR/ndf)    : 386.027
variance of residuals (reduced chisquare) = WSSR/ndf   : 149017

Final set of parameters            Asymptotic Standard Error
=======================            ==========================
a               = 0.567819         +/- 0.02392      (4.213%)
b               = 335.8            +/- 136.5        (40.64%)

correlation matrix of the fit parameters:
                a      b      
a               1.000 
b              -0.522  1.000 
