

*******************************************************************************
Tue Jun 27 21:32:49 2017


FIT:    data read from 'vIntDecrescenteP20.dat' using 1:2
        format = x:z
        #datapoints = 11
        residuals are weighted equally (unit weight)

function used for fitting: t(x)
fitted parameters initialized with current variable values



 Iteration 0
 WSSR        : 7.62636e+16       delta(WSSR)/WSSR   : 0
 delta(WSSR) : 0                 limit for stopping : 1e-05
 lambda	  : 4.82611e+07

initial set of free parameter values

a               = 1
b               = 1
c               = 1

After 11 iterations the fit converged.
final sum of squares of residuals : 2.57161e+08
rel. change during last iteration : -2.20235e-11

degrees of freedom    (FIT_NDF)                        : 8
rms of residuals      (FIT_STDFIT) = sqrt(WSSR/ndf)    : 5669.66
variance of residuals (reduced chisquare) = WSSR/ndf   : 3.21451e+07

Final set of parameters            Asymptotic Standard Error
=======================            ==========================

a               = -2.02302e-05     +/- 8.04e-05     (397.4%)
b               = 61.1191          +/- 1.272        (2.082%)
c               = -2931.47         +/- 2251         (76.79%)


correlation matrix of the fit parameters:

               a      b      c      
a               1.000 
b              -0.961  1.000 
c               0.455 -0.566  1.000 


*******************************************************************************
Tue Jun 27 21:43:52 2017


FIT:    data read from 'vIntDecrescenteP20.dat' using 1:2
        format = x:z
        #datapoints = 11
        residuals are weighted equally (unit weight)

function used for fitting: t(x)
fitted parameters initialized with current variable values



 Iteration 0
 WSSR        : 1.27026e+12       delta(WSSR)/WSSR   : 0
 delta(WSSR) : 0                 limit for stopping : 1e-05
 lambda	  : 4033.46

initial set of free parameter values

a               = 1
b               = 1

After 7 iterations the fit converged.
final sum of squares of residuals : 2.59196e+08
rel. change during last iteration : -1.60891e-12

degrees of freedom    (FIT_NDF)                        : 9
rms of residuals      (FIT_STDFIT) = sqrt(WSSR/ndf)    : 5366.52
variance of residuals (reduced chisquare) = WSSR/ndf   : 2.87996e+07

Final set of parameters            Asymptotic Standard Error
=======================            ==========================

a               = 60.8114          +/- 0.3326       (0.5469%)
b               = -2673.53         +/- 1897         (70.95%)


correlation matrix of the fit parameters:

               a      b      
a               1.000 
b              -0.522  1.000 
