

*******************************************************************************
Tue Jun 27 20:19:12 2017


FIT:    data read from 'CrescenteP40.dat' using 1:2
        format = x:z
        #datapoints = 11
        residuals are weighted equally (unit weight)

function used for fitting: t(x)
fitted parameters initialized with current variable values



 Iteration 0
 WSSR        : 4.66696e+16       delta(WSSR)/WSSR   : 0
 delta(WSSR) : 0                 limit for stopping : 1e-05
 lambda	  : 4.82611e+07

initial set of free parameter values

a               = 1
b               = 1
c               = 1

After 11 iterations the fit converged.
final sum of squares of residuals : 1.08665e+10
rel. change during last iteration : -7.2734e-12

degrees of freedom    (FIT_NDF)                        : 8
rms of residuals      (FIT_STDFIT) = sqrt(WSSR/ndf)    : 36855.4
variance of residuals (reduced chisquare) = WSSR/ndf   : 1.35832e+09

Final set of parameters            Asymptotic Standard Error
=======================            ==========================

a               = 0.219713         +/- 0.0005226    (0.2379%)
b               = 18.0257          +/- 8.27         (45.88%)
c               = -10959.4         +/- 1.463e+04    (133.5%)


correlation matrix of the fit parameters:

               a      b      c      
a               1.000 
b              -0.961  1.000 
c               0.455 -0.566  1.000 


*******************************************************************************
Wed Jun 28 21:42:52 2017


FIT:    data read from 'CrescenteP40.dat' using 1:2
        format = x:z
        #datapoints = 11
        residuals are weighted equally (unit weight)

function used for fitting: t(x)
fitted parameters initialized with current variable values



 Iteration 0
 WSSR        : 4.66696e+16       delta(WSSR)/WSSR   : 0
 delta(WSSR) : 0                 limit for stopping : 1e-05
 lambda	  : 4.82611e+07

initial set of free parameter values

a               = 1
b               = 1
c               = 1

After 11 iterations the fit converged.
final sum of squares of residuals : 1.08665e+10
rel. change during last iteration : -7.2734e-12

degrees of freedom    (FIT_NDF)                        : 8
rms of residuals      (FIT_STDFIT) = sqrt(WSSR/ndf)    : 36855.4
variance of residuals (reduced chisquare) = WSSR/ndf   : 1.35832e+09

Final set of parameters            Asymptotic Standard Error
=======================            ==========================

a               = 0.219713         +/- 0.0005226    (0.2379%)
b               = 18.0257          +/- 8.27         (45.88%)
c               = -10959.4         +/- 1.463e+04    (133.5%)


correlation matrix of the fit parameters:

               a      b      c      
a               1.000 
b              -0.961  1.000 
c               0.455 -0.566  1.000 
