

*******************************************************************************
Tue Jun 27 21:16:00 2017


FIT:    data read from 'vIntDecrescenteP50.dat' using 1:2
        format = x:z
        #datapoints = 11
        residuals are weighted equally (unit weight)

function used for fitting: t(x)
fitted parameters initialized with current variable values



 Iteration 0
 WSSR        : 5.89077e+16       delta(WSSR)/WSSR   : 0
 delta(WSSR) : 0                 limit for stopping : 1e-05
 lambda	  : 4.82611e+07

initial set of free parameter values

a               = 1
b               = 1
c               = 1

After 11 iterations the fit converged.
final sum of squares of residuals : 9.97817e+09
rel. change during last iteration : -1.40111e-11

degrees of freedom    (FIT_NDF)                        : 8
rms of residuals      (FIT_STDFIT) = sqrt(WSSR/ndf)    : 35316.7
variance of residuals (reduced chisquare) = WSSR/ndf   : 1.24727e+09

Final set of parameters            Asymptotic Standard Error
=======================            ==========================

a               = 0.121849         +/- 0.0005008    (0.411%)
b               = 43.3358          +/- 7.925        (18.29%)
c               = -14567.3         +/- 1.402e+04    (96.26%)


correlation matrix of the fit parameters:

               a      b      c      
a               1.000 
b              -0.961  1.000 
c               0.455 -0.566  1.000 


*******************************************************************************
Tue Jun 27 21:20:59 2017


FIT:    data read from 'vIntDecrescenteP50.dat' using 1:2
        format = x:z
        #datapoints = 11
        residuals are weighted equally (unit weight)

function used for fitting: t(x)
fitted parameters initialized with current variable values



 Iteration 0
 WSSR        : 5.89077e+16       delta(WSSR)/WSSR   : 0
 delta(WSSR) : 0                 limit for stopping : 1e-05
 lambda	  : 4.82611e+07

initial set of free parameter values

a               = 1
b               = 1
c               = 1

After 11 iterations the fit converged.
final sum of squares of residuals : 9.97817e+09
rel. change during last iteration : -1.40111e-11

degrees of freedom    (FIT_NDF)                        : 8
rms of residuals      (FIT_STDFIT) = sqrt(WSSR/ndf)    : 35316.7
variance of residuals (reduced chisquare) = WSSR/ndf   : 1.24727e+09

Final set of parameters            Asymptotic Standard Error
=======================            ==========================

a               = 0.121849         +/- 0.0005008    (0.411%)
b               = 43.3358          +/- 7.925        (18.29%)
c               = -14567.3         +/- 1.402e+04    (96.26%)


correlation matrix of the fit parameters:

               a      b      c      
a               1.000 
b              -0.961  1.000 
c               0.455 -0.566  1.000 
