

*******************************************************************************
Tue Jun 27 22:28:21 2017


FIT:    data read from 'vIntDecrescenteP50.dat' using 1:2
        format = x:z
        #datapoints = 11
        residuals are weighted equally (unit weight)

function used for fitting: t(x)
fitted parameters initialized with current variable values



 Iteration 0
 WSSR        : 6.72769e+16       delta(WSSR)/WSSR   : 0
 delta(WSSR) : 0                 limit for stopping : 1e-05
 lambda	  : 4.82611e+07

initial set of free parameter values

a               = 1
b               = 1
c               = 1

After 11 iterations the fit converged.
final sum of squares of residuals : 1.26028e+11
rel. change during last iteration : -2.57846e-11

degrees of freedom    (FIT_NDF)                        : 8
rms of residuals      (FIT_STDFIT) = sqrt(WSSR/ndf)    : 125513
variance of residuals (reduced chisquare) = WSSR/ndf   : 1.57535e+10

Final set of parameters            Asymptotic Standard Error
=======================            ==========================

a               = 0.0693834        +/- 0.00178      (2.565%)
b               = -79.8034         +/- 28.17        (35.29%)
c               = 70249.7          +/- 4.983e+04    (70.94%)


correlation matrix of the fit parameters:

               a      b      c      
a               1.000 
b              -0.961  1.000 
c               0.455 -0.566  1.000 
