

*******************************************************************************
Tue Jun 27 21:40:02 2017


FIT:    data read from 'vIntCrescenteP10.dat' using 1:2
        format = x:z
        #datapoints = 11
        residuals are weighted equally (unit weight)

function used for fitting: t(x)
fitted parameters initialized with current variable values



 Iteration 0
 WSSR        : 1.13352e+12       delta(WSSR)/WSSR   : 0
 delta(WSSR) : 0                 limit for stopping : 1e-05
 lambda	  : 4033.46

initial set of free parameter values

a               = 1
b               = 1

After 7 iterations the fit converged.
final sum of squares of residuals : 4.17865e+08
rel. change during last iteration : -9.96633e-13

degrees of freedom    (FIT_NDF)                        : 9
rms of residuals      (FIT_STDFIT) = sqrt(WSSR/ndf)    : 6813.91
variance of residuals (reduced chisquare) = WSSR/ndf   : 4.64294e+07

Final set of parameters            Asymptotic Standard Error
=======================            ==========================

a               = 57.5085          +/- 0.4223       (0.7343%)
b               = -2665.63         +/- 2409         (90.36%)


correlation matrix of the fit parameters:

               a      b      
a               1.000 
b              -0.522  1.000 
