

*******************************************************************************
Wed Aug  2 06:16:19 2017


FIT:    data read from 'Dados.dat' using 1:2
        format = x:z
        #datapoints = 11
        residuals are weighted equally (unit weight)

function used for fitting: t(x)
	t(x) = a*x + b
fitted parameters initialized with current variable values

iter      chisq       delta/lim  lambda   a             b            
   0 7.6561080000e+06   0.00e+00  4.03e+03    1.000000e+00   1.000000e+00
   7 2.3630065171e+06  -1.83e-07  4.03e-04    1.089724e+00   2.729418e+02

After 7 iterations the fit converged.
final sum of squares of residuals : 2.36301e+06
rel. change during last iteration : -1.8252e-12

degrees of freedom    (FIT_NDF)                        : 9
rms of residuals      (FIT_STDFIT) = sqrt(WSSR/ndf)    : 512.402
variance of residuals (reduced chisquare) = WSSR/ndf   : 262556

Final set of parameters            Asymptotic Standard Error
=======================            ==========================
a               = 1.08972          +/- 0.03175      (2.914%)
b               = 272.942          +/- 181.1        (66.36%)

correlation matrix of the fit parameters:
                a      b      
a               1.000 
b              -0.522  1.000 
