

*******************************************************************************
Tue Jun 27 22:14:53 2017


FIT:    data read from 'CrescenteP30.dat' using 1:2
        format = x:z
        #datapoints = 11
        residuals are weighted equally (unit weight)

function used for fitting: t(x)
fitted parameters initialized with current variable values



 Iteration 0
 WSSR        : 7.63974e+16       delta(WSSR)/WSSR   : 0
 delta(WSSR) : 0                 limit for stopping : 1e-05
 lambda	  : 4.82611e+07

initial set of free parameter values

a               = 1
b               = 1
c               = 1

After 11 iterations the fit converged.
final sum of squares of residuals : 3.48114e+08
rel. change during last iteration : -3.72133e-12

degrees of freedom    (FIT_NDF)                        : 8
rms of residuals      (FIT_STDFIT) = sqrt(WSSR/ndf)    : 6596.53
variance of residuals (reduced chisquare) = WSSR/ndf   : 4.35142e+07

Final set of parameters            Asymptotic Standard Error
=======================            ==========================

a               = 0.000990228      +/- 9.354e-05    (9.446%)
b               = 31.9917          +/- 1.48         (4.627%)
c               = 1403.85          +/- 2619         (186.6%)


correlation matrix of the fit parameters:

               a      b      c      
a               1.000 
b              -0.961  1.000 
c               0.455 -0.566  1.000 


*******************************************************************************
Tue Jun 27 22:20:20 2017


FIT:    data read from 'CrescenteP30.dat' using 1:2
        format = x:z
        #datapoints = 11
        residuals are weighted equally (unit weight)

function used for fitting: t(x)
fitted parameters initialized with current variable values



 Iteration 0
 WSSR        : 7.63974e+16       delta(WSSR)/WSSR   : 0
 delta(WSSR) : 0                 limit for stopping : 1e-05
 lambda	  : 4.82611e+07

initial set of free parameter values

a               = 1
b               = 1
c               = 1

After 11 iterations the fit converged.
final sum of squares of residuals : 3.48114e+08
rel. change during last iteration : -3.72133e-12

degrees of freedom    (FIT_NDF)                        : 8
rms of residuals      (FIT_STDFIT) = sqrt(WSSR/ndf)    : 6596.53
variance of residuals (reduced chisquare) = WSSR/ndf   : 4.35142e+07

Final set of parameters            Asymptotic Standard Error
=======================            ==========================

a               = 0.000990228      +/- 9.354e-05    (9.446%)
b               = 31.9917          +/- 1.48         (4.627%)
c               = 1403.85          +/- 2619         (186.6%)


correlation matrix of the fit parameters:

               a      b      c      
a               1.000 
b              -0.961  1.000 
c               0.455 -0.566  1.000 
