

*******************************************************************************
Tue Jun 27 22:28:16 2017


FIT:    data read from 'vIntDecrescenteP40.dat' using 1:2
        format = x:z
        #datapoints = 11
        residuals are weighted equally (unit weight)

function used for fitting: t(x)
fitted parameters initialized with current variable values



 Iteration 0
 WSSR        : 6.72861e+16       delta(WSSR)/WSSR   : 0
 delta(WSSR) : 0                 limit for stopping : 1e-05
 lambda	  : 4.82611e+07

initial set of free parameter values

a               = 1
b               = 1
c               = 1

After 11 iterations the fit converged.
final sum of squares of residuals : 1.18758e+11
rel. change during last iteration : -2.51582e-11

degrees of freedom    (FIT_NDF)                        : 8
rms of residuals      (FIT_STDFIT) = sqrt(WSSR/ndf)    : 121839
variance of residuals (reduced chisquare) = WSSR/ndf   : 1.48448e+10

Final set of parameters            Asymptotic Standard Error
=======================            ==========================

a               = 0.0689782        +/- 0.001728     (2.505%)
b               = -74.3765         +/- 27.34        (36.76%)
c               = 67363.4          +/- 4.837e+04    (71.81%)


correlation matrix of the fit parameters:

               a      b      c      
a               1.000 
b              -0.961  1.000 
c               0.455 -0.566  1.000 


*******************************************************************************
Wed Jun 28 02:02:36 2017


FIT:    data read from 'vIntDecrescenteP40.dat' using 1:2
        format = x:z
        #datapoints = 11
        residuals are weighted equally (unit weight)

function used for fitting: t(x)
	t(x) = a*x*log(x) + b
fitted parameters initialized with current variable values

iter      chisq       delta/lim  lambda   a             b            
   0 3.1311598719e+14   0.00e+00  3.83e+04    1.000000e+00   1.000000e+00
   8 1.7780649480e+13  -7.49e-08  3.83e-04    1.021871e+02  -6.524757e+05

After 8 iterations the fit converged.
final sum of squares of residuals : 1.77806e+13
rel. change during last iteration : -7.48927e-13

degrees of freedom    (FIT_NDF)                        : 9
rms of residuals      (FIT_STDFIT) = sqrt(WSSR/ndf)    : 1.40557e+06
variance of residuals (reduced chisquare) = WSSR/ndf   : 1.97563e+12

Final set of parameters            Asymptotic Standard Error
=======================            ==========================
a               = 102.187          +/- 9.022        (8.829%)
b               = -652476          +/- 4.881e+05    (74.81%)

correlation matrix of the fit parameters:
                a      b      
a               1.000 
b              -0.496  1.000 
