

*******************************************************************************
Wed Aug  2 06:11:01 2017


FIT:    data read from 'Dados.dat' using 1:2
        format = x:z
        #datapoints = 11
        residuals are weighted equally (unit weight)

function used for fitting: t(x)
	t(x) = a*x + b
fitted parameters initialized with current variable values

iter      chisq       delta/lim  lambda   a             b            
   0 4.2561411000e+07   0.00e+00  4.03e+03    1.000000e+00   1.000000e+00
   6 3.9185954154e+07  -9.67e-01  4.03e-03    1.106007e+00  -5.167211e+02

After 6 iterations the fit converged.
final sum of squares of residuals : 3.9186e+07
rel. change during last iteration : -9.66609e-06

degrees of freedom    (FIT_NDF)                        : 9
rms of residuals      (FIT_STDFIT) = sqrt(WSSR/ndf)    : 2086.62
variance of residuals (reduced chisquare) = WSSR/ndf   : 4.35399e+06

Final set of parameters            Asymptotic Standard Error
=======================            ==========================
a               = 1.10601          +/- 0.1293       (11.69%)
b               = -516.721         +/- 737.6        (142.7%)

correlation matrix of the fit parameters:
                a      b      
a               1.000 
b              -0.522  1.000 


*******************************************************************************
Wed Aug  2 06:11:14 2017


FIT:    data read from 'Dados.dat' using 1:2
        format = x:z
        #datapoints = 11
        residuals are weighted equally (unit weight)

function used for fitting: t(x)
	t(x) = a + b
fitted parameters initialized with current variable values

iter      chisq       delta/lim  lambda   a             b            
   0 4.4238420400e+08   0.00e+00  1.00e+00    1.000000e+00   1.000000e+00
   3 3.5771617455e+08  -9.24e-06  1.00e-03    1.388182e+03   1.388182e+03

After 3 iterations the fit converged.
final sum of squares of residuals : 3.57716e+08
rel. change during last iteration : -9.236e-11

degrees of freedom    (FIT_NDF)                        : 9
rms of residuals      (FIT_STDFIT) = sqrt(WSSR/ndf)    : 6304.46
variance of residuals (reduced chisquare) = WSSR/ndf   : 3.97462e+07

Final set of parameters            Asymptotic Standard Error
=======================            ==========================
a               = 1388.18          +/- 2.839e+19    (2.045e+18%)
b               = 1388.18          +/- 2.839e+19    (2.045e+18%)

correlation matrix of the fit parameters:
                a      b      
a               1.000 
b              -1.000  1.000 


*******************************************************************************
Wed Aug  2 06:11:47 2017


FIT:    data read from 'Dados.dat' using 1:2
        format = x:z
        #datapoints = 11
        residuals are weighted equally (unit weight)

function used for fitting: t(x)
	t(x) = a*x + b
fitted parameters initialized with current variable values

iter      chisq       delta/lim  lambda   a             b            
   0 5.9566219011e+10   0.00e+00  4.03e+03    1.000000e+00   1.000000e+00
   7 1.5452365888e+08  -1.77e-07  4.03e-04    1.368157e+01   2.167398e+03

After 7 iterations the fit converged.
final sum of squares of residuals : 1.54524e+08
rel. change during last iteration : -1.7707e-12

degrees of freedom    (FIT_NDF)                        : 9
rms of residuals      (FIT_STDFIT) = sqrt(WSSR/ndf)    : 4143.58
variance of residuals (reduced chisquare) = WSSR/ndf   : 1.71693e+07

Final set of parameters            Asymptotic Standard Error
=======================            ==========================
a               = 13.6816          +/- 0.2568       (1.877%)
b               = 2167.4           +/- 1465         (67.58%)

correlation matrix of the fit parameters:
                a      b      
a               1.000 
b              -0.522  1.000 
