

*******************************************************************************
Wed Jun 28 01:11:57 2017


FIT:    data read from 'vIntDecrescenteP10.dat' using 1:2
        format = x:z
        #datapoints = 11
        residuals are weighted equally (unit weight)

function used for fitting: t(x)
	t(x) = a*x*log(x) + b
fitted parameters initialized with current variable values

iter      chisq       delta/lim  lambda   a             b            
   0 5.1766037497e+09   0.00e+00  3.83e+04    1.000000e+00   1.000000e+00
   8 5.2454236686e+06  -5.35e-07  3.83e-04    1.391816e+00   9.473538e+02

After 8 iterations the fit converged.
final sum of squares of residuals : 5.24542e+06
rel. change during last iteration : -5.34531e-12

degrees of freedom    (FIT_NDF)                        : 9
rms of residuals      (FIT_STDFIT) = sqrt(WSSR/ndf)    : 763.43
variance of residuals (reduced chisquare) = WSSR/ndf   : 582825

Final set of parameters            Asymptotic Standard Error
=======================            ==========================
a               = 1.39182          +/- 0.0049       (0.3521%)
b               = 947.354          +/- 265.1        (27.98%)

correlation matrix of the fit parameters:
                a      b      
a               1.000 
b              -0.496  1.000 


*******************************************************************************
Wed Jun 28 21:44:55 2017


FIT:    data read from 'vIntDecrescenteP10.dat' using 1:2
        format = x:z
        #datapoints = 11
        residuals are weighted equally (unit weight)

function used for fitting: t(x)
fitted parameters initialized with current variable values



 Iteration 0
 WSSR        : 5.1766e+09        delta(WSSR)/WSSR   : 0
 delta(WSSR) : 0                 limit for stopping : 1e-05
 lambda	  : 38254.5

initial set of free parameter values

a               = 1
b               = 1

After 8 iterations the fit converged.
final sum of squares of residuals : 5.24542e+06
rel. change during last iteration : -5.34513e-12

degrees of freedom    (FIT_NDF)                        : 9
rms of residuals      (FIT_STDFIT) = sqrt(WSSR/ndf)    : 763.43
variance of residuals (reduced chisquare) = WSSR/ndf   : 582825

Final set of parameters            Asymptotic Standard Error
=======================            ==========================

a               = 1.39182          +/- 0.0049       (0.3521%)
b               = 947.354          +/- 265.1        (27.98%)


correlation matrix of the fit parameters:

               a      b      
a               1.000 
b              -0.496  1.000 
