

*******************************************************************************
Wed Aug  2 06:13:28 2017


FIT:    data read from 'Dados.dat' using 1:2
        format = x:z
        #datapoints = 11
        residuals are weighted equally (unit weight)

function used for fitting: t(x)
	t(x) = a*x + b
fitted parameters initialized with current variable values

iter      chisq       delta/lim  lambda   a             b            
   0 1.2590951400e+08   0.00e+00  4.03e+03    1.000000e+00   1.000000e+00
   7 1.5132435933e+06  -4.17e-07  4.03e-04    3.824428e-01   3.295668e+02

After 7 iterations the fit converged.
final sum of squares of residuals : 1.51324e+06
rel. change during last iteration : -4.1652e-12

degrees of freedom    (FIT_NDF)                        : 9
rms of residuals      (FIT_STDFIT) = sqrt(WSSR/ndf)    : 410.047
variance of residuals (reduced chisquare) = WSSR/ndf   : 168138

Final set of parameters            Asymptotic Standard Error
=======================            ==========================
a               = 0.382443         +/- 0.02541      (6.644%)
b               = 329.567          +/- 144.9        (43.98%)

correlation matrix of the fit parameters:
                a      b      
a               1.000 
b              -0.522  1.000 
