

*******************************************************************************
Wed Jun 28 01:11:27 2017


FIT:    data read from 'CrescenteP30.dat' using 1:2
        format = x:z
        #datapoints = 11
        residuals are weighted equally (unit weight)

function used for fitting: t(x)
	t(x) = a*x*log(x) + b
fitted parameters initialized with current variable values

iter      chisq       delta/lim  lambda   a             b            
   0 1.1473506679e+10   0.00e+00  3.83e+04    1.000000e+00   1.000000e+00
   8 1.4989188413e+08  -1.55e-07  3.83e-04    1.566490e+00   2.722715e+03

After 8 iterations the fit converged.
final sum of squares of residuals : 1.49892e+08
rel. change during last iteration : -1.54567e-12

degrees of freedom    (FIT_NDF)                        : 9
rms of residuals      (FIT_STDFIT) = sqrt(WSSR/ndf)    : 4081.01
variance of residuals (reduced chisquare) = WSSR/ndf   : 1.66547e+07

Final set of parameters            Asymptotic Standard Error
=======================            ==========================
a               = 1.56649          +/- 0.0262       (1.672%)
b               = 2722.71          +/- 1417         (52.05%)

correlation matrix of the fit parameters:
                a      b      
a               1.000 
b              -0.496  1.000 
