

*******************************************************************************
Wed Aug  2 06:23:34 2017


FIT:    data read from 'Dados.dat' using 1:2
        format = x:z
        #datapoints = 11
        residuals are weighted equally (unit weight)

function used for fitting: t(x)
	t(x) = a*x + b
fitted parameters initialized with current variable values

iter      chisq       delta/lim  lambda   a             b            
   0 2.2553934455e+10   0.00e+00  4.03e+03    1.000000e+00   1.000000e+00
   7 3.3459124559e+08  -1.32e-07  4.03e-04    8.616627e+00   2.751840e+03

After 7 iterations the fit converged.
final sum of squares of residuals : 3.34591e+08
rel. change during last iteration : -1.31932e-12

degrees of freedom    (FIT_NDF)                        : 9
rms of residuals      (FIT_STDFIT) = sqrt(WSSR/ndf)    : 6097.28
variance of residuals (reduced chisquare) = WSSR/ndf   : 3.71768e+07

Final set of parameters            Asymptotic Standard Error
=======================            ==========================
a               = 8.61663          +/- 0.3778       (4.385%)
b               = 2751.84          +/- 2155         (78.32%)

correlation matrix of the fit parameters:
                a      b      
a               1.000 
b              -0.522  1.000 
