

*******************************************************************************
Wed Jun 28 01:11:42 2017


FIT:    data read from 'vIntCrescenteP50.dat' using 1:2
        format = x:z
        #datapoints = 11
        residuals are weighted equally (unit weight)

function used for fitting: t(x)
	t(x) = a*x*log(x) + b
fitted parameters initialized with current variable values

iter      chisq       delta/lim  lambda   a             b            
   0 1.2586303077e+10   0.00e+00  3.83e+04    1.000000e+00   1.000000e+00
   3 9.1731939032e+08  -6.66e-01  3.83e+01    1.602035e+00   1.145913e+00

After 3 iterations the fit converged.
final sum of squares of residuals : 9.17319e+08
rel. change during last iteration : -6.66244e-06

degrees of freedom    (FIT_NDF)                        : 9
rms of residuals      (FIT_STDFIT) = sqrt(WSSR/ndf)    : 10095.8
variance of residuals (reduced chisquare) = WSSR/ndf   : 1.01924e+08

Final set of parameters            Asymptotic Standard Error
=======================            ==========================
a               = 1.60204          +/- 0.0648       (4.045%)
b               = 1.14591          +/- 3506         (3.059e+05%)

correlation matrix of the fit parameters:
                a      b      
a               1.000 
b              -0.496  1.000 


*******************************************************************************
Wed Jun 28 21:44:28 2017


FIT:    data read from 'vIntCrescenteP50.dat' using 1:2
        format = x:z
        #datapoints = 11
        residuals are weighted equally (unit weight)

function used for fitting: t(x)
fitted parameters initialized with current variable values



 Iteration 0
 WSSR        : 1.25863e+10       delta(WSSR)/WSSR   : 0
 delta(WSSR) : 0                 limit for stopping : 1e-05
 lambda	  : 38254.5

initial set of free parameter values

a               = 1
b               = 1

After 3 iterations the fit converged.
final sum of squares of residuals : 9.17319e+08
rel. change during last iteration : -6.66244e-06

degrees of freedom    (FIT_NDF)                        : 9
rms of residuals      (FIT_STDFIT) = sqrt(WSSR/ndf)    : 10095.8
variance of residuals (reduced chisquare) = WSSR/ndf   : 1.01924e+08

Final set of parameters            Asymptotic Standard Error
=======================            ==========================

a               = 1.60204          +/- 0.0648       (4.045%)
b               = 1.14591          +/- 3506         (3.059e+05%)


correlation matrix of the fit parameters:

               a      b      
a               1.000 
b              -0.496  1.000 
