

*******************************************************************************
Tue Jun 27 21:53:16 2017


FIT:    data read from 'vIntCrescenteP10.dat' using 1:2
        format = x:z
        #datapoints = 11
        residuals are weighted equally (unit weight)

function used for fitting: t(x)
fitted parameters initialized with current variable values



 Iteration 0
 WSSR        : 7.6779e+16        delta(WSSR)/WSSR   : 0
 delta(WSSR) : 0                 limit for stopping : 1e-05
 lambda	  : 4.82611e+07

initial set of free parameter values

a               = 1
b               = 1
c               = 1

After 11 iterations the fit converged.
final sum of squares of residuals : 2.27124e+07
rel. change during last iteration : -1.07062e-11

degrees of freedom    (FIT_NDF)                        : 8
rms of residuals      (FIT_STDFIT) = sqrt(WSSR/ndf)    : 1684.95
variance of residuals (reduced chisquare) = WSSR/ndf   : 2.83905e+06

Final set of parameters            Asymptotic Standard Error
=======================            ==========================

a               = 6.75756e-05      +/- 2.389e-05    (35.36%)
b               = 8.21252          +/- 0.3781       (4.604%)
c               = -606.69          +/- 669          (110.3%)


correlation matrix of the fit parameters:

               a      b      c      
a               1.000 
b              -0.961  1.000 
c               0.455 -0.566  1.000 
