

*******************************************************************************
Wed Aug  2 00:44:26 2017


FIT:    data read from 'Dados.dat' using 1:2
        format = x:z
        #datapoints = 12
        residuals are weighted equally (unit weight)

function used for fitting: t(x)
fitted parameters initialized with current variable values



 Iteration 0
 WSSR        : 1.22982e+18       delta(WSSR)/WSSR   : 0
 delta(WSSR) : 0                 limit for stopping : 1e-05
 lambda	  : 1.84826e+08

initial set of free parameter values

a               = 1
b               = 1
c               = 1

After 11 iterations the fit converged.
final sum of squares of residuals : 1.796e+06
rel. change during last iteration : -2.07696e-06

degrees of freedom    (FIT_NDF)                        : 9
rms of residuals      (FIT_STDFIT) = sqrt(WSSR/ndf)    : 446.716
variance of residuals (reduced chisquare) = WSSR/ndf   : 199555

Final set of parameters            Asymptotic Standard Error
=======================            ==========================

a               = 3.27158e-07      +/- 1.561e-06    (477.3%)
b               = 0.449395         +/- 0.04903      (10.91%)
c               = 495.937          +/- 164.9        (33.25%)


correlation matrix of the fit parameters:

               a      b      c      
a               1.000 
b              -0.961  1.000 
c               0.430 -0.538  1.000 
