

*******************************************************************************
Tue Jun 27 21:53:26 2017


FIT:    data read from 'vIntCrescenteP20.dat' using 1:2
        format = x:z
        #datapoints = 11
        residuals are weighted equally (unit weight)

function used for fitting: t(x)
fitted parameters initialized with current variable values



 Iteration 0
 WSSR        : 7.68067e+16       delta(WSSR)/WSSR   : 0
 delta(WSSR) : 0                 limit for stopping : 1e-05
 lambda	  : 4.82611e+07

initial set of free parameter values

a               = 1
b               = 1
c               = 1

After 11 iterations the fit converged.
final sum of squares of residuals : 6.09983e+07
rel. change during last iteration : -5.64269e-12

degrees of freedom    (FIT_NDF)                        : 8
rms of residuals      (FIT_STDFIT) = sqrt(WSSR/ndf)    : 2761.3
variance of residuals (reduced chisquare) = WSSR/ndf   : 7.62479e+06

Final set of parameters            Asymptotic Standard Error
=======================            ==========================

a               = -0.000164587     +/- 3.915e-05    (23.79%)
b               = 9.01475          +/- 0.6196       (6.874%)
c               = -721.997         +/- 1096         (151.8%)


correlation matrix of the fit parameters:

               a      b      c      
a               1.000 
b              -0.961  1.000 
c               0.455 -0.566  1.000 
