

*******************************************************************************
Tue Jun 27 22:27:00 2017


FIT:    data read from 'vIntCrescenteP20.dat' using 1:2
        format = x:z
        #datapoints = 11
        residuals are weighted equally (unit weight)

function used for fitting: t(x)
fitted parameters initialized with current variable values



 Iteration 0
 WSSR        : 6.72855e+16       delta(WSSR)/WSSR   : 0
 delta(WSSR) : 0                 limit for stopping : 1e-05
 lambda	  : 4.82611e+07

initial set of free parameter values

a               = 1
b               = 1
c               = 1

After 11 iterations the fit converged.
final sum of squares of residuals : 1.30814e+11
rel. change during last iteration : -2.51922e-11

degrees of freedom    (FIT_NDF)                        : 8
rms of residuals      (FIT_STDFIT) = sqrt(WSSR/ndf)    : 127874
variance of residuals (reduced chisquare) = WSSR/ndf   : 1.63518e+10

Final set of parameters            Asymptotic Standard Error
=======================            ==========================

a               = 0.0693867        +/- 0.001813     (2.613%)
b               = -80.801          +/- 28.7         (35.51%)
c               = 70744.2          +/- 5.077e+04    (71.77%)


correlation matrix of the fit parameters:

               a      b      c      
a               1.000 
b              -0.961  1.000 
c               0.455 -0.566  1.000 


*******************************************************************************
Tue Jun 27 22:27:27 2017


FIT:    data read from 'vIntCrescenteP20.dat' using 1:2
        format = x:z
        #datapoints = 11
        residuals are weighted equally (unit weight)

function used for fitting: t(x)
fitted parameters initialized with current variable values



 Iteration 0
 WSSR        : 6.72855e+16       delta(WSSR)/WSSR   : 0
 delta(WSSR) : 0                 limit for stopping : 1e-05
 lambda	  : 4.82611e+07

initial set of free parameter values

a               = 1
b               = 1
c               = 1

After 11 iterations the fit converged.
final sum of squares of residuals : 1.30814e+11
rel. change during last iteration : -2.51922e-11

degrees of freedom    (FIT_NDF)                        : 8
rms of residuals      (FIT_STDFIT) = sqrt(WSSR/ndf)    : 127874
variance of residuals (reduced chisquare) = WSSR/ndf   : 1.63518e+10

Final set of parameters            Asymptotic Standard Error
=======================            ==========================

a               = 0.0693867        +/- 0.001813     (2.613%)
b               = -80.801          +/- 28.7         (35.51%)
c               = 70744.2          +/- 5.077e+04    (71.77%)


correlation matrix of the fit parameters:

               a      b      c      
a               1.000 
b              -0.961  1.000 
c               0.455 -0.566  1.000 
