

*******************************************************************************
Wed Aug  2 06:16:27 2017


FIT:    data read from 'Dados.dat' using 1:2
        format = x:z
        #datapoints = 11
        residuals are weighted equally (unit weight)

function used for fitting: t(x)
	t(x) = a*x + b
fitted parameters initialized with current variable values

iter      chisq       delta/lim  lambda   a             b            
   0 1.0754220800e+08   0.00e+00  4.03e+03    1.000000e+00   1.000000e+00
   7 2.6267835770e+06  -9.06e-07  4.03e-04    4.086516e-01   6.393492e+02

After 7 iterations the fit converged.
final sum of squares of residuals : 2.62678e+06
rel. change during last iteration : -9.05553e-12

degrees of freedom    (FIT_NDF)                        : 9
rms of residuals      (FIT_STDFIT) = sqrt(WSSR/ndf)    : 540.245
variance of residuals (reduced chisquare) = WSSR/ndf   : 291865

Final set of parameters            Asymptotic Standard Error
=======================            ==========================
a               = 0.408652         +/- 0.03348      (8.193%)
b               = 639.349          +/- 191          (29.87%)

correlation matrix of the fit parameters:
                a      b      
a               1.000 
b              -0.522  1.000 
