

*******************************************************************************
Tue Jun 27 20:18:43 2017


FIT:    data read from 'vIntCrescenteP20.dat' using 1:2
        format = x:z
        #datapoints = 11
        residuals are weighted equally (unit weight)

function used for fitting: t(x)
fitted parameters initialized with current variable values



 Iteration 0
 WSSR        : 5.92575e+16       delta(WSSR)/WSSR   : 0
 delta(WSSR) : 0                 limit for stopping : 1e-05
 lambda	  : 4.82611e+07

initial set of free parameter values

a               = 1
b               = 1
c               = 1

After 10 iterations the fit converged.
final sum of squares of residuals : 1.26779e+10
rel. change during last iteration : -4.86309e-07

degrees of freedom    (FIT_NDF)                        : 8
rms of residuals      (FIT_STDFIT) = sqrt(WSSR/ndf)    : 39808.8
variance of residuals (reduced chisquare) = WSSR/ndf   : 1.58474e+09

Final set of parameters            Asymptotic Standard Error
=======================            ==========================

a               = 0.120557         +/- 0.0005645    (0.4682%)
b               = 22.4377          +/- 8.933        (39.81%)
c               = -1122.07         +/- 1.581e+04    (1409%)


correlation matrix of the fit parameters:

               a      b      c      
a               1.000 
b              -0.961  1.000 
c               0.455 -0.566  1.000 


*******************************************************************************
Wed Jun 28 21:42:42 2017


FIT:    data read from 'vIntCrescenteP20.dat' using 1:2
        format = x:z
        #datapoints = 11
        residuals are weighted equally (unit weight)

function used for fitting: t(x)
fitted parameters initialized with current variable values



 Iteration 0
 WSSR        : 5.92575e+16       delta(WSSR)/WSSR   : 0
 delta(WSSR) : 0                 limit for stopping : 1e-05
 lambda	  : 4.82611e+07

initial set of free parameter values

a               = 1
b               = 1
c               = 1

After 10 iterations the fit converged.
final sum of squares of residuals : 1.26779e+10
rel. change during last iteration : -4.86309e-07

degrees of freedom    (FIT_NDF)                        : 8
rms of residuals      (FIT_STDFIT) = sqrt(WSSR/ndf)    : 39808.8
variance of residuals (reduced chisquare) = WSSR/ndf   : 1.58474e+09

Final set of parameters            Asymptotic Standard Error
=======================            ==========================

a               = 0.120557         +/- 0.0005645    (0.4682%)
b               = 22.4377          +/- 8.933        (39.81%)
c               = -1122.07         +/- 1.581e+04    (1409%)


correlation matrix of the fit parameters:

               a      b      c      
a               1.000 
b              -0.961  1.000 
c               0.455 -0.566  1.000 
