

*******************************************************************************
Tue Jun 27 21:51:28 2017


FIT:    data read from 'vIntCrescente.dat' using 1:2
        format = x:z
        #datapoints = 11
        residuals are weighted equally (unit weight)

function used for fitting: t(x)
fitted parameters initialized with current variable values



 Iteration 0
 WSSR        : 7.68043e+16       delta(WSSR)/WSSR   : 0
 delta(WSSR) : 0                 limit for stopping : 1e-05
 lambda	  : 4.82611e+07

initial set of free parameter values

a               = 1
b               = 1
c               = 1

After 10 iterations the fit converged.
final sum of squares of residuals : 7.04615e+07
rel. change during last iteration : -2.70777e-07

degrees of freedom    (FIT_NDF)                        : 8
rms of residuals      (FIT_STDFIT) = sqrt(WSSR/ndf)    : 2967.77
variance of residuals (reduced chisquare) = WSSR/ndf   : 8.80768e+06

Final set of parameters            Asymptotic Standard Error
=======================            ==========================

a               = -0.000157988     +/- 4.208e-05    (26.64%)
b               = 9.10996          +/- 0.666        (7.31%)
c               = -61.4732         +/- 1178         (1917%)


correlation matrix of the fit parameters:

               a      b      c      
a               1.000 
b              -0.961  1.000 
c               0.455 -0.566  1.000 


*******************************************************************************
Tue Jun 27 23:15:41 2017


FIT:    data read from 'vIntCrescente.dat' using 1:2
        format = x:z
        #datapoints = 11
        residuals are weighted equally (unit weight)

function used for fitting: t(x)
	t(x) = a*x**2 + b*x + c
fitted parameters initialized with current variable values

iter      chisq       delta/lim  lambda   a             b             c            
   0 7.6804250570e+16   0.00e+00  4.83e+07    1.000000e+00   1.000000e+00   1.000000e+00
  10 7.0461453777e+07  -2.71e-02  4.83e-03   -1.579880e-04   9.109957e+00  -6.147318e+01

After 10 iterations the fit converged.
final sum of squares of residuals : 7.04615e+07
rel. change during last iteration : -2.70777e-07

degrees of freedom    (FIT_NDF)                        : 8
rms of residuals      (FIT_STDFIT) = sqrt(WSSR/ndf)    : 2967.77
variance of residuals (reduced chisquare) = WSSR/ndf   : 8.80768e+06

Final set of parameters            Asymptotic Standard Error
=======================            ==========================
a               = -0.000157988     +/- 4.208e-05    (26.64%)
b               = 9.10996          +/- 0.666        (7.31%)
c               = -61.4732         +/- 1178         (1917%)

correlation matrix of the fit parameters:
                a      b      c      
a               1.000 
b              -0.961  1.000 
c               0.455 -0.566  1.000 


*******************************************************************************
Wed Jun 28 00:56:01 2017


FIT:    data read from 'vIntCrescente.dat' using 1:2
        format = x:z
        #datapoints = 11
        residuals are weighted equally (unit weight)

function used for fitting: t(x)
	t(x) = a*x + b
fitted parameters initialized with current variable values

iter      chisq       delta/lim  lambda   a             b            
   0 1.2623100726e+10   0.00e+00  4.03e+03    1.000000e+00   1.000000e+00
   7 1.9459926766e+08  -1.14e-07  4.03e-04    6.706935e+00   1.952859e+03

After 7 iterations the fit converged.
final sum of squares of residuals : 1.94599e+08
rel. change during last iteration : -1.14217e-12

degrees of freedom    (FIT_NDF)                        : 9
rms of residuals      (FIT_STDFIT) = sqrt(WSSR/ndf)    : 4649.96
variance of residuals (reduced chisquare) = WSSR/ndf   : 2.16221e+07

Final set of parameters            Asymptotic Standard Error
=======================            ==========================
a               = 6.70694          +/- 0.2882       (4.296%)
b               = 1952.86          +/- 1644         (84.17%)

correlation matrix of the fit parameters:
                a      b      
a               1.000 
b              -0.522  1.000 
