

*******************************************************************************
Wed Aug  2 06:13:40 2017


FIT:    data read from 'Dados.dat' using 1:2
        format = x:z
        #datapoints = 11
        residuals are weighted equally (unit weight)

function used for fitting: t(x)
	t(x) = a*x + b
fitted parameters initialized with current variable values

iter      chisq       delta/lim  lambda   a             b            
   0 1.4805806000e+07   0.00e+00  4.03e+03    1.000000e+00   1.000000e+00
   6 9.0395023826e+06  -1.84e-01  4.03e-03    8.641777e-01   1.095862e+02

After 6 iterations the fit converged.
final sum of squares of residuals : 9.0395e+06
rel. change during last iteration : -1.84329e-06

degrees of freedom    (FIT_NDF)                        : 9
rms of residuals      (FIT_STDFIT) = sqrt(WSSR/ndf)    : 1002.19
variance of residuals (reduced chisquare) = WSSR/ndf   : 1.00439e+06

Final set of parameters            Asymptotic Standard Error
=======================            ==========================
a               = 0.864178         +/- 0.06211      (7.187%)
b               = 109.586          +/- 354.3        (323.3%)

correlation matrix of the fit parameters:
                a      b      
a               1.000 
b              -0.522  1.000 
